<?xml version="1.0" encoding="UTF-8"?>
<coverage generated="1655143998813" clover="3.2.0">
  <project timestamp="1655143998814" name="All files">
    <metrics statements="1164" coveredstatements="973" conditionals="773" coveredconditionals="554" methods="400" coveredmethods="340" elements="2337" coveredelements="1867" complexity="0" loc="1164" ncloc="1164" packages="11" files="97" classes="97"/>
    <package name="src">
      <metrics statements="0" coveredstatements="0" conditionals="0" coveredconditionals="0" methods="0" coveredmethods="0"/>
      <file name="index.ts" path="/Users/oshi/answers-react-components/src/index.ts">
        <metrics statements="0" coveredstatements="0" conditionals="0" coveredconditionals="0" methods="0" coveredmethods="0"/>
      </file>
    </package>
    <package name="src.components">
      <metrics statements="414" coveredstatements="353" conditionals="328" coveredconditionals="240" methods="164" coveredmethods="136"/>
      <file name="AlternativeVerticals.tsx" path="/Users/oshi/answers-react-components/src/components/AlternativeVerticals.tsx">
        <metrics statements="24" coveredstatements="1" conditionals="21" coveredconditionals="0" methods="14" coveredmethods="0"/>
        <line num="29" count="4" type="stmt"/>
        <line num="50" count="0" type="cond" truecount="0" falsecount="2"/>
        <line num="106" count="0" type="stmt"/>
        <line num="108" count="0" type="cond" truecount="0" falsecount="2"/>
        <line num="110" count="0" type="cond" truecount="0" falsecount="2"/>
        <line num="111" count="0" type="stmt"/>
        <line num="113" count="0" type="stmt"/>
        <line num="114" count="0" type="cond" truecount="0" falsecount="2"/>
        <line num="116" count="0" type="stmt"/>
        <line num="117" count="0" type="stmt"/>
        <line num="121" count="0" type="cond" truecount="0" falsecount="2"/>
        <line num="124" count="0" type="cond" truecount="0" falsecount="2"/>
        <line num="133" count="0" type="stmt"/>
        <line num="135" count="0" type="stmt"/>
        <line num="138" count="0" type="stmt"/>
        <line num="145" count="0" type="stmt"/>
        <line num="148" count="0" type="cond" truecount="0" falsecount="2"/>
        <line num="149" count="0" type="stmt"/>
        <line num="152" count="0" type="stmt"/>
        <line num="177" count="0" type="stmt"/>
        <line num="188" count="0" type="stmt"/>
        <line num="189" count="0" type="stmt"/>
        <line num="200" count="0" type="stmt"/>
        <line num="201" count="0" type="stmt"/>
      </file>
      <file name="AnalyticsProvider.tsx" path="/Users/oshi/answers-react-components/src/components/AnalyticsProvider.tsx">
        <metrics statements="3" coveredstatements="0" conditionals="0" coveredconditionals="0" methods="1" coveredmethods="0"/>
        <line num="14" count="0" type="stmt"/>
        <line num="15" count="0" type="stmt"/>
        <line num="17" count="0" type="stmt"/>
      </file>
      <file name="AppliedFilters.tsx" path="/Users/oshi/answers-react-components/src/components/AppliedFilters.tsx">
        <metrics statements="11" coveredstatements="11" conditionals="14" coveredconditionals="10" methods="6" coveredmethods="6"/>
        <line num="26" count="5" type="stmt"/>
        <line num="63" count="13" type="stmt"/>
        <line num="64" count="13" type="stmt"/>
        <line num="65" count="13" type="stmt"/>
        <line num="66" count="13" type="stmt"/>
        <line num="73" count="13" type="stmt"/>
        <line num="75" count="13" type="stmt"/>
        <line num="76" count="13" type="stmt"/>
        <line num="92" count="13" type="stmt"/>
        <line num="93" count="13" type="stmt"/>
        <line num="96" count="13" type="stmt"/>
      </file>
      <file name="AppliedFiltersDisplay.tsx" path="/Users/oshi/answers-react-components/src/components/AppliedFiltersDisplay.tsx">
        <metrics statements="47" coveredstatements="45" conditionals="19" coveredconditionals="15" methods="17" coveredmethods="17"/>
        <line num="48" count="15" type="stmt"/>
        <line num="49" count="15" type="stmt"/>
        <line num="50" count="15" type="stmt"/>
        <line num="52" count="15" type="stmt"/>
        <line num="53" count="1" type="stmt"/>
        <line num="54" count="1" type="stmt"/>
        <line num="55" count="1" type="stmt"/>
        <line num="56" count="2" type="stmt"/>
        <line num="61" count="1" type="stmt"/>
        <line num="64" count="15" type="stmt"/>
        <line num="66" count="15" type="cond" truecount="2" falsecount="0"/>
        <line num="67" count="1" type="stmt"/>
        <line num="70" count="14" type="stmt"/>
        <line num="71" count="1" type="stmt"/>
        <line num="72" count="1" type="cond" truecount="1" falsecount="1"/>
        <line num="73" count="0" type="stmt"/>
        <line num="74" count="0" type="stmt"/>
        <line num="76" count="1" type="stmt"/>
        <line num="77" count="1" type="stmt"/>
        <line num="78" count="1" type="stmt"/>
        <line num="81" count="14" type="stmt"/>
        <line num="82" count="2" type="stmt"/>
        <line num="85" count="2" type="stmt"/>
        <line num="86" count="6" type="stmt"/>
        <line num="88" count="6" type="cond" truecount="2" falsecount="0"/>
        <line num="89" count="2" type="stmt"/>
        <line num="96" count="2" type="stmt"/>
        <line num="97" count="2" type="stmt"/>
        <line num="98" count="5" type="stmt"/>
        <line num="100" count="2" type="cond" truecount="2" falsecount="0"/>
        <line num="105" count="2" type="stmt"/>
        <line num="106" count="2" type="stmt"/>
        <line num="107" count="2" type="stmt"/>
        <line num="110" count="14" type="stmt"/>
        <line num="111" count="1" type="stmt"/>
        <line num="112" count="1" type="stmt"/>
        <line num="113" count="1" type="stmt"/>
        <line num="117" count="14" type="stmt"/>
        <line num="118" count="28" type="stmt"/>
        <line num="119" count="23" type="stmt"/>
        <line num="127" count="14" type="stmt"/>
        <line num="128" count="14" type="stmt"/>
        <line num="131" count="14" type="stmt"/>
        <line num="134" count="16" type="stmt"/>
        <line num="159" count="39" type="stmt"/>
        <line num="160" count="39" type="stmt"/>
        <line num="177" count="14" type="stmt"/>
      </file>
      <file name="ApplyFiltersButton.tsx" path="/Users/oshi/answers-react-components/src/components/ApplyFiltersButton.tsx">
        <metrics statements="6" coveredstatements="1" conditionals="1" coveredconditionals="0" methods="2" coveredmethods="0"/>
        <line num="27" count="4" type="stmt"/>
        <line num="45" count="0" type="stmt"/>
        <line num="46" count="0" type="stmt"/>
        <line num="47" count="0" type="stmt"/>
        <line num="48" count="0" type="stmt"/>
        <line num="51" count="0" type="stmt"/>
      </file>
      <file name="DirectAnswer.tsx" path="/Users/oshi/answers-react-components/src/components/DirectAnswer.tsx">
        <metrics statements="19" coveredstatements="19" conditionals="24" coveredconditionals="23" methods="5" coveredmethods="5"/>
        <line num="44" count="5" type="stmt"/>
        <line num="70" count="13" type="stmt"/>
        <line num="71" count="13" type="cond" truecount="2" falsecount="0"/>
        <line num="72" count="13" type="stmt"/>
        <line num="74" count="13" type="stmt"/>
        <line num="75" count="13" type="stmt"/>
        <line num="77" count="13" type="cond" truecount="2" falsecount="0"/>
        <line num="78" count="1" type="stmt"/>
        <line num="81" count="12" type="stmt"/>
        <line num="82" count="12" type="cond" truecount="2" falsecount="0"/>
        <line num="85" count="12" type="cond" truecount="2" falsecount="0"/>
        <line num="88" count="12" type="stmt"/>
        <line num="91" count="12" type="stmt"/>
        <line num="92" count="12" type="stmt"/>
        <line num="94" count="12" type="stmt"/>
        <line num="117" count="12" type="stmt"/>
        <line num="121" count="12" type="stmt"/>
        <line num="140" count="12" type="stmt"/>
        <line num="141" count="12" type="stmt"/>
      </file>
      <file name="FilterGroup.tsx" path="/Users/oshi/answers-react-components/src/components/FilterGroup.tsx">
        <metrics statements="6" coveredstatements="6" conditionals="19" coveredconditionals="15" methods="4" coveredmethods="4"/>
        <line num="62" count="23" type="stmt"/>
        <line num="63" count="23" type="stmt"/>
        <line num="64" count="23" type="stmt"/>
        <line num="73" count="23" type="cond" truecount="2" falsecount="0"/>
        <line num="80" count="23" type="stmt"/>
        <line num="89" count="68" type="stmt"/>
      </file>
      <file name="FilterSearch.tsx" path="/Users/oshi/answers-react-components/src/components/FilterSearch.tsx">
        <metrics statements="35" coveredstatements="34" conditionals="18" coveredconditionals="16" methods="18" coveredmethods="17"/>
        <line num="30" count="5" type="stmt"/>
        <line num="71" count="26" type="stmt"/>
        <line num="72" count="26" type="stmt"/>
        <line num="73" count="26" type="stmt"/>
        <line num="75" count="26" type="stmt"/>
        <line num="80" count="26" type="stmt"/>
        <line num="81" count="15" type="cond" truecount="1" falsecount="1"/>
        <line num="82" count="0" type="stmt"/>
        <line num="84" count="26" type="stmt"/>
        <line num="85" count="24" type="cond" truecount="2" falsecount="0"/>
        <line num="88" count="26" type="stmt"/>
        <line num="90" count="26" type="stmt"/>
        <line num="91" count="2" type="stmt"/>
        <line num="92" count="2" type="stmt"/>
        <line num="93" count="2" type="cond" truecount="3" falsecount="1"/>
        <line num="94" count="2" type="stmt"/>
        <line num="95" count="2" type="stmt"/>
        <line num="96" count="2" type="stmt"/>
        <line num="100" count="26" type="stmt"/>
        <line num="101" count="26" type="stmt"/>
        <line num="103" count="26" type="stmt"/>
        <line num="104" count="24" type="stmt"/>
        <line num="105" count="30" type="stmt"/>
        <line num="113" count="12" type="stmt"/>
        <line num="114" count="22" type="stmt"/>
        <line num="123" count="36" type="stmt"/>
        <line num="138" count="26" type="stmt"/>
        <line num="169" count="26" type="stmt"/>
        <line num="174" count="26" type="cond" truecount="2" falsecount="0"/>
        <line num="175" count="14" type="stmt"/>
        <line num="177" count="12" type="stmt"/>
        <line num="178" count="22" type="cond" truecount="2" falsecount="0"/>
        <line num="181" count="22" type="stmt"/>
        <line num="187" count="12" type="stmt"/>
        <line num="188" count="12" type="stmt"/>
      </file>
      <file name="HierarchicalFacets.tsx" path="/Users/oshi/answers-react-components/src/components/HierarchicalFacets.tsx">
        <metrics statements="5" coveredstatements="4" conditionals="12" coveredconditionals="8" methods="5" coveredmethods="4"/>
        <line num="56" count="6" type="stmt"/>
        <line num="58" count="6" type="stmt"/>
        <line num="59" count="6" type="cond" truecount="2" falsecount="0"/>
        <line num="61" count="6" type="stmt"/>
        <line num="89" count="0" type="stmt"/>
      </file>
      <file name="LocationBias.tsx" path="/Users/oshi/answers-react-components/src/components/LocationBias.tsx">
        <metrics statements="15" coveredstatements="14" conditionals="10" coveredconditionals="9" methods="3" coveredmethods="3"/>
        <line num="21" count="5" type="stmt"/>
        <line num="54" count="10" type="stmt"/>
        <line num="55" count="10" type="stmt"/>
        <line num="56" count="10" type="stmt"/>
        <line num="57" count="10" type="stmt"/>
        <line num="59" count="10" type="cond" truecount="2" falsecount="0"/>
        <line num="62" count="9" type="cond" truecount="2" falsecount="0"/>
        <line num="67" count="2" type="stmt"/>
        <line num="68" count="2" type="stmt"/>
        <line num="69" count="2" type="stmt"/>
        <line num="70" count="2" type="stmt"/>
        <line num="75" count="0" type="stmt"/>
        <line num="77" count="2" type="stmt"/>
        <line num="79" count="2" type="stmt"/>
        <line num="82" count="9" type="stmt"/>
      </file>
      <file name="NumericalFacets.tsx" path="/Users/oshi/answers-react-components/src/components/NumericalFacets.tsx">
        <metrics statements="10" coveredstatements="10" conditionals="11" coveredconditionals="11" methods="7" coveredmethods="7"/>
        <line num="45" count="4" type="stmt"/>
        <line num="63" count="6" type="stmt"/>
        <line num="64" count="6" type="stmt"/>
        <line num="65" count="6" type="stmt"/>
        <line num="72" count="6" type="stmt"/>
        <line num="74" count="6" type="stmt"/>
        <line num="75" count="11" type="cond" truecount="3" falsecount="0"/>
        <line num="78" count="6" type="stmt"/>
        <line num="103" count="11" type="cond" truecount="2" falsecount="0"/>
        <line num="107" count="5" type="stmt"/>
      </file>
      <file name="Pagination.tsx" path="/Users/oshi/answers-react-components/src/components/Pagination.tsx">
        <metrics statements="47" coveredstatements="45" conditionals="29" coveredconditionals="24" methods="13" coveredmethods="12"/>
        <line num="41" count="5" type="stmt"/>
        <line num="60" count="6" type="cond" truecount="1" falsecount="1"/>
        <line num="61" count="6" type="stmt"/>
        <line num="62" count="6" type="stmt"/>
        <line num="63" count="6" type="cond" truecount="2" falsecount="0"/>
        <line num="65" count="6" type="cond" truecount="2" falsecount="0"/>
        <line num="66" count="6" type="stmt"/>
        <line num="68" count="6" type="stmt"/>
        <line num="69" count="6" type="cond" truecount="4" falsecount="0"/>
        <line num="70" count="2" type="stmt"/>
        <line num="73" count="6" type="cond" truecount="2" falsecount="0"/>
        <line num="74" count="6" type="cond" truecount="2" falsecount="0"/>
        <line num="75" count="6" type="stmt"/>
        <line num="76" count="6" type="stmt"/>
        <line num="78" count="6" type="stmt"/>
        <line num="79" count="6" type="stmt"/>
        <line num="80" count="1" type="stmt"/>
        <line num="81" count="1" type="stmt"/>
        <line num="82" count="1" type="stmt"/>
        <line num="83" count="1" type="stmt"/>
        <line num="86" count="6" type="cond" truecount="2" falsecount="0"/>
        <line num="87" count="3" type="stmt"/>
        <line num="90" count="3" type="stmt"/>
        <line num="91" count="3" type="stmt"/>
        <line num="95" count="3" type="stmt"/>
        <line num="108" count="11" type="cond" truecount="3" falsecount="0"/>
        <line num="110" count="2" type="stmt"/>
        <line num="119" count="3" type="stmt"/>
        <line num="130" count="6" type="stmt"/>
        <line num="165" count="15" type="stmt"/>
        <line num="166" count="15" type="stmt"/>
        <line num="167" count="1" type="stmt"/>
        <line num="170" count="15" type="stmt"/>
        <line num="183" count="3" type="stmt"/>
        <line num="184" count="3" type="stmt"/>
        <line num="185" count="3" type="stmt"/>
        <line num="187" count="3" type="cond" truecount="1" falsecount="1"/>
        <line num="188" count="0" type="stmt"/>
        <line num="189" count="3" type="cond" truecount="1" falsecount="1"/>
        <line num="190" count="0" type="stmt"/>
        <line num="192" count="3" type="stmt"/>
        <line num="193" count="3" type="cond" truecount="2" falsecount="0"/>
        <line num="194" count="2" type="stmt"/>
        <line num="195" count="1" type="cond" truecount="1" falsecount="1"/>
        <line num="196" count="1" type="stmt"/>
        <line num="197" count="2" type="stmt"/>
        <line num="199" count="3" type="stmt"/>
      </file>
      <file name="ResultsCount.tsx" path="/Users/oshi/answers-react-components/src/components/ResultsCount.tsx">
        <metrics statements="18" coveredstatements="1" conditionals="12" coveredconditionals="0" methods="7" coveredmethods="0"/>
        <line num="31" count="4" type="stmt"/>
        <line num="44" count="0" type="stmt"/>
        <line num="45" count="0" type="stmt"/>
        <line num="46" count="0" type="stmt"/>
        <line num="48" count="0" type="stmt"/>
        <line num="51" count="0" type="stmt"/>
        <line num="58" count="0" type="stmt"/>
        <line num="59" count="0" type="cond" truecount="0" falsecount="2"/>
        <line num="60" count="0" type="stmt"/>
        <line num="61" count="0" type="cond" truecount="0" falsecount="2"/>
        <line num="62" count="0" type="cond" truecount="0" falsecount="2"/>
        <line num="63" count="0" type="stmt"/>
        <line num="65" count="0" type="cond" truecount="0" falsecount="2"/>
        <line num="68" count="0" type="cond" truecount="0" falsecount="2"/>
        <line num="69" count="0" type="stmt"/>
        <line num="71" count="0" type="stmt"/>
        <line num="76" count="0" type="stmt"/>
        <line num="80" count="0" type="stmt"/>
      </file>
      <file name="ScreenReader.tsx" path="/Users/oshi/answers-react-components/src/components/ScreenReader.tsx">
        <metrics statements="1" coveredstatements="1" conditionals="0" coveredconditionals="0" methods="1" coveredmethods="1"/>
        <line num="15" count="236" type="stmt"/>
      </file>
      <file name="SearchBar.tsx" path="/Users/oshi/answers-react-components/src/components/SearchBar.tsx">
        <metrics statements="95" coveredstatements="91" conditionals="79" coveredconditionals="59" methods="30" coveredmethods="29"/>
        <line num="43" count="5" type="stmt"/>
        <line num="190" count="126" type="cond" truecount="2" falsecount="0"/>
        <line num="191" count="126" type="stmt"/>
        <line num="192" count="126" type="stmt"/>
        <line num="193" count="126" type="stmt"/>
        <line num="195" count="333" type="cond" truecount="2" falsecount="0"/>
        <line num="196" count="126" type="stmt"/>
        <line num="197" count="333" type="stmt"/>
        <line num="198" count="126" type="stmt"/>
        <line num="199" count="66" type="stmt"/>
        <line num="204" count="126" type="stmt"/>
        <line num="205" count="126" type="stmt"/>
        <line num="206" count="126" type="stmt"/>
        <line num="207" count="48" type="stmt"/>
        <line num="210" count="126" type="stmt"/>
        <line num="211" count="21" type="cond" truecount="2" falsecount="0"/>
        <line num="212" count="6" type="stmt"/>
        <line num="216" count="126" type="stmt"/>
        <line num="217" count="13" type="stmt"/>
        <line num="218" count="13" type="stmt"/>
        <line num="221" count="126" type="stmt"/>
        <line num="222" count="14" type="cond" truecount="2" falsecount="0"/>
        <line num="223" count="11" type="stmt"/>
        <line num="224" count="11" type="cond" truecount="2" falsecount="0"/>
        <line num="226" count="14" type="stmt"/>
        <line num="229" count="126" type="stmt"/>
        <line num="230" count="15" type="cond" truecount="2" falsecount="0"/>
        <line num="231" count="15" type="stmt"/>
        <line num="232" count="15" type="stmt"/>
        <line num="233" count="15" type="stmt"/>
        <line num="234" count="15" type="cond" truecount="5" falsecount="0"/>
        <line num="235" count="1" type="stmt"/>
        <line num="237" count="14" type="stmt"/>
        <line num="239" count="15" type="cond" truecount="5" falsecount="0"/>
        <line num="240" count="3" type="stmt"/>
        <line num="247" count="126" type="stmt"/>
        <line num="248" count="126" type="stmt"/>
        <line num="249" count="126" type="cond" truecount="1" falsecount="1"/>
        <line num="251" count="126" type="stmt"/>
        <line num="252" count="68" type="cond" truecount="2" falsecount="2"/>
        <line num="253" count="68" type="stmt"/>
        <line num="255" count="0" type="cond" truecount="0" falsecount="2"/>
        <line num="258" count="126" type="cond" truecount="0" falsecount="1"/>
        <line num="259" count="22" type="stmt"/>
        <line num="260" count="22" type="stmt"/>
        <line num="261" count="22" type="stmt"/>
        <line num="264" count="126" type="cond" truecount="0" falsecount="1"/>
        <line num="265" count="44" type="stmt"/>
        <line num="266" count="44" type="stmt"/>
        <line num="267" count="44" type="stmt"/>
        <line num="270" count="126" type="stmt"/>
        <line num="271" count="2" type="stmt"/>
        <line num="272" count="2" type="stmt"/>
        <line num="273" count="2" type="stmt"/>
        <line num="277" count="126" type="stmt"/>
        <line num="290" count="38" type="cond" truecount="2" falsecount="0"/>
        <line num="291" count="1" type="stmt"/>
        <line num="294" count="37" type="stmt"/>
        <line num="300" count="37" type="stmt"/>
        <line num="301" count="29" type="stmt"/>
        <line num="318" count="126" type="stmt"/>
        <line num="319" count="43" type="cond" truecount="2" falsecount="0"/>
        <line num="320" count="15" type="cond" truecount="2" falsecount="0"/>
        <line num="327" count="38" type="stmt"/>
        <line num="328" count="16" type="stmt"/>
        <line num="343" count="6" type="stmt"/>
        <line num="362" count="59" type="stmt"/>
        <line num="376" count="126" type="stmt"/>
        <line num="377" count="126" type="cond" truecount="1" falsecount="1"/>
        <line num="379" count="126" type="cond" truecount="4" falsecount="0"/>
        <line num="381" count="126" type="stmt"/>
        <line num="386" count="126" type="stmt"/>
        <line num="390" count="126" type="stmt"/>
        <line num="391" count="79" type="cond" truecount="2" falsecount="0"/>
        <line num="392" count="13" type="stmt"/>
        <line num="396" count="126" type="stmt"/>
        <line num="435" count="31" type="stmt"/>
        <line num="450" count="126" type="cond" truecount="2" falsecount="0"/>
        <line num="457" count="126" type="cond" truecount="1" falsecount="1"/>
        <line num="464" count="126" type="cond" truecount="2" falsecount="0"/>
        <line num="472" count="126" type="stmt"/>
        <line num="473" count="126" type="cond" truecount="2" falsecount="0"/>
        <line num="474" count="88" type="stmt"/>
        <line num="480" count="38" type="stmt"/>
        <line num="490" count="131" type="stmt"/>
        <line num="491" count="131" type="stmt"/>
        <line num="492" count="4" type="stmt"/>
        <line num="493" count="4" type="stmt"/>
        <line num="495" count="131" type="stmt"/>
        <line num="509" count="126" type="stmt"/>
        <line num="510" count="126" type="stmt"/>
        <line num="511" count="0" type="cond" truecount="0" falsecount="4"/>
        <line num="512" count="0" type="stmt"/>
        <line num="514" count="0" type="stmt"/>
        <line num="516" count="126" type="stmt"/>
      </file>
      <file name="SearchButton.tsx" path="/Users/oshi/answers-react-components/src/components/SearchButton.tsx">
        <metrics statements="1" coveredstatements="1" conditionals="0" coveredconditionals="0" methods="1" coveredmethods="1"/>
        <line num="9" count="131" type="stmt"/>
      </file>
      <file name="SpellCheck.tsx" path="/Users/oshi/answers-react-components/src/components/SpellCheck.tsx">
        <metrics statements="13" coveredstatements="12" conditionals="10" coveredconditionals="6" methods="5" coveredmethods="5"/>
        <line num="19" count="5" type="stmt"/>
        <line num="50" count="4" type="cond" truecount="1" falsecount="1"/>
        <line num="51" count="4" type="stmt"/>
        <line num="52" count="4" type="cond" truecount="1" falsecount="1"/>
        <line num="53" count="4" type="stmt"/>
        <line num="54" count="4" type="stmt"/>
        <line num="57" count="4" type="stmt"/>
        <line num="58" count="4" type="stmt"/>
        <line num="59" count="2" type="stmt"/>
        <line num="60" count="2" type="cond" truecount="2" falsecount="0"/>
        <line num="65" count="4" type="cond" truecount="1" falsecount="1"/>
        <line num="66" count="0" type="stmt"/>
        <line num="68" count="4" type="stmt"/>
      </file>
      <file name="StandardFacets.tsx" path="/Users/oshi/answers-react-components/src/components/StandardFacets.tsx">
        <metrics statements="7" coveredstatements="7" conditionals="9" coveredconditionals="9" methods="6" coveredmethods="6"/>
        <line num="53" count="6" type="cond" truecount="2" falsecount="0"/>
        <line num="54" count="6" type="stmt"/>
        <line num="56" count="6" type="stmt"/>
        <line num="57" count="12" type="cond" truecount="2" falsecount="0"/>
        <line num="59" count="6" type="stmt"/>
        <line num="78" count="12" type="cond" truecount="2" falsecount="0"/>
        <line num="82" count="6" type="stmt"/>
      </file>
      <file name="StaticFilters.tsx" path="/Users/oshi/answers-react-components/src/components/StaticFilters.tsx">
        <metrics statements="3" coveredstatements="3" conditionals="1" coveredconditionals="1" methods="1" coveredmethods="1"/>
        <line num="61" count="11" type="cond" truecount="1" falsecount="0"/>
        <line num="62" count="11" type="stmt"/>
        <line num="63" count="11" type="stmt"/>
      </file>
      <file name="ThumbsFeedback.tsx" path="/Users/oshi/answers-react-components/src/components/ThumbsFeedback.tsx">
        <metrics statements="13" coveredstatements="13" conditionals="4" coveredconditionals="4" methods="5" coveredmethods="5"/>
        <line num="40" count="7" type="stmt"/>
        <line num="60" count="16" type="stmt"/>
        <line num="61" count="16" type="stmt"/>
        <line num="62" count="16" type="stmt"/>
        <line num="64" count="16" type="stmt"/>
        <line num="65" count="2" type="stmt"/>
        <line num="66" count="2" type="stmt"/>
        <line num="69" count="16" type="stmt"/>
        <line num="70" count="2" type="stmt"/>
        <line num="71" count="2" type="stmt"/>
        <line num="75" count="16" type="stmt"/>
        <line num="76" count="12" type="stmt"/>
        <line num="79" count="16" type="stmt"/>
      </file>
      <file name="UniversalResults.tsx" path="/Users/oshi/answers-react-components/src/components/UniversalResults.tsx">
        <metrics statements="18" coveredstatements="17" conditionals="14" coveredconditionals="11" methods="6" coveredmethods="6"/>
        <line num="22" count="5" type="stmt"/>
        <line num="56" count="5" type="stmt"/>
        <line num="57" count="5" type="cond" truecount="1" falsecount="1"/>
        <line num="58" count="5" type="stmt"/>
        <line num="60" count="5" type="cond" truecount="1" falsecount="1"/>
        <line num="61" count="0" type="stmt"/>
        <line num="64" count="5" type="stmt"/>
        <line num="68" count="5" type="stmt"/>
        <line num="85" count="5" type="stmt"/>
        <line num="86" count="5" type="stmt"/>
        <line num="88" count="15" type="stmt"/>
        <line num="90" count="15" type="stmt"/>
        <line num="91" count="15" type="cond" truecount="2" falsecount="0"/>
        <line num="93" count="15" type="cond" truecount="2" falsecount="0"/>
        <line num="94" count="15" type="stmt"/>
        <line num="96" count="15" type="cond" truecount="2" falsecount="0"/>
        <line num="98" count="15" type="cond" truecount="2" falsecount="0"/>
        <line num="102" count="15" type="stmt"/>
      </file>
      <file name="VerticalResults.tsx" path="/Users/oshi/answers-react-components/src/components/VerticalResults.tsx">
        <metrics statements="8" coveredstatements="8" conditionals="12" coveredconditionals="12" methods="4" coveredmethods="4"/>
        <line num="44" count="7" type="cond" truecount="2" falsecount="0"/>
        <line num="45" count="7" type="cond" truecount="2" falsecount="0"/>
        <line num="47" count="7" type="cond" truecount="2" falsecount="0"/>
        <line num="48" count="7" type="stmt"/>
        <line num="50" count="7" type="stmt"/>
        <line num="51" count="7" type="cond" truecount="4" falsecount="0"/>
        <line num="52" count="2" type="stmt"/>
        <line num="55" count="7" type="stmt"/>
      </file>
      <file name="VerticalResultsDisplay.tsx" path="/Users/oshi/answers-react-components/src/components/VerticalResultsDisplay.tsx">
        <metrics statements="9" coveredstatements="9" conditionals="9" coveredconditionals="7" methods="3" coveredmethods="3"/>
        <line num="7" count="6" type="stmt"/>
        <line num="30" count="17" type="stmt"/>
        <line num="31" count="17" type="stmt"/>
        <line num="33" count="17" type="cond" truecount="2" falsecount="0"/>
        <line num="34" count="1" type="stmt"/>
        <line num="37" count="16" type="stmt"/>
        <line num="41" count="16" type="stmt"/>
        <line num="43" count="27" type="cond" truecount="2" falsecount="0"/>
        <line num="58" count="27" type="cond" truecount="1" falsecount="1"/>
      </file>
      <file name="index.ts" path="/Users/oshi/answers-react-components/src/components/index.ts">
        <metrics statements="0" coveredstatements="0" conditionals="0" coveredconditionals="0" methods="0" coveredmethods="0"/>
      </file>
    </package>
    <package name="src.components.Dropdown">
      <metrics statements="120" coveredstatements="112" conditionals="62" coveredconditionals="54" methods="24" coveredmethods="23"/>
      <file name="Dropdown.tsx" path="/Users/oshi/answers-react-components/src/components/Dropdown/Dropdown.tsx">
        <metrics statements="64" coveredstatements="60" conditionals="37" coveredconditionals="34" methods="12" coveredmethods="12"/>
        <line num="47" count="236" type="stmt"/>
        <line num="49" count="236" type="stmt"/>
        <line num="50" count="236" type="stmt"/>
        <line num="51" count="236" type="stmt"/>
        <line num="52" count="236" type="stmt"/>
        <line num="54" count="236" type="stmt"/>
        <line num="55" count="236" type="stmt"/>
        <line num="57" count="236" type="stmt"/>
        <line num="64" count="236" type="stmt"/>
        <line num="66" count="236" type="stmt"/>
        <line num="67" count="236" type="stmt"/>
        <line num="69" count="236" type="stmt"/>
        <line num="70" count="236" type="cond" truecount="4" falsecount="0"/>
        <line num="71" count="5" type="stmt"/>
        <line num="72" count="5" type="stmt"/>
        <line num="76" count="236" type="stmt"/>
        <line num="77" count="1" type="stmt"/>
        <line num="80" count="236" type="stmt"/>
        <line num="81" count="109" type="cond" truecount="4" falsecount="0"/>
        <line num="82" count="10" type="stmt"/>
        <line num="84" count="109" type="cond" truecount="2" falsecount="0"/>
        <line num="85" count="1" type="stmt"/>
        <line num="87" count="108" type="cond" truecount="2" falsecount="0"/>
        <line num="88" count="9" type="stmt"/>
        <line num="89" count="99" type="cond" truecount="2" falsecount="0"/>
        <line num="90" count="1" type="stmt"/>
        <line num="94" count="236" type="stmt"/>
        <line num="115" count="236" type="stmt"/>
        <line num="116" count="236" type="stmt"/>
        <line num="117" count="236" type="stmt"/>
        <line num="132" count="236" type="stmt"/>
        <line num="133" count="236" type="stmt"/>
        <line num="134" count="236" type="stmt"/>
        <line num="137" count="113" type="stmt"/>
        <line num="139" count="113" type="cond" truecount="5" falsecount="0"/>
        <line num="140" count="104" type="cond" truecount="2" falsecount="0"/>
        <line num="141" count="104" type="stmt"/>
        <line num="142" count="104" type="stmt"/>
        <line num="143" count="104" type="stmt"/>
        <line num="144" count="9" type="cond" truecount="1" falsecount="1"/>
        <line num="145" count="0" type="stmt"/>
        <line num="146" count="0" type="cond" truecount="0" falsecount="2"/>
        <line num="147" count="0" type="stmt"/>
        <line num="148" count="0" type="stmt"/>
        <line num="150" count="9" type="cond" truecount="2" falsecount="0"/>
        <line num="151" count="9" type="stmt"/>
        <line num="152" count="9" type="stmt"/>
        <line num="154" count="113" type="stmt"/>
        <line num="155" count="113" type="stmt"/>
        <line num="158" count="236" type="stmt"/>
        <line num="172" count="236" type="stmt"/>
        <line num="173" count="236" type="stmt"/>
        <line num="174" count="145" type="stmt"/>
        <line num="175" count="145" type="stmt"/>
        <line num="177" count="236" type="stmt"/>
        <line num="186" count="236" type="stmt"/>
        <line num="187" count="236" type="stmt"/>
        <line num="188" count="1851" type="cond" truecount="4" falsecount="0"/>
        <line num="189" count="1707" type="stmt"/>
        <line num="191" count="144" type="stmt"/>
        <line num="192" count="144" type="stmt"/>
        <line num="196" count="144" type="stmt"/>
        <line num="197" count="144" type="stmt"/>
        <line num="200" count="236" type="stmt"/>
      </file>
      <file name="DropdownContext.ts" path="/Users/oshi/answers-react-components/src/components/Dropdown/DropdownContext.ts">
        <metrics statements="5" coveredstatements="4" conditionals="2" coveredconditionals="1" methods="1" coveredmethods="1"/>
        <line num="13" count="7" type="stmt"/>
        <line num="16" count="623" type="stmt"/>
        <line num="17" count="623" type="cond" truecount="1" falsecount="1"/>
        <line num="18" count="0" type="stmt"/>
        <line num="20" count="623" type="stmt"/>
      </file>
      <file name="DropdownInput.tsx" path="/Users/oshi/answers-react-components/src/components/Dropdown/DropdownInput.tsx">
        <metrics statements="22" coveredstatements="22" conditionals="13" coveredconditionals="11" methods="4" coveredmethods="4"/>
        <line num="27" count="236" type="stmt"/>
        <line num="29" count="236" type="stmt"/>
        <line num="31" count="236" type="stmt"/>
        <line num="32" count="236" type="cond" truecount="0" falsecount="1"/>
        <line num="37" count="236" type="stmt"/>
        <line num="39" count="236" type="stmt"/>
        <line num="40" count="84" type="stmt"/>
        <line num="41" count="84" type="stmt"/>
        <line num="42" count="84" type="stmt"/>
        <line num="43" count="84" type="stmt"/>
        <line num="46" count="236" type="stmt"/>
        <line num="47" count="108" type="cond" truecount="5" falsecount="0"/>
        <line num="48" count="11" type="stmt"/>
        <line num="49" count="11" type="stmt"/>
        <line num="50" count="11" type="stmt"/>
        <line num="51" count="11" type="stmt"/>
        <line num="52" count="11" type="cond" truecount="2" falsecount="0"/>
        <line num="53" count="4" type="stmt"/>
        <line num="67" count="236" type="stmt"/>
        <line num="68" count="42" type="stmt"/>
        <line num="69" count="42" type="stmt"/>
        <line num="72" count="236" type="stmt"/>
      </file>
      <file name="DropdownItem.tsx" path="/Users/oshi/answers-react-components/src/components/Dropdown/DropdownItem.tsx">
        <metrics statements="14" coveredstatements="13" conditionals="4" coveredconditionals="4" methods="3" coveredmethods="2"/>
        <line num="31" count="0" type="stmt"/>
        <line num="42" count="120" type="stmt"/>
        <line num="44" count="120" type="stmt"/>
        <line num="45" count="120" type="stmt"/>
        <line num="46" count="120" type="stmt"/>
        <line num="48" count="120" type="stmt"/>
        <line num="50" count="120" type="stmt"/>
        <line num="51" count="3" type="stmt"/>
        <line num="52" count="3" type="stmt"/>
        <line num="53" count="3" type="stmt"/>
        <line num="54" count="3" type="stmt"/>
        <line num="55" count="3" type="stmt"/>
        <line num="56" count="3" type="stmt"/>
        <line num="69" count="120" type="stmt"/>
      </file>
      <file name="DropdownMenu.tsx" path="/Users/oshi/answers-react-components/src/components/Dropdown/DropdownMenu.tsx">
        <metrics statements="4" coveredstatements="4" conditionals="2" coveredconditionals="2" methods="1" coveredmethods="1"/>
        <line num="10" count="136" type="stmt"/>
        <line num="11" count="136" type="cond" truecount="2" falsecount="0"/>
        <line num="12" count="33" type="stmt"/>
        <line num="15" count="103" type="stmt"/>
      </file>
      <file name="FocusContext.ts" path="/Users/oshi/answers-react-components/src/components/Dropdown/FocusContext.ts">
        <metrics statements="5" coveredstatements="4" conditionals="2" coveredconditionals="1" methods="1" coveredmethods="1"/>
        <line num="20" count="7" type="stmt"/>
        <line num="23" count="356" type="stmt"/>
        <line num="24" count="356" type="cond" truecount="1" falsecount="1"/>
        <line num="25" count="0" type="stmt"/>
        <line num="27" count="356" type="stmt"/>
      </file>
      <file name="InputContext.tsx" path="/Users/oshi/answers-react-components/src/components/Dropdown/InputContext.tsx">
        <metrics statements="5" coveredstatements="4" conditionals="2" coveredconditionals="1" methods="1" coveredmethods="1"/>
        <line num="13" count="7" type="stmt"/>
        <line num="16" count="356" type="stmt"/>
        <line num="17" count="356" type="cond" truecount="1" falsecount="1"/>
        <line num="18" count="0" type="stmt"/>
        <line num="20" count="356" type="stmt"/>
      </file>
      <file name="generateDropdownId.ts" path="/Users/oshi/answers-react-components/src/components/Dropdown/generateDropdownId.ts">
        <metrics statements="1" coveredstatements="1" conditionals="0" coveredconditionals="0" methods="1" coveredmethods="1"/>
        <line num="9" count="592" type="stmt"/>
      </file>
    </package>
    <package name="src.components.Filters">
      <metrics statements="225" coveredstatements="193" conditionals="144" coveredconditionals="100" methods="72" coveredmethods="62"/>
      <file name="CheckboxOption.tsx" path="/Users/oshi/answers-react-components/src/components/Filters/CheckboxOption.tsx">
        <metrics statements="32" coveredstatements="30" conditionals="27" coveredconditionals="22" methods="7" coveredmethods="7"/>
        <line num="52" count="4" type="stmt"/>
        <line num="71" count="90" type="stmt"/>
        <line num="77" count="90" type="stmt"/>
        <line num="78" count="90" type="stmt"/>
        <line num="79" count="90" type="stmt"/>
        <line num="80" count="90" type="stmt"/>
        <line num="81" count="90" type="stmt"/>
        <line num="83" count="90" type="stmt"/>
        <line num="84" count="11" type="stmt"/>
        <line num="91" count="11" type="stmt"/>
        <line num="94" count="90" type="stmt"/>
        <line num="95" count="11" type="stmt"/>
        <line num="98" count="90" type="stmt"/>
        <line num="99" count="68" type="stmt"/>
        <line num="105" count="90" type="stmt"/>
        <line num="107" count="90" type="stmt"/>
        <line num="108" count="80" type="cond" truecount="1" falsecount="1"/>
        <line num="109" count="0" type="stmt"/>
        <line num="110" count="0" type="stmt"/>
        <line num="113" count="80" type="cond" truecount="2" falsecount="0"/>
        <line num="114" count="12" type="stmt"/>
        <line num="117" count="68" type="stmt"/>
        <line num="120" count="90" type="stmt"/>
        <line num="121" count="72" type="cond" truecount="2" falsecount="0"/>
        <line num="122" count="68" type="cond" truecount="4" falsecount="0"/>
        <line num="123" count="11" type="stmt"/>
        <line num="132" count="90" type="cond" truecount="2" falsecount="0"/>
        <line num="133" count="12" type="stmt"/>
        <line num="136" count="78" type="cond" truecount="2" falsecount="0"/>
        <line num="138" count="78" type="stmt"/>
        <line num="141" count="78" type="stmt"/>
        <line num="145" count="78" type="stmt"/>
      </file>
      <file name="CollapsibleLabel.tsx" path="/Users/oshi/answers-react-components/src/components/Filters/CollapsibleLabel.tsx">
        <metrics statements="3" coveredstatements="3" conditionals="0" coveredconditionals="0" methods="1" coveredmethods="1"/>
        <line num="26" count="28" type="stmt"/>
        <line num="27" count="28" type="stmt"/>
        <line num="31" count="28" type="stmt"/>
      </file>
      <file name="CollapsibleSection.tsx" path="/Users/oshi/answers-react-components/src/components/Filters/CollapsibleSection.tsx">
        <metrics statements="3" coveredstatements="3" conditionals="1" coveredconditionals="1" methods="1" coveredmethods="1"/>
        <line num="27" count="37" type="stmt"/>
        <line num="29" count="37" type="stmt"/>
        <line num="31" count="37" type="stmt"/>
      </file>
      <file name="FacetsProvider.tsx" path="/Users/oshi/answers-react-components/src/components/Filters/FacetsProvider.tsx">
        <metrics statements="18" coveredstatements="16" conditionals="10" coveredconditionals="8" methods="9" coveredmethods="9"/>
        <line num="50" count="18" type="stmt"/>
        <line num="51" count="18" type="stmt"/>
        <line num="52" count="18" type="cond" truecount="1" falsecount="1"/>
        <line num="53" count="18" type="stmt"/>
        <line num="54" count="29" type="stmt"/>
        <line num="55" count="70" type="stmt"/>
        <line num="65" count="18" type="stmt"/>
        <line num="66" count="18" type="stmt"/>
        <line num="68" count="21" type="cond" truecount="3" falsecount="1"/>
        <line num="69" count="0" type="stmt"/>
        <line num="70" count="0" type="stmt"/>
        <line num="72" count="21" type="stmt"/>
        <line num="76" count="21" type="stmt"/>
        <line num="79" count="12" type="cond" truecount="2" falsecount="0"/>
        <line num="80" count="11" type="stmt"/>
        <line num="81" count="11" type="stmt"/>
        <line num="82" count="11" type="stmt"/>
        <line num="89" count="18" type="stmt"/>
      </file>
      <file name="FilterGroupContext.ts" path="/Users/oshi/answers-react-components/src/components/Filters/FilterGroupContext.ts">
        <metrics statements="5" coveredstatements="4" conditionals="2" coveredconditionals="1" methods="1" coveredmethods="1"/>
        <line num="33" count="4" type="stmt"/>
        <line num="41" count="169" type="stmt"/>
        <line num="42" count="169" type="cond" truecount="1" falsecount="1"/>
        <line num="43" count="0" type="stmt"/>
        <line num="45" count="169" type="stmt"/>
      </file>
      <file name="FilterGroupProvider.tsx" path="/Users/oshi/answers-react-components/src/components/Filters/FilterGroupProvider.tsx">
        <metrics statements="7" coveredstatements="7" conditionals="1" coveredconditionals="0" methods="2" coveredmethods="2"/>
        <line num="36" count="37" type="stmt"/>
        <line num="38" count="37" type="stmt"/>
        <line num="39" count="37" type="stmt"/>
        <line num="40" count="37" type="stmt"/>
        <line num="41" count="37" type="stmt"/>
        <line num="42" count="37" type="stmt"/>
        <line num="61" count="37" type="stmt"/>
      </file>
      <file name="FiltersContext.ts" path="/Users/oshi/answers-react-components/src/components/Filters/FiltersContext.ts">
        <metrics statements="5" coveredstatements="4" conditionals="2" coveredconditionals="1" methods="1" coveredmethods="1"/>
        <line num="23" count="6" type="stmt"/>
        <line num="31" count="130" type="stmt"/>
        <line num="32" count="130" type="cond" truecount="1" falsecount="1"/>
        <line num="33" count="0" type="stmt"/>
        <line num="35" count="130" type="stmt"/>
      </file>
      <file name="HierarchicalFacetDisplay.tsx" path="/Users/oshi/answers-react-components/src/components/Filters/HierarchicalFacetDisplay.tsx">
        <metrics statements="79" coveredstatements="68" conditionals="29" coveredconditionals="23" methods="28" coveredmethods="22"/>
        <line num="42" count="6" type="stmt"/>
        <line num="53" count="6" type="stmt"/>
        <line num="69" count="6" type="stmt"/>
        <line num="70" count="6" type="stmt"/>
        <line num="71" count="6" type="stmt"/>
        <line num="72" count="6" type="stmt"/>
        <line num="73" count="6" type="stmt"/>
        <line num="74" count="0" type="stmt"/>
        <line num="79" count="6" type="stmt"/>
        <line num="80" count="6" type="stmt"/>
        <line num="82" count="6" type="stmt"/>
        <line num="83" count="18" type="stmt"/>
        <line num="84" count="19" type="stmt"/>
        <line num="86" count="18" type="cond" truecount="2" falsecount="0"/>
        <line num="87" count="24" type="stmt"/>
        <line num="89" count="18" type="cond" truecount="5" falsecount="0"/>
        <line num="90" count="6" type="stmt"/>
        <line num="91" count="6" type="cond" truecount="1" falsecount="1"/>
        <line num="92" count="0" type="stmt"/>
        <line num="94" count="6" type="stmt"/>
        <line num="97" count="12" type="cond" truecount="2" falsecount="0"/>
        <line num="98" count="12" type="cond" truecount="1" falsecount="1"/>
        <line num="99" count="0" type="stmt"/>
        <line num="101" count="12" type="stmt"/>
        <line num="103" count="12" type="stmt"/>
        <line num="106" count="6" type="stmt"/>
        <line num="110" count="6" type="stmt"/>
        <line num="122" count="6" type="cond" truecount="1" falsecount="1"/>
        <line num="123" count="6" type="stmt"/>
        <line num="124" count="12" type="stmt"/>
        <line num="131" count="24" type="stmt"/>
        <line num="137" count="0" type="stmt"/>
        <line num="146" count="12" type="stmt"/>
        <line num="153" count="12" type="cond" truecount="2" falsecount="0"/>
        <line num="154" count="11" type="stmt"/>
        <line num="156" count="1" type="stmt"/>
        <line num="160" count="6" type="stmt"/>
        <line num="177" count="6" type="stmt"/>
        <line num="178" count="6" type="stmt"/>
        <line num="179" count="0" type="stmt"/>
        <line num="180" count="0" type="stmt"/>
        <line num="181" count="0" type="stmt"/>
        <line num="182" count="0" type="stmt"/>
        <line num="183" count="0" type="stmt"/>
        <line num="186" count="17" type="cond" truecount="1" falsecount="1"/>
        <line num="187" count="6" type="stmt"/>
        <line num="197" count="0" type="stmt"/>
        <line num="211" count="12" type="stmt"/>
        <line num="212" count="12" type="stmt"/>
        <line num="213" count="12" type="stmt"/>
        <line num="214" count="12" type="stmt"/>
        <line num="215" count="2" type="stmt"/>
        <line num="220" count="2" type="stmt"/>
        <line num="225" count="2" type="stmt"/>
        <line num="226" count="2" type="cond" truecount="2" falsecount="0"/>
        <line num="231" count="2" type="stmt"/>
        <line num="232" count="2" type="stmt"/>
        <line num="244" count="12" type="stmt"/>
        <line num="261" count="11" type="stmt"/>
        <line num="263" count="11" type="stmt"/>
        <line num="264" count="7" type="stmt"/>
        <line num="265" count="7" type="stmt"/>
        <line num="266" count="5" type="stmt"/>
        <line num="271" count="5" type="stmt"/>
        <line num="275" count="11" type="stmt"/>
        <line num="276" count="2" type="stmt"/>
        <line num="281" count="2" type="stmt"/>
        <line num="282" count="2" type="stmt"/>
        <line num="283" count="2" type="stmt"/>
        <line num="286" count="11" type="stmt"/>
        <line num="300" count="1" type="stmt"/>
        <line num="301" count="1" type="stmt"/>
        <line num="302" count="1" type="stmt"/>
        <line num="307" count="1" type="stmt"/>
        <line num="308" count="1" type="cond" truecount="2" falsecount="0"/>
        <line num="313" count="1" type="stmt"/>
        <line num="314" count="1" type="stmt"/>
        <line num="324" count="1" type="stmt"/>
        <line num="340" count="0" type="stmt"/>
      </file>
      <file name="RangeInput.tsx" path="/Users/oshi/answers-react-components/src/components/Filters/RangeInput.tsx">
        <metrics statements="58" coveredstatements="43" conditionals="64" coveredconditionals="37" methods="15" coveredmethods="11"/>
        <line num="64" count="4" type="stmt"/>
        <line num="96" count="10" type="stmt"/>
        <line num="97" count="10" type="stmt"/>
        <line num="101" count="10" type="stmt"/>
        <line num="102" count="10" type="stmt"/>
        <line num="103" count="10" type="stmt"/>
        <line num="104" count="10" type="stmt"/>
        <line num="105" count="10" type="stmt"/>
        <line num="106" count="10" type="stmt"/>
        <line num="107" count="26" type="cond" truecount="2" falsecount="0"/>
        <line num="109" count="10" type="stmt"/>
        <line num="110" count="8" type="stmt"/>
        <line num="117" count="10" type="stmt"/>
        <line num="120" count="10" type="cond" truecount="2" falsecount="0"/>
        <line num="121" count="10" type="stmt"/>
        <line num="122" count="10" type="cond" truecount="2" falsecount="0"/>
        <line num="123" count="10" type="cond" truecount="2" falsecount="0"/>
        <line num="125" count="10" type="stmt"/>
        <line num="127" count="10" type="stmt"/>
        <line num="128" count="1" type="stmt"/>
        <line num="129" count="1" type="cond" truecount="2" falsecount="0"/>
        <line num="132" count="10" type="stmt"/>
        <line num="133" count="1" type="stmt"/>
        <line num="134" count="1" type="cond" truecount="2" falsecount="0"/>
        <line num="137" count="10" type="stmt"/>
        <line num="138" count="1" type="cond" truecount="2" falsecount="2"/>
        <line num="139" count="0" type="stmt"/>
        <line num="141" count="1" type="cond" truecount="1" falsecount="1"/>
        <line num="142" count="0" type="stmt"/>
        <line num="144" count="1" type="stmt"/>
        <line num="146" count="1" type="stmt"/>
        <line num="147" count="0" type="cond" truecount="0" falsecount="3"/>
        <line num="149" count="1" type="stmt"/>
        <line num="150" count="0" type="stmt"/>
        <line num="155" count="1" type="stmt"/>
        <line num="160" count="1" type="stmt"/>
        <line num="161" count="1" type="stmt"/>
        <line num="164" count="10" type="stmt"/>
        <line num="165" count="0" type="stmt"/>
        <line num="166" count="0" type="stmt"/>
        <line num="169" count="10" type="stmt"/>
        <line num="178" count="10" type="stmt"/>
        <line num="184" count="20" type="stmt"/>
        <line num="200" count="10" type="stmt"/>
        <line num="246" count="0" type="stmt"/>
        <line num="247" count="0" type="stmt"/>
        <line num="249" count="0" type="cond" truecount="0" falsecount="4"/>
        <line num="250" count="0" type="stmt"/>
        <line num="251" count="0" type="cond" truecount="0" falsecount="4"/>
        <line num="252" count="0" type="stmt"/>
        <line num="253" count="0" type="cond" truecount="0" falsecount="4"/>
        <line num="254" count="0" type="stmt"/>
        <line num="256" count="0" type="stmt"/>
        <line num="266" count="2" type="stmt"/>
        <line num="267" count="2" type="stmt"/>
        <line num="274" count="10" type="cond" truecount="4" falsecount="0"/>
        <line num="275" count="1" type="stmt"/>
        <line num="277" count="9" type="stmt"/>
      </file>
      <file name="SearchInput.tsx" path="/Users/oshi/answers-react-components/src/components/Filters/SearchInput.tsx">
        <metrics statements="5" coveredstatements="5" conditionals="2" coveredconditionals="2" methods="2" coveredmethods="2"/>
        <line num="28" count="4" type="stmt"/>
        <line num="29" count="4" type="stmt"/>
        <line num="30" count="4" type="stmt"/>
        <line num="31" count="3" type="stmt"/>
        <line num="34" count="4" type="stmt"/>
      </file>
      <file name="StaticFiltersProvider.tsx" path="/Users/oshi/answers-react-components/src/components/Filters/StaticFiltersProvider.tsx">
        <metrics statements="10" coveredstatements="10" conditionals="6" coveredconditionals="5" methods="5" coveredmethods="5"/>
        <line num="34" count="11" type="stmt"/>
        <line num="35" count="11" type="stmt"/>
        <line num="37" count="11" type="stmt"/>
        <line num="38" count="11" type="stmt"/>
        <line num="40" count="15" type="stmt"/>
        <line num="43" count="4" type="cond" truecount="2" falsecount="0"/>
        <line num="44" count="3" type="stmt"/>
        <line num="45" count="3" type="stmt"/>
        <line num="46" count="3" type="stmt"/>
        <line num="53" count="11" type="stmt"/>
      </file>
      <file name="index.ts" path="/Users/oshi/answers-react-components/src/components/Filters/index.ts">
        <metrics statements="0" coveredstatements="0" conditionals="0" coveredconditionals="0" methods="0" coveredmethods="0"/>
      </file>
    </package>
    <package name="src.components.cards.standard">
      <metrics statements="20" coveredstatements="18" conditionals="23" coveredconditionals="18" methods="6" coveredmethods="6"/>
      <file name="StandardCard.tsx" path="/Users/oshi/answers-react-components/src/components/cards/standard/StandardCard.tsx">
        <metrics statements="4" coveredstatements="4" conditionals="5" coveredconditionals="5" methods="1" coveredmethods="1"/>
        <line num="32" count="27" type="stmt"/>
        <line num="34" count="27" type="stmt"/>
        <line num="41" count="27" type="stmt"/>
        <line num="51" count="27" type="stmt"/>
      </file>
      <file name="StandardCardDisplay.tsx" path="/Users/oshi/answers-react-components/src/components/cards/standard/StandardCardDisplay.tsx">
        <metrics statements="16" coveredstatements="14" conditionals="18" coveredconditionals="13" methods="5" coveredmethods="5"/>
        <line num="32" count="6" type="stmt"/>
        <line num="85" count="27" type="stmt"/>
        <line num="86" count="27" type="stmt"/>
        <line num="89" count="27" type="stmt"/>
        <line num="91" count="27" type="stmt"/>
        <line num="101" count="27" type="cond" truecount="4" falsecount="0"/>
        <line num="102" count="17" type="stmt"/>
        <line num="112" count="10" type="stmt"/>
        <line num="116" count="27" type="cond" truecount="1" falsecount="1"/>
        <line num="117" count="27" type="stmt"/>
        <line num="124" count="0" type="stmt"/>
        <line num="128" count="27" type="cond" truecount="1" falsecount="1"/>
        <line num="129" count="0" type="stmt"/>
        <line num="138" count="27" type="stmt"/>
        <line num="141" count="27" type="stmt"/>
        <line num="161" count="6" type="stmt"/>
      </file>
    </package>
    <package name="src.components.sections">
      <metrics statements="25" coveredstatements="19" conditionals="19" coveredconditionals="14" methods="7" coveredmethods="6"/>
      <file name="SectionHeader.tsx" path="/Users/oshi/answers-react-components/src/components/sections/SectionHeader.tsx">
        <metrics statements="19" coveredstatements="13" conditionals="16" coveredconditionals="11" methods="6" coveredmethods="5"/>
        <line num="10" count="5" type="stmt"/>
        <line num="25" count="5" type="stmt"/>
        <line num="70" count="10" type="stmt"/>
        <line num="71" count="10" type="stmt"/>
        <line num="72" count="10" type="cond" truecount="2" falsecount="0"/>
        <line num="73" count="1" type="stmt"/>
        <line num="80" count="10" type="stmt"/>
        <line num="81" count="10" type="stmt"/>
        <line num="83" count="10" type="stmt"/>
        <line num="84" count="10" type="stmt"/>
        <line num="88" count="10" type="cond" truecount="2" falsecount="0"/>
        <line num="92" count="10" type="stmt"/>
        <line num="93" count="0" type="cond" truecount="0" falsecount="2"/>
        <line num="94" count="0" type="stmt"/>
        <line num="96" count="0" type="cond" truecount="0" falsecount="2"/>
        <line num="97" count="0" type="stmt"/>
        <line num="98" count="0" type="stmt"/>
        <line num="100" count="0" type="stmt"/>
        <line num="107" count="10" type="stmt"/>
      </file>
      <file name="StandardSection.tsx" path="/Users/oshi/answers-react-components/src/components/sections/StandardSection.tsx">
        <metrics statements="6" coveredstatements="6" conditionals="3" coveredconditionals="3" methods="1" coveredmethods="1"/>
        <line num="16" count="5" type="stmt"/>
        <line num="39" count="15" type="stmt"/>
        <line num="40" count="15" type="cond" truecount="1" falsecount="0"/>
        <line num="42" count="15" type="cond" truecount="2" falsecount="0"/>
        <line num="43" count="5" type="stmt"/>
        <line num="46" count="10" type="stmt"/>
      </file>
      <file name="index.ts" path="/Users/oshi/answers-react-components/src/components/sections/index.ts">
        <metrics statements="0" coveredstatements="0" conditionals="0" coveredconditionals="0" methods="0" coveredmethods="0"/>
      </file>
    </package>
    <package name="src.components.utils">
      <metrics statements="33" coveredstatements="32" conditionals="29" coveredconditionals="24" methods="6" coveredmethods="5"/>
      <file name="processTranslation.ts" path="/Users/oshi/answers-react-components/src/components/utils/processTranslation.ts">
        <metrics statements="3" coveredstatements="3" conditionals="5" coveredconditionals="5" methods="1" coveredmethods="1"/>
        <line num="6" count="174" type="cond" truecount="5" falsecount="0"/>
        <line num="7" count="133" type="stmt"/>
        <line num="9" count="41" type="stmt"/>
      </file>
      <file name="recursivelyMapChildren.ts" path="/Users/oshi/answers-react-components/src/components/utils/recursivelyMapChildren.ts">
        <metrics statements="11" coveredstatements="10" conditionals="8" coveredconditionals="7" methods="2" coveredmethods="2"/>
        <line num="10" count="1510" type="stmt"/>
        <line num="11" count="2342" type="cond" truecount="2" falsecount="0"/>
        <line num="12" count="491" type="stmt"/>
        <line num="14" count="1851" type="stmt"/>
        <line num="15" count="1851" type="cond" truecount="3" falsecount="1"/>
        <line num="16" count="0" type="stmt"/>
        <line num="18" count="1851" type="stmt"/>
        <line num="19" count="1851" type="cond" truecount="2" falsecount="0"/>
        <line num="20" count="703" type="stmt"/>
        <line num="22" count="1148" type="stmt"/>
        <line num="23" count="1148" type="stmt"/>
      </file>
      <file name="renderAutocompleteResult.tsx" path="/Users/oshi/answers-react-components/src/components/utils/renderAutocompleteResult.tsx">
        <metrics statements="2" coveredstatements="2" conditionals="5" coveredconditionals="4" methods="1" coveredmethods="1"/>
        <line num="16" count="6" type="stmt"/>
        <line num="32" count="87" type="stmt"/>
      </file>
      <file name="renderHighlightedValue.tsx" path="/Users/oshi/answers-react-components/src/components/utils/renderHighlightedValue.tsx">
        <metrics statements="17" coveredstatements="17" conditionals="11" coveredconditionals="8" methods="2" coveredmethods="1"/>
        <line num="3" count="9" type="stmt"/>
        <line num="32" count="147" type="cond" truecount="2" falsecount="0"/>
        <line num="36" count="147" type="stmt"/>
        <line num="37" count="147" type="cond" truecount="4" falsecount="0"/>
        <line num="38" count="141" type="stmt"/>
        <line num="40" count="6" type="stmt"/>
        <line num="41" count="6" type="stmt"/>
        <line num="42" count="6" type="stmt"/>
        <line num="43" count="6" type="stmt"/>
        <line num="44" count="6" type="stmt"/>
        <line num="45" count="6" type="cond" truecount="1" falsecount="1"/>
        <line num="46" count="6" type="stmt"/>
        <line num="50" count="6" type="stmt"/>
        <line num="53" count="6" type="stmt"/>
        <line num="55" count="6" type="cond" truecount="1" falsecount="1"/>
        <line num="56" count="6" type="stmt"/>
        <line num="60" count="6" type="stmt"/>
      </file>
    </package>
    <package name="src.hooks">
      <metrics statements="201" coveredstatements="150" conditionals="98" coveredconditionals="62" methods="57" coveredmethods="50"/>
      <file name="index.ts" path="/Users/oshi/answers-react-components/src/hooks/index.ts">
        <metrics statements="0" coveredstatements="0" conditionals="0" coveredconditionals="0" methods="0" coveredmethods="0"/>
      </file>
      <file name="useAnalytics.ts" path="/Users/oshi/answers-react-components/src/hooks/useAnalytics.ts">
        <metrics statements="2" coveredstatements="2" conditionals="0" coveredconditionals="0" methods="1" coveredmethods="1"/>
        <line num="4" count="7" type="stmt"/>
        <line num="12" count="215" type="stmt"/>
      </file>
      <file name="useCardAnalytics.ts" path="/Users/oshi/answers-react-components/src/hooks/useCardAnalytics.ts">
        <metrics statements="38" coveredstatements="28" conditionals="32" coveredconditionals="24" methods="7" coveredmethods="7"/>
        <line num="27" count="6" type="cond" truecount="2" falsecount="0"/>
        <line num="34" count="107" type="stmt"/>
        <line num="35" count="107" type="stmt"/>
        <line num="36" count="107" type="stmt"/>
        <line num="38" count="107" type="stmt"/>
        <line num="40" count="2" type="stmt"/>
        <line num="41" count="2" type="cond" truecount="1" falsecount="1"/>
        <line num="42" count="2" type="stmt"/>
        <line num="43" count="2" type="stmt"/>
        <line num="44" count="2" type="cond" truecount="2" falsecount="0"/>
        <line num="47" count="2" type="stmt"/>
        <line num="49" count="0" type="stmt"/>
        <line num="50" count="0" type="stmt"/>
        <line num="53" count="2" type="cond" truecount="1" falsecount="1"/>
        <line num="54" count="0" type="stmt"/>
        <line num="55" count="0" type="stmt"/>
        <line num="57" count="2" type="cond" truecount="1" falsecount="1"/>
        <line num="58" count="0" type="stmt"/>
        <line num="59" count="0" type="stmt"/>
        <line num="61" count="2" type="stmt"/>
        <line num="73" count="107" type="stmt"/>
        <line num="74" count="4" type="cond" truecount="1" falsecount="1"/>
        <line num="75" count="0" type="stmt"/>
        <line num="76" count="0" type="stmt"/>
        <line num="78" count="4" type="stmt"/>
        <line num="80" count="4" type="cond" truecount="1" falsecount="1"/>
        <line num="81" count="4" type="stmt"/>
        <line num="82" count="4" type="stmt"/>
        <line num="84" count="0" type="stmt"/>
        <line num="86" count="4" type="stmt"/>
        <line num="96" count="107" type="stmt"/>
        <line num="100" count="6" type="cond" truecount="1" falsecount="1"/>
        <line num="101" count="0" type="stmt"/>
        <line num="103" count="6" type="cond" truecount="4" falsecount="0"/>
        <line num="104" count="2" type="stmt"/>
        <line num="106" count="6" type="cond" truecount="4" falsecount="0"/>
        <line num="107" count="4" type="stmt"/>
        <line num="110" count="107" type="stmt"/>
      </file>
      <file name="useCardAnalyticsCallback.tsx" path="/Users/oshi/answers-react-components/src/hooks/useCardAnalyticsCallback.tsx">
        <metrics statements="3" coveredstatements="3" conditionals="0" coveredconditionals="0" methods="2" coveredmethods="2"/>
        <line num="17" count="67" type="stmt"/>
        <line num="18" count="67" type="stmt"/>
        <line num="19" count="2" type="stmt"/>
      </file>
      <file name="useCardFeedbackCallback.tsx" path="/Users/oshi/answers-react-components/src/hooks/useCardFeedbackCallback.tsx">
        <metrics statements="3" coveredstatements="3" conditionals="0" coveredconditionals="0" methods="2" coveredmethods="2"/>
        <line num="16" count="40" type="stmt"/>
        <line num="17" count="40" type="stmt"/>
        <line num="18" count="4" type="stmt"/>
      </file>
      <file name="useComponentMountStatus.tsx" path="/Users/oshi/answers-react-components/src/hooks/useComponentMountStatus.tsx">
        <metrics statements="5" coveredstatements="5" conditionals="0" coveredconditionals="0" methods="3" coveredmethods="3"/>
        <line num="10" count="278" type="stmt"/>
        <line num="11" count="278" type="stmt"/>
        <line num="12" count="55" type="stmt"/>
        <line num="13" count="55" type="stmt"/>
        <line num="16" count="278" type="stmt"/>
      </file>
      <file name="useComposedCssClasses.tsx" path="/Users/oshi/answers-react-components/src/hooks/useComposedCssClasses.tsx">
        <metrics statements="13" coveredstatements="13" conditionals="8" coveredconditionals="8" methods="4" coveredmethods="4"/>
        <line num="15" count="13" type="stmt"/>
        <line num="17" count="78" type="stmt"/>
        <line num="55" count="374" type="stmt"/>
        <line num="56" count="226" type="stmt"/>
        <line num="57" count="226" type="cond" truecount="2" falsecount="0"/>
        <line num="58" count="111" type="stmt"/>
        <line num="60" count="115" type="stmt"/>
        <line num="61" count="30" type="stmt"/>
        <line num="62" count="30" type="stmt"/>
        <line num="63" count="30" type="cond" truecount="4" falsecount="0"/>
        <line num="64" count="25" type="cond" truecount="2" falsecount="0"/>
        <line num="66" count="5" type="stmt"/>
        <line num="69" count="115" type="stmt"/>
      </file>
      <file name="useDebouncedFunction.ts" path="/Users/oshi/answers-react-components/src/hooks/useDebouncedFunction.ts">
        <metrics statements="9" coveredstatements="3" conditionals="2" coveredconditionals="0" methods="4" coveredmethods="1"/>
        <line num="11" count="126" type="stmt"/>
        <line num="12" count="126" type="stmt"/>
        <line num="13" count="0" type="stmt"/>
        <line num="14" count="0" type="cond" truecount="0" falsecount="2"/>
        <line num="15" count="0" type="stmt"/>
        <line num="17" count="0" type="stmt"/>
        <line num="18" count="0" type="stmt"/>
        <line num="19" count="0" type="stmt"/>
        <line num="23" count="126" type="stmt"/>
      </file>
      <file name="useEntityPreviews.tsx" path="/Users/oshi/answers-react-components/src/hooks/useEntityPreviews.tsx">
        <metrics statements="25" coveredstatements="5" conditionals="10" coveredconditionals="0" methods="5" coveredmethods="1"/>
        <line num="28" count="126" type="stmt"/>
        <line num="32" count="126" type="stmt"/>
        <line num="33" count="126" type="stmt"/>
        <line num="34" count="0" type="cond" truecount="0" falsecount="2"/>
        <line num="35" count="0" type="stmt"/>
        <line num="37" count="0" type="stmt"/>
        <line num="42" count="0" type="cond" truecount="0" falsecount="2"/>
        <line num="43" count="0" type="stmt"/>
        <line num="45" count="0" type="cond" truecount="0" falsecount="2"/>
        <line num="46" count="0" type="stmt"/>
        <line num="47" count="0" type="stmt"/>
        <line num="49" count="126" type="stmt"/>
        <line num="56" count="0" type="cond" truecount="0" falsecount="2"/>
        <line num="57" count="0" type="stmt"/>
        <line num="59" count="0" type="cond" truecount="0" falsecount="2"/>
        <line num="60" count="0" type="stmt"/>
        <line num="62" count="0" type="stmt"/>
        <line num="63" count="0" type="stmt"/>
        <line num="64" count="0" type="stmt"/>
        <line num="65" count="0" type="stmt"/>
        <line num="66" count="0" type="stmt"/>
        <line num="68" count="126" type="stmt"/>
        <line num="77" count="0" type="stmt"/>
        <line num="78" count="0" type="stmt"/>
        <line num="79" count="0" type="stmt"/>
      </file>
      <file name="useHierarchicalFacetTree.ts" path="/Users/oshi/answers-react-components/src/hooks/useHierarchicalFacetTree.ts">
        <metrics statements="22" coveredstatements="20" conditionals="6" coveredconditionals="4" methods="7" coveredmethods="7"/>
        <line num="31" count="6" type="stmt"/>
        <line num="32" count="6" type="stmt"/>
        <line num="43" count="6" type="cond" truecount="1" falsecount="1"/>
        <line num="44" count="54" type="stmt"/>
        <line num="45" count="24" type="stmt"/>
        <line num="49" count="18" type="stmt"/>
        <line num="51" count="6" type="stmt"/>
        <line num="53" count="6" type="stmt"/>
        <line num="57" count="24" type="stmt"/>
        <line num="59" count="24" type="stmt"/>
        <line num="60" count="24" type="stmt"/>
        <line num="62" count="24" type="stmt"/>
        <line num="63" count="30" type="cond" truecount="1" falsecount="1"/>
        <line num="64" count="0" type="stmt"/>
        <line num="67" count="0" type="stmt"/>
        <line num="69" count="30" type="cond" truecount="2" falsecount="0"/>
        <line num="70" count="11" type="stmt"/>
        <line num="72" count="30" type="stmt"/>
        <line num="73" count="30" type="stmt"/>
        <line num="76" count="24" type="stmt"/>
        <line num="77" count="24" type="stmt"/>
        <line num="91" count="6" type="stmt"/>
      </file>
      <file name="usePaginationAnalytics.ts" path="/Users/oshi/answers-react-components/src/hooks/usePaginationAnalytics.ts">
        <metrics statements="14" coveredstatements="7" conditionals="6" coveredconditionals="1" methods="4" coveredmethods="4"/>
        <line num="9" count="6" type="stmt"/>
        <line num="10" count="6" type="stmt"/>
        <line num="11" count="6" type="stmt"/>
        <line num="13" count="6" type="stmt"/>
        <line num="14" count="1" type="cond" truecount="1" falsecount="1"/>
        <line num="15" count="1" type="stmt"/>
        <line num="17" count="0" type="cond" truecount="0" falsecount="2"/>
        <line num="18" count="0" type="stmt"/>
        <line num="19" count="0" type="stmt"/>
        <line num="21" count="0" type="cond" truecount="0" falsecount="2"/>
        <line num="22" count="0" type="stmt"/>
        <line num="23" count="0" type="stmt"/>
        <line num="25" count="0" type="stmt"/>
        <line num="34" count="6" type="stmt"/>
      </file>
      <file name="useRecentSearches.ts" path="/Users/oshi/answers-react-components/src/hooks/useRecentSearches.ts">
        <metrics statements="14" coveredstatements="12" conditionals="2" coveredconditionals="1" methods="4" coveredmethods="4"/>
        <line num="4" count="5" type="stmt"/>
        <line num="9" count="126" type="stmt"/>
        <line num="10" count="126" type="stmt"/>
        <line num="17" count="126" type="stmt"/>
        <line num="18" count="6" type="stmt"/>
        <line num="19" count="6" type="stmt"/>
        <line num="23" count="6" type="stmt"/>
        <line num="26" count="126" type="stmt"/>
        <line num="27" count="6" type="stmt"/>
        <line num="30" count="126" type="stmt"/>
        <line num="31" count="21" type="cond" truecount="1" falsecount="1"/>
        <line num="32" count="0" type="stmt"/>
        <line num="36" count="0" type="stmt"/>
        <line num="40" count="126" type="stmt"/>
      </file>
      <file name="useSearchBarAnalytics.ts" path="/Users/oshi/answers-react-components/src/hooks/useSearchBarAnalytics.ts">
        <metrics statements="15" coveredstatements="13" conditionals="10" coveredconditionals="7" methods="6" coveredmethods="6"/>
        <line num="10" count="126" type="stmt"/>
        <line num="11" count="334" type="stmt"/>
        <line num="12" count="334" type="stmt"/>
        <line num="14" count="126" type="stmt"/>
        <line num="15" count="1" type="stmt"/>
        <line num="21" count="126" type="stmt"/>
        <line num="22" count="1" type="cond" truecount="1" falsecount="1"/>
        <line num="23" count="0" type="stmt"/>
        <line num="24" count="0" type="stmt"/>
        <line num="26" count="1" type="stmt"/>
        <line num="32" count="126" type="stmt"/>
        <line num="36" count="5" type="cond" truecount="2" falsecount="0"/>
        <line num="37" count="3" type="stmt"/>
        <line num="39" count="2" type="cond" truecount="2" falsecount="0"/>
        <line num="43" count="126" type="stmt"/>
      </file>
      <file name="useSearchWithNearMeHandling.ts" path="/Users/oshi/answers-react-components/src/hooks/useSearchWithNearMeHandling.ts">
        <metrics statements="13" coveredstatements="13" conditionals="12" coveredconditionals="11" methods="2" coveredmethods="2"/>
        <line num="32" count="126" type="stmt"/>
        <line num="33" count="126" type="stmt"/>
        <line num="36" count="14" type="stmt"/>
        <line num="37" count="14" type="cond" truecount="2" falsecount="0"/>
        <line num="38" count="13" type="cond" truecount="2" falsecount="0"/>
        <line num="39" count="11" type="stmt"/>
        <line num="41" count="13" type="stmt"/>
        <line num="42" count="13" type="cond" truecount="1" falsecount="1"/>
        <line num="43" count="13" type="stmt"/>
        <line num="45" count="14" type="cond" truecount="2" falsecount="0"/>
        <line num="46" count="14" type="cond" truecount="2" falsecount="0"/>
        <line num="47" count="14" type="cond" truecount="2" falsecount="0"/>
        <line num="51" count="126" type="stmt"/>
      </file>
      <file name="useStateUpdatedOnSearch.ts" path="/Users/oshi/answers-react-components/src/hooks/useStateUpdatedOnSearch.ts">
        <metrics statements="8" coveredstatements="8" conditionals="4" coveredconditionals="4" methods="2" coveredmethods="2"/>
        <line num="10" count="23" type="stmt"/>
        <line num="11" count="19" type="stmt"/>
        <line num="12" count="19" type="stmt"/>
        <line num="13" count="19" type="stmt"/>
        <line num="14" count="19" type="cond" truecount="4" falsecount="0"/>
        <line num="15" count="1" type="stmt"/>
        <line num="17" count="19" type="stmt"/>
        <line num="19" count="19" type="stmt"/>
      </file>
      <file name="useSynchronizedRequest.tsx" path="/Users/oshi/answers-react-components/src/hooks/useSynchronizedRequest.tsx">
        <metrics statements="17" coveredstatements="15" conditionals="6" coveredconditionals="2" methods="4" coveredmethods="4"/>
        <line num="23" count="152" type="stmt"/>
        <line num="24" count="152" type="stmt"/>
        <line num="25" count="152" type="stmt"/>
        <line num="28" count="81" type="stmt"/>
        <line num="29" count="81" type="stmt"/>
        <line num="30" count="81" type="stmt"/>
        <line num="31" count="81" type="stmt"/>
        <line num="32" count="81" type="stmt"/>
        <line num="34" count="0" type="cond" truecount="0" falsecount="2"/>
        <line num="36" count="81" type="cond" truecount="1" falsecount="1"/>
        <line num="41" count="81" type="cond" truecount="1" falsecount="1"/>
        <line num="42" count="0" type="stmt"/>
        <line num="44" count="81" type="stmt"/>
        <line num="45" count="81" type="stmt"/>
        <line num="47" count="81" type="stmt"/>
        <line num="52" count="13" type="stmt"/>
        <line num="55" count="152" type="stmt"/>
      </file>
    </package>
    <package name="src.icons">
      <metrics statements="11" coveredstatements="9" conditionals="0" coveredconditionals="0" methods="11" coveredmethods="9"/>
      <file name="ChevronIcon.tsx" path="/Users/oshi/answers-react-components/src/icons/ChevronIcon.tsx">
        <metrics statements="1" coveredstatements="1" conditionals="0" coveredconditionals="0" methods="1" coveredmethods="1"/>
        <line num="2" count="34" type="stmt"/>
      </file>
      <file name="CloseIcon.tsx" path="/Users/oshi/answers-react-components/src/icons/CloseIcon.tsx">
        <metrics statements="1" coveredstatements="1" conditionals="0" coveredconditionals="0" methods="1" coveredmethods="1"/>
        <line num="2" count="88" type="stmt"/>
      </file>
      <file name="CollectionIcon.tsx" path="/Users/oshi/answers-react-components/src/icons/CollectionIcon.tsx">
        <metrics statements="1" coveredstatements="1" conditionals="0" coveredconditionals="0" methods="1" coveredmethods="1"/>
        <line num="2" count="10" type="stmt"/>
      </file>
      <file name="HistoryIcon.tsx" path="/Users/oshi/answers-react-components/src/icons/HistoryIcon.tsx">
        <metrics statements="1" coveredstatements="1" conditionals="0" coveredconditionals="0" methods="1" coveredmethods="1"/>
        <line num="2" count="12" type="stmt"/>
      </file>
      <file name="InvalidIcon.tsx" path="/Users/oshi/answers-react-components/src/icons/InvalidIcon.tsx">
        <metrics statements="1" coveredstatements="0" conditionals="0" coveredconditionals="0" methods="1" coveredmethods="0"/>
        <line num="2" count="0" type="stmt"/>
      </file>
      <file name="LoadingIndicator.tsx" path="/Users/oshi/answers-react-components/src/icons/LoadingIndicator.tsx">
        <metrics statements="1" coveredstatements="1" conditionals="0" coveredconditionals="0" methods="1" coveredmethods="1"/>
        <line num="2" count="2" type="stmt"/>
      </file>
      <file name="MagnifyingGlassIcon.tsx" path="/Users/oshi/answers-react-components/src/icons/MagnifyingGlassIcon.tsx">
        <metrics statements="1" coveredstatements="1" conditionals="0" coveredconditionals="0" methods="1" coveredmethods="1"/>
        <line num="2" count="147" type="stmt"/>
      </file>
      <file name="StarIcon.tsx" path="/Users/oshi/answers-react-components/src/icons/StarIcon.tsx">
        <metrics statements="1" coveredstatements="0" conditionals="0" coveredconditionals="0" methods="1" coveredmethods="0"/>
        <line num="2" count="0" type="stmt"/>
      </file>
      <file name="ThumbIcon.tsx" path="/Users/oshi/answers-react-components/src/icons/ThumbIcon.tsx">
        <metrics statements="1" coveredstatements="1" conditionals="0" coveredconditionals="0" methods="1" coveredmethods="1"/>
        <line num="2" count="24" type="stmt"/>
      </file>
      <file name="VerticalDividerIcon.tsx" path="/Users/oshi/answers-react-components/src/icons/VerticalDividerIcon.tsx">
        <metrics statements="1" coveredstatements="1" conditionals="0" coveredconditionals="0" methods="1" coveredmethods="1"/>
        <line num="2" count="49" type="stmt"/>
      </file>
      <file name="YextIcon.tsx" path="/Users/oshi/answers-react-components/src/icons/YextIcon.tsx">
        <metrics statements="1" coveredstatements="1" conditionals="0" coveredconditionals="0" methods="1" coveredmethods="1"/>
        <line num="2" count="112" type="stmt"/>
      </file>
    </package>
    <package name="src.models">
      <metrics statements="9" coveredstatements="4" conditionals="10" coveredconditionals="5" methods="4" coveredmethods="2"/>
      <file name="NumberRangeFilter.ts" path="/Users/oshi/answers-react-components/src/models/NumberRangeFilter.ts">
        <metrics statements="2" coveredstatements="2" conditionals="3" coveredconditionals="2" methods="1" coveredmethods="1"/>
        <line num="10" count="11" type="stmt"/>
        <line num="11" count="11" type="cond" truecount="2" falsecount="0"/>
      </file>
      <file name="StandardCardData.ts" path="/Users/oshi/answers-react-components/src/models/StandardCardData.ts">
        <metrics statements="5" coveredstatements="0" conditionals="4" coveredconditionals="0" methods="2" coveredmethods="0"/>
        <line num="42" count="0" type="cond" truecount="0" falsecount="4"/>
        <line num="43" count="0" type="stmt"/>
        <line num="45" count="0" type="stmt"/>
        <line num="46" count="0" type="stmt"/>
        <line num="47" count="0" type="stmt"/>
      </file>
      <file name="cardComponent.ts" path="/Users/oshi/answers-react-components/src/models/cardComponent.ts">
        <metrics statements="0" coveredstatements="0" conditionals="0" coveredconditionals="0" methods="0" coveredmethods="0"/>
      </file>
      <file name="groupedFilters.ts" path="/Users/oshi/answers-react-components/src/models/groupedFilters.ts">
        <metrics statements="0" coveredstatements="0" conditionals="0" coveredconditionals="0" methods="0" coveredmethods="0"/>
      </file>
      <file name="index.ts" path="/Users/oshi/answers-react-components/src/models/index.ts">
        <metrics statements="0" coveredstatements="0" conditionals="0" coveredconditionals="0" methods="0" coveredmethods="0"/>
      </file>
      <file name="sectionComponent.ts" path="/Users/oshi/answers-react-components/src/models/sectionComponent.ts">
        <metrics statements="0" coveredstatements="0" conditionals="0" coveredconditionals="0" methods="0" coveredmethods="0"/>
      </file>
      <file name="universalLink.ts" path="/Users/oshi/answers-react-components/src/models/universalLink.ts">
        <metrics statements="0" coveredstatements="0" conditionals="0" coveredconditionals="0" methods="0" coveredmethods="0"/>
      </file>
      <file name="verticalConfig.ts" path="/Users/oshi/answers-react-components/src/models/verticalConfig.ts">
        <metrics statements="0" coveredstatements="0" conditionals="0" coveredconditionals="0" methods="0" coveredmethods="0"/>
      </file>
      <file name="verticalLink.ts" path="/Users/oshi/answers-react-components/src/models/verticalLink.ts">
        <metrics statements="2" coveredstatements="2" conditionals="3" coveredconditionals="3" methods="1" coveredmethods="1"/>
        <line num="13" count="5" type="stmt"/>
        <line num="14" count="1" type="cond" truecount="3" falsecount="0"/>
      </file>
    </package>
    <package name="src.utils">
      <metrics statements="106" coveredstatements="83" conditionals="60" coveredconditionals="37" methods="49" coveredmethods="41"/>
      <file name="appliedfilterutils.tsx" path="/Users/oshi/answers-react-components/src/utils/appliedfilterutils.tsx">
        <metrics statements="34" coveredstatements="33" conditionals="16" coveredconditionals="12" methods="13" coveredmethods="13"/>
        <line num="19" count="13" type="stmt"/>
        <line num="20" count="13" type="stmt"/>
        <line num="21" count="23" type="stmt"/>
        <line num="23" count="13" type="stmt"/>
        <line num="25" count="13" type="stmt"/>
        <line num="34" count="52" type="stmt"/>
        <line num="35" count="61" type="stmt"/>
        <line num="50" count="24" type="cond" truecount="2" falsecount="0"/>
        <line num="52" count="13" type="cond" truecount="1" falsecount="1"/>
        <line num="53" count="8" type="stmt"/>
        <line num="55" count="13" type="stmt"/>
        <line num="57" count="29" type="cond" truecount="1" falsecount="1"/>
        <line num="58" count="13" type="stmt"/>
        <line num="59" count="29" type="stmt"/>
        <line num="60" count="41" type="stmt"/>
        <line num="61" count="29" type="cond" truecount="2" falsecount="0"/>
        <line num="63" count="13" type="stmt"/>
        <line num="65" count="13" type="stmt"/>
        <line num="66" count="13" type="stmt"/>
        <line num="67" count="13" type="stmt"/>
        <line num="68" count="13" type="stmt"/>
        <line num="74" count="13" type="stmt"/>
        <line num="90" count="47" type="stmt"/>
        <line num="91" count="47" type="stmt"/>
        <line num="93" count="47" type="stmt"/>
        <line num="95" count="47" type="cond" truecount="2" falsecount="0"/>
        <line num="96" count="27" type="stmt"/>
        <line num="99" count="47" type="stmt"/>
        <line num="100" count="20" type="cond" truecount="2" falsecount="0"/>
        <line num="101" count="9" type="stmt"/>
        <line num="106" count="11" type="stmt"/>
        <line num="107" count="11" type="cond" truecount="1" falsecount="1"/>
        <line num="108" count="0" type="stmt"/>
        <line num="111" count="11" type="stmt"/>
      </file>
      <file name="arrayutils.tsx" path="/Users/oshi/answers-react-components/src/utils/arrayutils.tsx">
        <metrics statements="9" coveredstatements="0" conditionals="5" coveredconditionals="0" methods="4" coveredmethods="0"/>
        <line num="17" count="0" type="cond" truecount="0" falsecount="1"/>
        <line num="18" count="0" type="cond" truecount="0" falsecount="1"/>
        <line num="21" count="0" type="stmt"/>
        <line num="22" count="0" type="stmt"/>
        <line num="23" count="0" type="stmt"/>
        <line num="24" count="0" type="cond" truecount="0" falsecount="2"/>
        <line num="25" count="0" type="stmt"/>
        <line num="27" count="0" type="stmt"/>
        <line num="29" count="0" type="stmt"/>
      </file>
      <file name="displayablefilterutils.tsx" path="/Users/oshi/answers-react-components/src/utils/displayablefilterutils.tsx">
        <metrics statements="17" coveredstatements="15" conditionals="2" coveredconditionals="1" methods="14" coveredmethods="14"/>
        <line num="16" count="15" type="stmt"/>
        <line num="17" count="8" type="stmt"/>
        <line num="18" count="8" type="stmt"/>
        <line num="28" count="15" type="stmt"/>
        <line num="29" count="7" type="stmt"/>
        <line num="30" count="43" type="stmt"/>
        <line num="33" count="7" type="stmt"/>
        <line num="34" count="29" type="cond" truecount="1" falsecount="1"/>
        <line num="35" count="0" type="stmt"/>
        <line num="36" count="0" type="stmt"/>
        <line num="38" count="29" type="stmt"/>
        <line num="40" count="57" type="stmt"/>
        <line num="41" count="29" type="stmt"/>
        <line num="48" count="7" type="stmt"/>
        <line num="53" count="37" type="stmt"/>
        <line num="66" count="13" type="stmt"/>
        <line num="67" count="13" type="stmt"/>
      </file>
      <file name="filterutils.tsx" path="/Users/oshi/answers-react-components/src/utils/filterutils.tsx">
        <metrics statements="23" coveredstatements="20" conditionals="23" coveredconditionals="15" methods="10" coveredmethods="8"/>
        <line num="10" count="1" type="cond" truecount="1" falsecount="4"/>
        <line num="17" count="8" type="cond" truecount="3" falsecount="1"/>
        <line num="24" count="197" type="cond" truecount="2" falsecount="0"/>
        <line num="25" count="47" type="stmt"/>
        <line num="27" count="150" type="cond" truecount="1" falsecount="1"/>
        <line num="28" count="0" type="stmt"/>
        <line num="30" count="150" type="cond" truecount="2" falsecount="0"/>
        <line num="31" count="90" type="stmt"/>
        <line num="33" count="60" type="stmt"/>
        <line num="47" count="100" type="stmt"/>
        <line num="48" count="174" type="stmt"/>
        <line num="49" count="174" type="stmt"/>
        <line num="57" count="8" type="stmt"/>
        <line num="58" count="8" type="stmt"/>
        <line num="60" count="8" type="stmt"/>
        <line num="80" count="16" type="stmt"/>
        <line num="81" count="16" type="cond" truecount="2" falsecount="0"/>
        <line num="82" count="13" type="stmt"/>
        <line num="84" count="3" type="stmt"/>
        <line num="91" count="26" type="stmt"/>
        <line num="92" count="0" type="cond" truecount="0" falsecount="2"/>
        <line num="94" count="26" type="stmt"/>
        <line num="95" count="0" type="stmt"/>
      </file>
      <file name="index.ts" path="/Users/oshi/answers-react-components/src/utils/index.ts">
        <metrics statements="0" coveredstatements="0" conditionals="0" coveredconditionals="0" methods="0" coveredmethods="0"/>
      </file>
      <file name="location-operations.ts" path="/Users/oshi/answers-react-components/src/utils/location-operations.ts">
        <metrics statements="13" coveredstatements="9" conditionals="6" coveredconditionals="5" methods="5" coveredmethods="4"/>
        <line num="6" count="8" type="stmt"/>
        <line num="23" count="13" type="cond" truecount="4" falsecount="0"/>
        <line num="24" count="1" type="stmt"/>
        <line num="25" count="1" type="stmt"/>
        <line num="26" count="1" type="stmt"/>
        <line num="31" count="0" type="stmt"/>
        <line num="42" count="1" type="stmt"/>
        <line num="43" count="1" type="cond" truecount="1" falsecount="1"/>
        <line num="44" count="1" type="stmt"/>
        <line num="45" count="1" type="stmt"/>
        <line num="47" count="0" type="stmt"/>
        <line num="48" count="0" type="stmt"/>
        <line num="53" count="0" type="stmt"/>
      </file>
      <file name="search-operations.ts" path="/Users/oshi/answers-react-components/src/utils/search-operations.ts">
        <metrics statements="10" coveredstatements="6" conditionals="8" coveredconditionals="4" methods="3" coveredmethods="2"/>
        <line num="14" count="35" type="stmt"/>
        <line num="15" count="35" type="stmt"/>
        <line num="16" count="35" type="cond" truecount="2" falsecount="0"/>
        <line num="20" count="0" type="cond" truecount="0" falsecount="2"/>
        <line num="32" count="77" type="stmt"/>
        <line num="33" count="77" type="stmt"/>
        <line num="34" count="77" type="cond" truecount="2" falsecount="0"/>
        <line num="38" count="0" type="cond" truecount="0" falsecount="2"/>
        <line num="50" count="0" type="stmt"/>
        <line num="51" count="0" type="stmt"/>
      </file>
    </package>
  </project>
</coverage>
