{"/Users/oshi/answers-react-components/src/index.ts": {"path":"/Users/oshi/answers-react-components/src/index.ts","statementMap":{},"fnMap":{},"branchMap":{},"s":{},"f":{},"b":{},"_coverageSchema":"1a1c01bbd47fc00a2c39e90264f33305004495a9","hash":"69f4b0ca1538efed9edecbb41d8af36f325c7e83"}
,"/Users/oshi/answers-react-components/src/components/AlternativeVerticals.tsx": {"path":"/Users/oshi/answers-react-components/src/components/AlternativeVerticals.tsx","statementMap":{"0":{"start":{"line":29,"column":58},"end":{"line":41,"column":1}},"1":{"start":{"line":50,"column":2},"end":{"line":51,"column":66}},"2":{"start":{"line":106,"column":21},"end":{"line":106,"column":79}},"3":{"start":{"line":108,"column":31},"end":{"line":108,"column":109}},"4":{"start":{"line":108,"column":56},"end":{"line":108,"column":102}},"5":{"start":{"line":110,"column":4},"end":{"line":110,"column":91}},"6":{"start":{"line":110,"column":29},"end":{"line":110,"column":84}},"7":{"start":{"line":111,"column":16},"end":{"line":111,"column":70}},"8":{"start":{"line":111,"column":41},"end":{"line":111,"column":69}},"9":{"start":{"line":113,"column":30},"end":{"line":113,"column":95}},"10":{"start":{"line":114,"column":30},"end":{"line":114,"column":87}},"11":{"start":{"line":116,"column":20},"end":{"line":116,"column":74}},"12":{"start":{"line":116,"column":45},"end":{"line":116,"column":73}},"13":{"start":{"line":117,"column":30},"end":{"line":119,"column":4}},"14":{"start":{"line":121,"column":27},"end":{"line":127,"column":5}},"15":{"start":{"line":124,"column":6},"end":{"line":126,"column":33}},"16":{"start":{"line":133,"column":4},"end":{"line":145,"column":73}},"17":{"start":{"line":135,"column":8},"end":{"line":135,"column":67}},"18":{"start":{"line":138,"column":8},"end":{"line":142,"column":10}},"19":{"start":{"line":145,"column":36},"end":{"line":145,"column":71}},"20":{"start":{"line":148,"column":2},"end":{"line":150,"column":3}},"21":{"start":{"line":149,"column":4},"end":{"line":149,"column":16}},"22":{"start":{"line":152,"column":2},"end":{"line":174,"column":4}},"23":{"start":{"line":177,"column":4},"end":{"line":184,"column":6}},"24":{"start":{"line":188,"column":17},"end":{"line":188,"column":81}},"25":{"start":{"line":189,"column":4},"end":{"line":196,"column":6}},"26":{"start":{"line":200,"column":17},"end":{"line":200,"column":44}},"27":{"start":{"line":201,"column":4},"end":{"line":208,"column":6}}},"fnMap":{"0":{"name":"isVerticalSuggestion","decl":{"start":{"line":49,"column":9},"end":{"line":49,"column":29}},"loc":{"start":{"line":49,"column":85},"end":{"line":52,"column":1}},"line":49},"1":{"name":"AlternativeVerticals","decl":{"start":{"line":99,"column":16},"end":{"line":99,"column":36}},"loc":{"start":{"line":105,"column":50},"end":{"line":210,"column":1}},"line":105},"2":{"name":"(anonymous_2)","decl":{"start":{"line":108,"column":47},"end":{"line":108,"column":48}},"loc":{"start":{"line":108,"column":56},"end":{"line":108,"column":102}},"line":108},"3":{"name":"(anonymous_3)","decl":{"start":{"line":110,"column":20},"end":{"line":110,"column":21}},"loc":{"start":{"line":110,"column":29},"end":{"line":110,"column":84}},"line":110},"4":{"name":"(anonymous_4)","decl":{"start":{"line":111,"column":32},"end":{"line":111,"column":33}},"loc":{"start":{"line":111,"column":41},"end":{"line":111,"column":69}},"line":111},"5":{"name":"(anonymous_5)","decl":{"start":{"line":116,"column":36},"end":{"line":116,"column":37}},"loc":{"start":{"line":116,"column":45},"end":{"line":116,"column":73}},"line":116},"6":{"name":"(anonymous_6)","decl":{"start":{"line":123,"column":6},"end":{"line":123,"column":7}},"loc":{"start":{"line":123,"column":46},"end":{"line":127,"column":5}},"line":123},"7":{"name":"buildVerticalSuggestions","decl":{"start":{"line":129,"column":11},"end":{"line":129,"column":35}},"loc":{"start":{"line":131,"column":71},"end":{"line":146,"column":3}},"line":131},"8":{"name":"(anonymous_8)","decl":{"start":{"line":134,"column":14},"end":{"line":134,"column":15}},"loc":{"start":{"line":134,"column":59},"end":{"line":136,"column":7}},"line":134},"9":{"name":"(anonymous_9)","decl":{"start":{"line":137,"column":11},"end":{"line":137,"column":12}},"loc":{"start":{"line":137,"column":56},"end":{"line":143,"column":7}},"line":137},"10":{"name":"(anonymous_10)","decl":{"start":{"line":145,"column":14},"end":{"line":145,"column":15}},"loc":{"start":{"line":145,"column":36},"end":{"line":145,"column":71}},"line":145},"11":{"name":"renderNoResultsInfo","decl":{"start":{"line":176,"column":11},"end":{"line":176,"column":30}},"loc":{"start":{"line":176,"column":33},"end":{"line":185,"column":3}},"line":176},"12":{"name":"renderSuggestion","decl":{"start":{"line":187,"column":11},"end":{"line":187,"column":27}},"loc":{"start":{"line":187,"column":60},"end":{"line":197,"column":3}},"line":187},"13":{"name":"renderUniversalDetails","decl":{"start":{"line":199,"column":11},"end":{"line":199,"column":33}},"loc":{"start":{"line":199,"column":36},"end":{"line":209,"column":3}},"line":199}},"branchMap":{"0":{"loc":{"start":{"line":50,"column":9},"end":{"line":51,"column":65}},"type":"binary-expr","locations":[{"start":{"line":50,"column":9},"end":{"line":50,"column":71}},{"start":{"line":51,"column":4},"end":{"line":51,"column":65}}],"line":50},"1":{"loc":{"start":{"line":102,"column":2},"end":{"line":102,"column":30}},"type":"default-arg","locations":[{"start":{"line":102,"column":26},"end":{"line":102,"column":30}}],"line":102},"2":{"loc":{"start":{"line":108,"column":31},"end":{"line":108,"column":109}},"type":"binary-expr","locations":[{"start":{"line":108,"column":31},"end":{"line":108,"column":103}},{"start":{"line":108,"column":107},"end":{"line":108,"column":109}}],"line":108},"3":{"loc":{"start":{"line":110,"column":4},"end":{"line":110,"column":91}},"type":"binary-expr","locations":[{"start":{"line":110,"column":4},"end":{"line":110,"column":85}},{"start":{"line":110,"column":89},"end":{"line":110,"column":91}}],"line":110},"4":{"loc":{"start":{"line":114,"column":30},"end":{"line":114,"column":87}},"type":"binary-expr","locations":[{"start":{"line":114,"column":30},"end":{"line":114,"column":51}},{"start":{"line":114,"column":55},"end":{"line":114,"column":87}}],"line":114},"5":{"loc":{"start":{"line":118,"column":5},"end":{"line":118,"column":52}},"type":"binary-expr","locations":[{"start":{"line":118,"column":5},"end":{"line":118,"column":46}},{"start":{"line":118,"column":50},"end":{"line":118,"column":52}}],"line":118},"6":{"loc":{"start":{"line":121,"column":27},"end":{"line":127,"column":5}},"type":"cond-expr","locations":[{"start":{"line":122,"column":6},"end":{"line":122,"column":28}},{"start":{"line":123,"column":6},"end":{"line":127,"column":5}}],"line":121},"7":{"loc":{"start":{"line":124,"column":13},"end":{"line":126,"column":32}},"type":"cond-expr","locations":[{"start":{"line":125,"column":10},"end":{"line":125,"column":52}},{"start":{"line":126,"column":9},"end":{"line":126,"column":32}}],"line":124},"8":{"loc":{"start":{"line":148,"column":2},"end":{"line":150,"column":3}},"type":"if","locations":[{"start":{"line":148,"column":2},"end":{"line":150,"column":3}},{"start":{},"end":{}}],"line":148},"9":{"loc":{"start":{"line":155,"column":7},"end":{"line":171,"column":14}},"type":"binary-expr","locations":[{"start":{"line":155,"column":7},"end":{"line":155,"column":26}},{"start":{"line":156,"column":8},"end":{"line":171,"column":14}}],"line":155},"10":{"loc":{"start":{"line":180,"column":9},"end":{"line":181,"column":67}},"type":"binary-expr","locations":[{"start":{"line":180,"column":9},"end":{"line":180,"column":28}},{"start":{"line":181,"column":10},"end":{"line":181,"column":67}}],"line":180}},"s":{"0":4,"1":0,"2":0,"3":0,"4":0,"5":0,"6":0,"7":0,"8":0,"9":0,"10":0,"11":0,"12":0,"13":0,"14":0,"15":0,"16":0,"17":0,"18":0,"19":0,"20":0,"21":0,"22":0,"23":0,"24":0,"25":0,"26":0,"27":0},"f":{"0":0,"1":0,"2":0,"3":0,"4":0,"5":0,"6":0,"7":0,"8":0,"9":0,"10":0,"11":0,"12":0,"13":0},"b":{"0":[0,0],"1":[0],"2":[0,0],"3":[0,0],"4":[0,0],"5":[0,0],"6":[0,0],"7":[0,0],"8":[0,0],"9":[0,0],"10":[0,0]},"_coverageSchema":"1a1c01bbd47fc00a2c39e90264f33305004495a9","hash":"5d8f8897404cc7d754786f7dad163bb02ea6138a"}
,"/Users/oshi/answers-react-components/src/components/AnalyticsProvider.tsx": {"path":"/Users/oshi/answers-react-components/src/components/AnalyticsProvider.tsx","statementMap":{"0":{"start":{"line":14,"column":43},"end":{"line":14,"column":48}},"1":{"start":{"line":15,"column":28},"end":{"line":15,"column":61}},"2":{"start":{"line":17,"column":2},"end":{"line":21,"column":4}}},"fnMap":{"0":{"name":"AnalyticsProvider","decl":{"start":{"line":13,"column":16},"end":{"line":13,"column":33}},"loc":{"start":{"line":13,"column":90},"end":{"line":22,"column":1}},"line":13}},"branchMap":{},"s":{"0":0,"1":0,"2":0},"f":{"0":0},"b":{},"_coverageSchema":"1a1c01bbd47fc00a2c39e90264f33305004495a9","hash":"1a8cdcf399dec187a38dc976f3eb14a188c2c935"}
,"/Users/oshi/answers-react-components/src/components/AppliedFilters.tsx": {"path":"/Users/oshi/answers-react-components/src/components/AppliedFilters.tsx","statementMap":{"0":{"start":{"line":26,"column":59},"end":{"line":34,"column":1}},"1":{"start":{"line":63,"column":21},"end":{"line":63,"column":81}},"2":{"start":{"line":63,"column":46},"end":{"line":63,"column":80}},"3":{"start":{"line":64,"column":20},"end":{"line":64,"column":74}},"4":{"start":{"line":64,"column":45},"end":{"line":64,"column":73}},"5":{"start":{"line":65,"column":21},"end":{"line":65,"column":71}},"6":{"start":{"line":65,"column":48},"end":{"line":65,"column":70}},"7":{"start":{"line":66,"column":18},"end":{"line":66,"column":65}},"8":{"start":{"line":66,"column":51},"end":{"line":66,"column":64}},"9":{"start":{"line":73,"column":6},"end":{"line":73,"column":11}},"10":{"start":{"line":75,"column":41},"end":{"line":90,"column":4}},"11":{"start":{"line":76,"column":4},"end":{"line":82,"column":6}},"12":{"start":{"line":92,"column":21},"end":{"line":92,"column":79}},"13":{"start":{"line":93,"column":2},"end":{"line":95,"column":5}},"14":{"start":{"line":96,"column":2},"end":{"line":100,"column":5}}},"fnMap":{"0":{"name":"AppliedFilters","decl":{"start":{"line":62,"column":16},"end":{"line":62,"column":30}},"loc":{"start":{"line":62,"column":72},"end":{"line":101,"column":1}},"line":62},"1":{"name":"(anonymous_1)","decl":{"start":{"line":63,"column":37},"end":{"line":63,"column":38}},"loc":{"start":{"line":63,"column":46},"end":{"line":63,"column":80}},"line":63},"2":{"name":"(anonymous_2)","decl":{"start":{"line":64,"column":36},"end":{"line":64,"column":37}},"loc":{"start":{"line":64,"column":45},"end":{"line":64,"column":73}},"line":64},"3":{"name":"(anonymous_3)","decl":{"start":{"line":65,"column":39},"end":{"line":65,"column":40}},"loc":{"start":{"line":65,"column":48},"end":{"line":65,"column":70}},"line":65},"4":{"name":"(anonymous_4)","decl":{"start":{"line":66,"column":42},"end":{"line":66,"column":43}},"loc":{"start":{"line":66,"column":51},"end":{"line":66,"column":64}},"line":66},"5":{"name":"(anonymous_5)","decl":{"start":{"line":75,"column":49},"end":{"line":75,"column":50}},"loc":{"start":{"line":75,"column":55},"end":{"line":83,"column":3}},"line":75}},"branchMap":{"0":{"loc":{"start":{"line":70,"column":4},"end":{"line":70,"column":25}},"type":"default-arg","locations":[{"start":{"line":70,"column":23},"end":{"line":70,"column":25}}],"line":70},"1":{"loc":{"start":{"line":71,"column":4},"end":{"line":71,"column":64}},"type":"default-arg","locations":[{"start":{"line":71,"column":34},"end":{"line":71,"column":64}}],"line":71},"2":{"loc":{"start":{"line":77,"column":6},"end":{"line":77,"column":39}},"type":"cond-expr","locations":[{"start":{"line":77,"column":20},"end":{"line":77,"column":33}},{"start":{"line":77,"column":37},"end":{"line":77,"column":39}}],"line":77},"3":{"loc":{"start":{"line":77,"column":20},"end":{"line":77,"column":33}},"type":"binary-expr","locations":[{"start":{"line":77,"column":20},"end":{"line":77,"column":27}},{"start":{"line":77,"column":31},"end":{"line":77,"column":33}}],"line":77},"4":{"loc":{"start":{"line":78,"column":6},"end":{"line":78,"column":22}},"type":"binary-expr","locations":[{"start":{"line":78,"column":6},"end":{"line":78,"column":16}},{"start":{"line":78,"column":20},"end":{"line":78,"column":22}}],"line":78},"5":{"loc":{"start":{"line":79,"column":6},"end":{"line":79,"column":44}},"type":"binary-expr","locations":[{"start":{"line":79,"column":6},"end":{"line":79,"column":18}},{"start":{"line":79,"column":22},"end":{"line":79,"column":44}}],"line":79},"6":{"loc":{"start":{"line":80,"column":6},"end":{"line":80,"column":38}},"type":"binary-expr","locations":[{"start":{"line":80,"column":6},"end":{"line":80,"column":32}},{"start":{"line":80,"column":36},"end":{"line":80,"column":38}}],"line":80},"7":{"loc":{"start":{"line":94,"column":5},"end":{"line":94,"column":55}},"type":"binary-expr","locations":[{"start":{"line":94,"column":5},"end":{"line":94,"column":49}},{"start":{"line":94,"column":53},"end":{"line":94,"column":55}}],"line":94}},"s":{"0":5,"1":13,"2":13,"3":13,"4":13,"5":13,"6":13,"7":13,"8":13,"9":13,"10":13,"11":13,"12":13,"13":13,"14":13},"f":{"0":13,"1":13,"2":13,"3":13,"4":13,"5":13},"b":{"0":[13],"1":[12],"2":[13,0],"3":[13,0],"4":[13,0],"5":[13,12],"6":[13,8],"7":[13,0]},"_coverageSchema":"1a1c01bbd47fc00a2c39e90264f33305004495a9","hash":"d3fc73a928bc293a19332ab23b7ffa42ac160440"}
,"/Users/oshi/answers-react-components/src/components/AppliedFiltersDisplay.tsx": {"path":"/Users/oshi/answers-react-components/src/components/AppliedFiltersDisplay.tsx","statementMap":{"0":{"start":{"line":48,"column":6},"end":{"line":48,"column":11}},"1":{"start":{"line":49,"column":25},"end":{"line":49,"column":44}},"2":{"start":{"line":50,"column":21},"end":{"line":50,"column":96}},"3":{"start":{"line":50,"column":46},"end":{"line":50,"column":67}},"4":{"start":{"line":52,"column":36},"end":{"line":62,"column":37}},"5":{"start":{"line":53,"column":4},"end":{"line":53,"column":32}},"6":{"start":{"line":54,"column":4},"end":{"line":54,"column":33}},"7":{"start":{"line":55,"column":4},"end":{"line":60,"column":8}},"8":{"start":{"line":56,"column":6},"end":{"line":59,"column":8}},"9":{"start":{"line":61,"column":4},"end":{"line":61,"column":34}},"10":{"start":{"line":64,"column":28},"end":{"line":65,"column":93}},"11":{"start":{"line":66,"column":2},"end":{"line":68,"column":3}},"12":{"start":{"line":67,"column":4},"end":{"line":67,"column":16}},"13":{"start":{"line":70,"column":34},"end":{"line":79,"column":3}},"14":{"start":{"line":71,"column":40},"end":{"line":71,"column":46}},"15":{"start":{"line":72,"column":4},"end":{"line":75,"column":5}},"16":{"start":{"line":73,"column":6},"end":{"line":73,"column":91}},"17":{"start":{"line":74,"column":6},"end":{"line":74,"column":13}},"18":{"start":{"line":76,"column":4},"end":{"line":76,"column":32}},"19":{"start":{"line":77,"column":4},"end":{"line":77,"column":70}},"20":{"start":{"line":78,"column":4},"end":{"line":78,"column":34}},"21":{"start":{"line":81,"column":46},"end":{"line":108,"column":3}},"22":{"start":{"line":82,"column":24},"end":{"line":82,"column":29}},"23":{"start":{"line":85,"column":4},"end":{"line":94,"column":9}},"24":{"start":{"line":86,"column":35},"end":{"line":86,"column":72}},"25":{"start":{"line":88,"column":8},"end":{"line":93,"column":9}},"26":{"start":{"line":89,"column":10},"end":{"line":92,"column":20}},"27":{"start":{"line":96,"column":30},"end":{"line":96,"column":107}},"28":{"start":{"line":97,"column":24},"end":{"line":98,"column":85}},"29":{"start":{"line":98,"column":33},"end":{"line":98,"column":84}},"30":{"start":{"line":100,"column":4},"end":{"line":103,"column":13}},"31":{"start":{"line":105,"column":4},"end":{"line":105,"column":32}},"32":{"start":{"line":106,"column":4},"end":{"line":106,"column":98}},"33":{"start":{"line":107,"column":4},"end":{"line":107,"column":34}},"34":{"start":{"line":110,"column":41},"end":{"line":114,"column":3}},"35":{"start":{"line":111,"column":4},"end":{"line":111,"column":32}},"36":{"start":{"line":112,"column":4},"end":{"line":112,"column":67}},"37":{"start":{"line":113,"column":4},"end":{"line":113,"column":34}},"38":{"start":{"line":117,"column":4},"end":{"line":125,"column":10}},"39":{"start":{"line":118,"column":6},"end":{"line":125,"column":10}},"40":{"start":{"line":119,"column":8},"end":{"line":125,"column":10}},"41":{"start":{"line":127,"column":30},"end":{"line":127,"column":100}},"42":{"start":{"line":128,"column":2},"end":{"line":150,"column":4}},"43":{"start":{"line":131,"column":8},"end":{"line":131,"column":86}},"44":{"start":{"line":134,"column":8},"end":{"line":140,"column":10}},"45":{"start":{"line":159,"column":22},"end":{"line":159,"column":97}},"46":{"start":{"line":159,"column":40},"end":{"line":159,"column":66}},"47":{"start":{"line":160,"column":2},"end":{"line":170,"column":4}},"48":{"start":{"line":177,"column":2},"end":{"line":181,"column":4}}},"fnMap":{"0":{"name":"AppliedFiltersDisplay","decl":{"start":{"line":40,"column":16},"end":{"line":40,"column":37}},"loc":{"start":{"line":40,"column":93},"end":{"line":151,"column":1}},"line":40},"1":{"name":"(anonymous_1)","decl":{"start":{"line":50,"column":37},"end":{"line":50,"column":38}},"loc":{"start":{"line":50,"column":46},"end":{"line":50,"column":67}},"line":50},"2":{"name":"(anonymous_2)","decl":{"start":{"line":52,"column":48},"end":{"line":52,"column":49}},"loc":{"start":{"line":52,"column":54},"end":{"line":62,"column":3}},"line":52},"3":{"name":"(anonymous_3)","decl":{"start":{"line":55,"column":54},"end":{"line":55,"column":55}},"loc":{"start":{"line":55,"column":59},"end":{"line":60,"column":5}},"line":55},"4":{"name":"(anonymous_4)","decl":{"start":{"line":70,"column":34},"end":{"line":70,"column":35}},"loc":{"start":{"line":70,"column":65},"end":{"line":79,"column":3}},"line":70},"5":{"name":"(anonymous_5)","decl":{"start":{"line":81,"column":46},"end":{"line":81,"column":47}},"loc":{"start":{"line":81,"column":87},"end":{"line":108,"column":3}},"line":81},"6":{"name":"(anonymous_6)","decl":{"start":{"line":86,"column":14},"end":{"line":86,"column":15}},"loc":{"start":{"line":86,"column":35},"end":{"line":86,"column":72}},"line":86},"7":{"name":"(anonymous_7)","decl":{"start":{"line":87,"column":15},"end":{"line":87,"column":16}},"loc":{"start":{"line":87,"column":36},"end":{"line":94,"column":7}},"line":87},"8":{"name":"(anonymous_8)","decl":{"start":{"line":98,"column":12},"end":{"line":98,"column":13}},"loc":{"start":{"line":98,"column":33},"end":{"line":98,"column":84}},"line":98},"9":{"name":"(anonymous_9)","decl":{"start":{"line":110,"column":41},"end":{"line":110,"column":42}},"loc":{"start":{"line":110,"column":72},"end":{"line":114,"column":3}},"line":110},"10":{"name":"(anonymous_10)","decl":{"start":{"line":117,"column":4},"end":{"line":117,"column":5}},"loc":{"start":{"line":118,"column":6},"end":{"line":125,"column":10}},"line":118},"11":{"name":"(anonymous_11)","decl":{"start":{"line":118,"column":6},"end":{"line":118,"column":7}},"loc":{"start":{"line":119,"column":8},"end":{"line":125,"column":10}},"line":119},"12":{"name":"(anonymous_12)","decl":{"start":{"line":130,"column":22},"end":{"line":130,"column":23}},"loc":{"start":{"line":131,"column":8},"end":{"line":131,"column":86}},"line":131},"13":{"name":"(anonymous_13)","decl":{"start":{"line":133,"column":30},"end":{"line":133,"column":31}},"loc":{"start":{"line":134,"column":8},"end":{"line":140,"column":10}},"line":134},"14":{"name":"RemovableFilter","decl":{"start":{"line":153,"column":9},"end":{"line":153,"column":24}},"loc":{"start":{"line":158,"column":16},"end":{"line":171,"column":1}},"line":158},"15":{"name":"(anonymous_15)","decl":{"start":{"line":159,"column":34},"end":{"line":159,"column":35}},"loc":{"start":{"line":159,"column":40},"end":{"line":159,"column":66}},"line":159},"16":{"name":"NlpFilter","decl":{"start":{"line":173,"column":9},"end":{"line":173,"column":18}},"loc":{"start":{"line":176,"column":16},"end":{"line":182,"column":1}},"line":176}},"branchMap":{"0":{"loc":{"start":{"line":42,"column":4},"end":{"line":42,"column":19}},"type":"default-arg","locations":[{"start":{"line":42,"column":17},"end":{"line":42,"column":19}}],"line":42},"1":{"loc":{"start":{"line":43,"column":4},"end":{"line":43,"column":22}},"type":"default-arg","locations":[{"start":{"line":43,"column":20},"end":{"line":43,"column":22}}],"line":43},"2":{"loc":{"start":{"line":44,"column":4},"end":{"line":44,"column":15}},"type":"default-arg","locations":[{"start":{"line":44,"column":13},"end":{"line":44,"column":15}}],"line":44},"3":{"loc":{"start":{"line":45,"column":4},"end":{"line":45,"column":27}},"type":"default-arg","locations":[{"start":{"line":45,"column":25},"end":{"line":45,"column":27}}],"line":45},"4":{"loc":{"start":{"line":46,"column":4},"end":{"line":46,"column":64}},"type":"default-arg","locations":[{"start":{"line":46,"column":34},"end":{"line":46,"column":64}}],"line":46},"5":{"loc":{"start":{"line":47,"column":4},"end":{"line":47,"column":19}},"type":"default-arg","locations":[{"start":{"line":47,"column":17},"end":{"line":47,"column":19}}],"line":47},"6":{"loc":{"start":{"line":66,"column":2},"end":{"line":68,"column":3}},"type":"if","locations":[{"start":{"line":66,"column":2},"end":{"line":68,"column":3}},{"start":{},"end":{}}],"line":66},"7":{"loc":{"start":{"line":72,"column":4},"end":{"line":75,"column":5}},"type":"if","locations":[{"start":{"line":72,"column":4},"end":{"line":75,"column":5}},{"start":{},"end":{}}],"line":72},"8":{"loc":{"start":{"line":88,"column":8},"end":{"line":93,"column":9}},"type":"if","locations":[{"start":{"line":88,"column":8},"end":{"line":93,"column":9}},{"start":{},"end":{}}],"line":88},"9":{"loc":{"start":{"line":100,"column":4},"end":{"line":103,"column":12}},"type":"binary-expr","locations":[{"start":{"line":100,"column":4},"end":{"line":100,"column":15}},{"start":{"line":100,"column":19},"end":{"line":103,"column":12}}],"line":100},"10":{"loc":{"start":{"line":120,"column":23},"end":{"line":120,"column":47}},"type":"binary-expr","locations":[{"start":{"line":120,"column":23},"end":{"line":120,"column":41}},{"start":{"line":120,"column":45},"end":{"line":120,"column":47}}],"line":120},"11":{"loc":{"start":{"line":144,"column":7},"end":{"line":147,"column":17}},"type":"binary-expr","locations":[{"start":{"line":144,"column":7},"end":{"line":144,"column":17}},{"start":{"line":144,"column":21},"end":{"line":144,"column":40}},{"start":{"line":145,"column":8},"end":{"line":147,"column":17}}],"line":144}},"s":{"0":15,"1":15,"2":15,"3":15,"4":15,"5":1,"6":1,"7":1,"8":2,"9":1,"10":15,"11":15,"12":1,"13":14,"14":1,"15":1,"16":0,"17":0,"18":1,"19":1,"20":1,"21":14,"22":2,"23":2,"24":6,"25":6,"26":2,"27":2,"28":2,"29":5,"30":2,"31":2,"32":2,"33":2,"34":14,"35":1,"36":1,"37":1,"38":14,"39":28,"40":23,"41":14,"42":14,"43":14,"44":16,"45":39,"46":4,"47":39,"48":14},"f":{"0":15,"1":15,"2":1,"3":2,"4":1,"5":2,"6":6,"7":6,"8":5,"9":1,"10":28,"11":23,"12":14,"13":16,"14":39,"15":4,"16":14},"b":{"0":[0],"1":[2],"2":[2],"3":[2],"4":[2],"5":[0],"6":[1,14],"7":[0,1],"8":[2,4],"9":[2,1],"10":[23,0],"11":[14,13,13]},"_coverageSchema":"1a1c01bbd47fc00a2c39e90264f33305004495a9","hash":"443f60797419e14935f1b9812659be83d44c8962"}
,"/Users/oshi/answers-react-components/src/components/ApplyFiltersButton.tsx": {"path":"/Users/oshi/answers-react-components/src/components/ApplyFiltersButton.tsx","statementMap":{"0":{"start":{"line":27,"column":56},"end":{"line":29,"column":1}},"1":{"start":{"line":45,"column":21},"end":{"line":45,"column":66}},"2":{"start":{"line":46,"column":25},"end":{"line":46,"column":44}},"3":{"start":{"line":47,"column":22},"end":{"line":49,"column":22}},"4":{"start":{"line":48,"column":4},"end":{"line":48,"column":34}},"5":{"start":{"line":51,"column":2},"end":{"line":58,"column":4}}},"fnMap":{"0":{"name":"ApplyFiltersButton","decl":{"start":{"line":41,"column":16},"end":{"line":41,"column":34}},"loc":{"start":{"line":44,"column":41},"end":{"line":59,"column":1}},"line":44},"1":{"name":"(anonymous_1)","decl":{"start":{"line":47,"column":34},"end":{"line":47,"column":35}},"loc":{"start":{"line":47,"column":40},"end":{"line":49,"column":3}},"line":47}},"branchMap":{"0":{"loc":{"start":{"line":43,"column":2},"end":{"line":43,"column":25}},"type":"default-arg","locations":[{"start":{"line":43,"column":10},"end":{"line":43,"column":25}}],"line":43}},"s":{"0":4,"1":0,"2":0,"3":0,"4":0,"5":0},"f":{"0":0,"1":0},"b":{"0":[0]},"_coverageSchema":"1a1c01bbd47fc00a2c39e90264f33305004495a9","hash":"7878d3d5c360ba972243cf0d543078a1709db162"}
,"/Users/oshi/answers-react-components/src/components/DirectAnswer.tsx": {"path":"/Users/oshi/answers-react-components/src/components/DirectAnswer.tsx","statementMap":{"0":{"start":{"line":44,"column":50},"end":{"line":59,"column":1}},"1":{"start":{"line":70,"column":29},"end":{"line":70,"column":80}},"2":{"start":{"line":70,"column":54},"end":{"line":70,"column":79}},"3":{"start":{"line":71,"column":20},"end":{"line":71,"column":83}},"4":{"start":{"line":71,"column":45},"end":{"line":71,"column":82}},"5":{"start":{"line":72,"column":29},"end":{"line":72,"column":93}},"6":{"start":{"line":74,"column":33},"end":{"line":74,"column":110}},"7":{"start":{"line":75,"column":36},"end":{"line":75,"column":99}},"8":{"start":{"line":77,"column":2},"end":{"line":79,"column":3}},"9":{"start":{"line":78,"column":4},"end":{"line":78,"column":16}},"10":{"start":{"line":81,"column":21},"end":{"line":81,"column":92}},"11":{"start":{"line":82,"column":16},"end":{"line":84,"column":74}},"12":{"start":{"line":85,"column":33},"end":{"line":87,"column":30}},"13":{"start":{"line":88,"column":15},"end":{"line":88,"column":52}},"14":{"start":{"line":91,"column":22},"end":{"line":91,"column":82}},"15":{"start":{"line":92,"column":17},"end":{"line":92,"column":54}},"16":{"start":{"line":94,"column":4},"end":{"line":114,"column":9}},"17":{"start":{"line":117,"column":30},"end":{"line":119,"column":4}},"18":{"start":{"line":121,"column":2},"end":{"line":136,"column":4}},"19":{"start":{"line":140,"column":20},"end":{"line":140,"column":61}},"20":{"start":{"line":141,"column":2},"end":{"line":145,"column":4}}},"fnMap":{"0":{"name":"DirectAnswer","decl":{"start":{"line":69,"column":16},"end":{"line":69,"column":28}},"loc":{"start":{"line":69,"column":75},"end":{"line":137,"column":1}},"line":69},"1":{"name":"(anonymous_1)","decl":{"start":{"line":70,"column":45},"end":{"line":70,"column":46}},"loc":{"start":{"line":70,"column":54},"end":{"line":70,"column":79}},"line":70},"2":{"name":"(anonymous_2)","decl":{"start":{"line":71,"column":36},"end":{"line":71,"column":37}},"loc":{"start":{"line":71,"column":45},"end":{"line":71,"column":82}},"line":71},"3":{"name":"getLinkText","decl":{"start":{"line":90,"column":11},"end":{"line":90,"column":22}},"loc":{"start":{"line":90,"column":61},"end":{"line":115,"column":3}},"line":90},"4":{"name":"getCssClassesForAnswerType","decl":{"start":{"line":139,"column":9},"end":{"line":139,"column":35}},"loc":{"start":{"line":139,"column":96},"end":{"line":146,"column":1}},"line":139}},"branchMap":{"0":{"loc":{"start":{"line":71,"column":45},"end":{"line":71,"column":82}},"type":"binary-expr","locations":[{"start":{"line":71,"column":45},"end":{"line":71,"column":73}},{"start":{"line":71,"column":77},"end":{"line":71,"column":82}}],"line":71},"1":{"loc":{"start":{"line":77,"column":2},"end":{"line":79,"column":3}},"type":"if","locations":[{"start":{"line":77,"column":2},"end":{"line":79,"column":3}},{"start":{},"end":{}}],"line":77},"2":{"loc":{"start":{"line":82,"column":16},"end":{"line":84,"column":74}},"type":"cond-expr","locations":[{"start":{"line":83,"column":6},"end":{"line":83,"column":30}},{"start":{"line":84,"column":6},"end":{"line":84,"column":74}}],"line":82},"3":{"loc":{"start":{"line":85,"column":33},"end":{"line":87,"column":30}},"type":"cond-expr","locations":[{"start":{"line":86,"column":6},"end":{"line":86,"column":97}},{"start":{"line":87,"column":6},"end":{"line":87,"column":30}}],"line":85},"4":{"loc":{"start":{"line":95,"column":7},"end":{"line":104,"column":12}},"type":"binary-expr","locations":[{"start":{"line":95,"column":7},"end":{"line":95,"column":16}},{"start":{"line":95,"column":20},"end":{"line":95,"column":24}},{"start":{"line":95,"column":28},"end":{"line":104,"column":12}}],"line":95},"5":{"loc":{"start":{"line":105,"column":7},"end":{"line":113,"column":12}},"type":"binary-expr","locations":[{"start":{"line":105,"column":7},"end":{"line":105,"column":17}},{"start":{"line":105,"column":21},"end":{"line":105,"column":25}},{"start":{"line":105,"column":29},"end":{"line":113,"column":12}}],"line":105},"6":{"loc":{"start":{"line":118,"column":5},"end":{"line":118,"column":41}},"type":"binary-expr","locations":[{"start":{"line":118,"column":5},"end":{"line":118,"column":35}},{"start":{"line":118,"column":39},"end":{"line":118,"column":41}}],"line":118},"7":{"loc":{"start":{"line":124,"column":9},"end":{"line":125,"column":57}},"type":"binary-expr","locations":[{"start":{"line":124,"column":9},"end":{"line":124,"column":14}},{"start":{"line":125,"column":10},"end":{"line":125,"column":57}}],"line":124},"8":{"loc":{"start":{"line":128,"column":11},"end":{"line":128,"column":50}},"type":"binary-expr","locations":[{"start":{"line":128,"column":11},"end":{"line":128,"column":15}},{"start":{"line":128,"column":19},"end":{"line":128,"column":50}}],"line":128},"9":{"loc":{"start":{"line":143,"column":11},"end":{"line":143,"column":83}},"type":"cond-expr","locations":[{"start":{"line":143,"column":23},"end":{"line":143,"column":54}},{"start":{"line":143,"column":57},"end":{"line":143,"column":83}}],"line":143},"10":{"loc":{"start":{"line":144,"column":17},"end":{"line":144,"column":101}},"type":"cond-expr","locations":[{"start":{"line":144,"column":29},"end":{"line":144,"column":66}},{"start":{"line":144,"column":69},"end":{"line":144,"column":101}}],"line":144}},"s":{"0":5,"1":13,"2":13,"3":13,"4":13,"5":13,"6":13,"7":13,"8":13,"9":1,"10":12,"11":12,"12":12,"13":12,"14":12,"15":12,"16":12,"17":12,"18":12,"19":12,"20":12},"f":{"0":13,"1":13,"2":13,"3":12,"4":12},"b":{"0":[13,13],"1":[1,12],"2":[6,6],"3":[6,6],"4":[12,6,6],"5":[12,6,6],"6":[12,0],"7":[12,12],"8":[12,12],"9":[6,6],"10":[6,6]},"_coverageSchema":"1a1c01bbd47fc00a2c39e90264f33305004495a9","hash":"97c60ec75932344417b47a6dcc9f0d1880577d23"}
,"/Users/oshi/answers-react-components/src/components/FilterGroup.tsx": {"path":"/Users/oshi/answers-react-components/src/components/FilterGroup.tsx","statementMap":{"0":{"start":{"line":62,"column":21},"end":{"line":70,"column":24}},"1":{"start":{"line":63,"column":70},"end":{"line":63,"column":86}},"2":{"start":{"line":64,"column":4},"end":{"line":69,"column":6}},"3":{"start":{"line":73,"column":4},"end":{"line":78,"column":16}},"4":{"start":{"line":80,"column":2},"end":{"line":100,"column":4}},"5":{"start":{"line":89,"column":10},"end":{"line":95,"column":12}}},"fnMap":{"0":{"name":"FilterGroup","decl":{"start":{"line":52,"column":16},"end":{"line":52,"column":27}},"loc":{"start":{"line":61,"column":40},"end":{"line":101,"column":1}},"line":61},"1":{"name":"(anonymous_1)","decl":{"start":{"line":62,"column":29},"end":{"line":62,"column":30}},"loc":{"start":{"line":62,"column":35},"end":{"line":70,"column":3}},"line":62},"2":{"name":"renderTitle","decl":{"start":{"line":72,"column":11},"end":{"line":72,"column":22}},"loc":{"start":{"line":72,"column":25},"end":{"line":79,"column":3}},"line":72},"3":{"name":"(anonymous_3)","decl":{"start":{"line":88,"column":27},"end":{"line":88,"column":28}},"loc":{"start":{"line":88,"column":32},"end":{"line":96,"column":9}},"line":88}},"branchMap":{"0":{"loc":{"start":{"line":56,"column":2},"end":{"line":56,"column":20}},"type":"default-arg","locations":[{"start":{"line":56,"column":16},"end":{"line":56,"column":20}}],"line":56},"1":{"loc":{"start":{"line":57,"column":2},"end":{"line":57,"column":24}},"type":"default-arg","locations":[{"start":{"line":57,"column":20},"end":{"line":57,"column":24}}],"line":57},"2":{"loc":{"start":{"line":59,"column":2},"end":{"line":59,"column":23}},"type":"default-arg","locations":[{"start":{"line":59,"column":21},"end":{"line":59,"column":23}}],"line":59},"3":{"loc":{"start":{"line":66,"column":9},"end":{"line":66,"column":46}},"type":"binary-expr","locations":[{"start":{"line":66,"column":9},"end":{"line":66,"column":15}},{"start":{"line":66,"column":19},"end":{"line":66,"column":46}}],"line":66},"4":{"loc":{"start":{"line":67,"column":9},"end":{"line":67,"column":46}},"type":"binary-expr","locations":[{"start":{"line":67,"column":9},"end":{"line":67,"column":20}},{"start":{"line":67,"column":24},"end":{"line":67,"column":46}}],"line":67},"5":{"loc":{"start":{"line":68,"column":9},"end":{"line":68,"column":46}},"type":"binary-expr","locations":[{"start":{"line":68,"column":9},"end":{"line":68,"column":20}},{"start":{"line":68,"column":24},"end":{"line":68,"column":46}}],"line":68},"6":{"loc":{"start":{"line":73,"column":11},"end":{"line":78,"column":15}},"type":"cond-expr","locations":[{"start":{"line":74,"column":8},"end":{"line":74,"column":42}},{"start":{"line":75,"column":9},"end":{"line":78,"column":14}}],"line":73},"7":{"loc":{"start":{"line":75,"column":9},"end":{"line":78,"column":14}},"type":"binary-expr","locations":[{"start":{"line":75,"column":9},"end":{"line":75,"column":14}},{"start":{"line":76,"column":8},"end":{"line":78,"column":14}}],"line":75},"8":{"loc":{"start":{"line":83,"column":23},"end":{"line":83,"column":54}},"type":"binary-expr","locations":[{"start":{"line":83,"column":23},"end":{"line":83,"column":35}},{"start":{"line":83,"column":39},"end":{"line":83,"column":54}}],"line":83},"9":{"loc":{"start":{"line":87,"column":9},"end":{"line":87,"column":73}},"type":"binary-expr","locations":[{"start":{"line":87,"column":9},"end":{"line":87,"column":19}},{"start":{"line":87,"column":23},"end":{"line":87,"column":73}}],"line":87},"10":{"loc":{"start":{"line":92,"column":19},"end":{"line":92,"column":54}},"type":"binary-expr","locations":[{"start":{"line":92,"column":19},"end":{"line":92,"column":32}},{"start":{"line":92,"column":36},"end":{"line":92,"column":54}}],"line":92}},"s":{"0":23,"1":23,"2":23,"3":23,"4":23,"5":68},"f":{"0":23,"1":23,"2":23,"3":68},"b":{"0":[21],"1":[21],"2":[0],"3":[23,0],"4":[23,0],"5":[23,0],"6":[21,2],"7":[2,2],"8":[23,21],"9":[23,1],"10":[68,33]},"_coverageSchema":"1a1c01bbd47fc00a2c39e90264f33305004495a9","hash":"f69e051d49cc0189568a23e95d55b19d9f9d6aff"}
,"/Users/oshi/answers-react-components/src/components/FilterSearch.tsx": {"path":"/Users/oshi/answers-react-components/src/components/FilterSearch.tsx","statementMap":{"0":{"start":{"line":30,"column":50},"end":{"line":39,"column":1}},"1":{"start":{"line":71,"column":25},"end":{"line":71,"column":44}},"2":{"start":{"line":72,"column":28},"end":{"line":74,"column":4}},"3":{"start":{"line":73,"column":4},"end":{"line":73,"column":52}},"4":{"start":{"line":75,"column":21},"end":{"line":75,"column":79}},"5":{"start":{"line":80,"column":6},"end":{"line":83,"column":3}},"6":{"start":{"line":81,"column":18},"end":{"line":81,"column":100}},"7":{"start":{"line":82,"column":11},"end":{"line":82,"column":81}},"8":{"start":{"line":84,"column":19},"end":{"line":86,"column":38}},"9":{"start":{"line":85,"column":4},"end":{"line":85,"column":94}},"10":{"start":{"line":85,"column":60},"end":{"line":85,"column":86}},"11":{"start":{"line":88,"column":21},"end":{"line":88,"column":64}},"12":{"start":{"line":88,"column":43},"end":{"line":88,"column":52}},"13":{"start":{"line":90,"column":31},"end":{"line":98,"column":22}},"14":{"start":{"line":91,"column":19},"end":{"line":91,"column":45}},"15":{"start":{"line":92,"column":24},"end":{"line":92,"column":55}},"16":{"start":{"line":93,"column":4},"end":{"line":97,"column":5}},"17":{"start":{"line":94,"column":6},"end":{"line":94,"column":81}},"18":{"start":{"line":95,"column":6},"end":{"line":95,"column":34}},"19":{"start":{"line":96,"column":6},"end":{"line":96,"column":36}},"20":{"start":{"line":100,"column":36},"end":{"line":100,"column":107}},"21":{"start":{"line":100,"column":57},"end":{"line":100,"column":83}},"22":{"start":{"line":101,"column":29},"end":{"line":101,"column":65}},"23":{"start":{"line":101,"column":50},"end":{"line":101,"column":60}},"24":{"start":{"line":103,"column":25},"end":{"line":110,"column":16}},"25":{"start":{"line":104,"column":4},"end":{"line":109,"column":7}},"26":{"start":{"line":105,"column":6},"end":{"line":108,"column":10}},"27":{"start":{"line":105,"column":44},"end":{"line":108,"column":7}},"28":{"start":{"line":113,"column":4},"end":{"line":135,"column":7}},"29":{"start":{"line":114,"column":6},"end":{"line":134,"column":8}},"30":{"start":{"line":123,"column":14},"end":{"line":130,"column":29}},"31":{"start":{"line":138,"column":2},"end":{"line":162,"column":4}},"32":{"start":{"line":169,"column":25},"end":{"line":173,"column":4}},"33":{"start":{"line":174,"column":2},"end":{"line":176,"column":3}},"34":{"start":{"line":175,"column":4},"end":{"line":175,"column":28}},"35":{"start":{"line":177,"column":30},"end":{"line":186,"column":4}},"36":{"start":{"line":178,"column":23},"end":{"line":180,"column":35}},"37":{"start":{"line":181,"column":4},"end":{"line":185,"column":7}},"38":{"start":{"line":187,"column":2},"end":{"line":187,"column":51}},"39":{"start":{"line":188,"column":2},"end":{"line":188,"column":26}}},"fnMap":{"0":{"name":"FilterSearch","decl":{"start":{"line":65,"column":16},"end":{"line":65,"column":28}},"loc":{"start":{"line":70,"column":35},"end":{"line":163,"column":1}},"line":70},"1":{"name":"(anonymous_1)","decl":{"start":{"line":72,"column":45},"end":{"line":72,"column":46}},"loc":{"start":{"line":72,"column":62},"end":{"line":74,"column":3}},"line":72},"2":{"name":"(anonymous_2)","decl":{"start":{"line":81,"column":4},"end":{"line":81,"column":5}},"loc":{"start":{"line":81,"column":18},"end":{"line":81,"column":100}},"line":81},"3":{"name":"(anonymous_3)","decl":{"start":{"line":82,"column":4},"end":{"line":82,"column":5}},"loc":{"start":{"line":82,"column":11},"end":{"line":82,"column":81}},"line":82},"4":{"name":"(anonymous_4)","decl":{"start":{"line":84,"column":27},"end":{"line":84,"column":28}},"loc":{"start":{"line":84,"column":33},"end":{"line":86,"column":3}},"line":84},"5":{"name":"(anonymous_5)","decl":{"start":{"line":85,"column":49},"end":{"line":85,"column":50}},"loc":{"start":{"line":85,"column":60},"end":{"line":85,"column":86}},"line":85},"6":{"name":"(anonymous_6)","decl":{"start":{"line":88,"column":38},"end":{"line":88,"column":39}},"loc":{"start":{"line":88,"column":43},"end":{"line":88,"column":52}},"line":88},"7":{"name":"(anonymous_7)","decl":{"start":{"line":90,"column":43},"end":{"line":90,"column":44}},"loc":{"start":{"line":90,"column":73},"end":{"line":98,"column":3}},"line":90},"8":{"name":"(anonymous_8)","decl":{"start":{"line":100,"column":48},"end":{"line":100,"column":49}},"loc":{"start":{"line":100,"column":57},"end":{"line":100,"column":83}},"line":100},"9":{"name":"(anonymous_9)","decl":{"start":{"line":101,"column":41},"end":{"line":101,"column":42}},"loc":{"start":{"line":101,"column":50},"end":{"line":101,"column":60}},"line":101},"10":{"name":"(anonymous_10)","decl":{"start":{"line":103,"column":33},"end":{"line":103,"column":34}},"loc":{"start":{"line":103,"column":39},"end":{"line":110,"column":3}},"line":103},"11":{"name":"(anonymous_11)","decl":{"start":{"line":104,"column":24},"end":{"line":104,"column":25}},"loc":{"start":{"line":104,"column":35},"end":{"line":109,"column":5}},"line":104},"12":{"name":"(anonymous_12)","decl":{"start":{"line":105,"column":33},"end":{"line":105,"column":34}},"loc":{"start":{"line":105,"column":44},"end":{"line":108,"column":7}},"line":105},"13":{"name":"renderDropdownItems","decl":{"start":{"line":112,"column":11},"end":{"line":112,"column":30}},"loc":{"start":{"line":112,"column":33},"end":{"line":136,"column":3}},"line":112},"14":{"name":"(anonymous_14)","decl":{"start":{"line":113,"column":24},"end":{"line":113,"column":25}},"loc":{"start":{"line":113,"column":51},"end":{"line":135,"column":5}},"line":113},"15":{"name":"(anonymous_15)","decl":{"start":{"line":122,"column":33},"end":{"line":122,"column":34}},"loc":{"start":{"line":123,"column":14},"end":{"line":130,"column":29}},"line":123},"16":{"name":"getScreenReaderText","decl":{"start":{"line":165,"column":9},"end":{"line":165,"column":28}},"loc":{"start":{"line":168,"column":5},"end":{"line":189,"column":1}},"line":168},"17":{"name":"(anonymous_17)","decl":{"start":{"line":177,"column":43},"end":{"line":177,"column":44}},"loc":{"start":{"line":177,"column":54},"end":{"line":186,"column":3}},"line":177}},"branchMap":{"0":{"loc":{"start":{"line":66,"column":2},"end":{"line":66,"column":18}},"type":"default-arg","locations":[{"start":{"line":66,"column":10},"end":{"line":66,"column":18}}],"line":66},"1":{"loc":{"start":{"line":67,"column":2},"end":{"line":67,"column":19}},"type":"default-arg","locations":[{"start":{"line":67,"column":14},"end":{"line":67,"column":19}}],"line":67},"2":{"loc":{"start":{"line":81,"column":53},"end":{"line":81,"column":69}},"type":"binary-expr","locations":[{"start":{"line":81,"column":53},"end":{"line":81,"column":63}},{"start":{"line":81,"column":67},"end":{"line":81,"column":69}}],"line":81},"3":{"loc":{"start":{"line":85,"column":11},"end":{"line":85,"column":93}},"type":"binary-expr","locations":[{"start":{"line":85,"column":11},"end":{"line":85,"column":87}},{"start":{"line":85,"column":91},"end":{"line":85,"column":93}}],"line":85},"4":{"loc":{"start":{"line":93,"column":4},"end":{"line":97,"column":5}},"type":"if","locations":[{"start":{"line":93,"column":4},"end":{"line":97,"column":5}},{"start":{},"end":{}}],"line":93},"5":{"loc":{"start":{"line":93,"column":8},"end":{"line":93,"column":29}},"type":"binary-expr","locations":[{"start":{"line":93,"column":8},"end":{"line":93,"column":14}},{"start":{"line":93,"column":18},"end":{"line":93,"column":29}}],"line":93},"6":{"loc":{"start":{"line":116,"column":11},"end":{"line":119,"column":18}},"type":"binary-expr","locations":[{"start":{"line":116,"column":11},"end":{"line":116,"column":24}},{"start":{"line":117,"column":12},"end":{"line":119,"column":18}}],"line":116},"7":{"loc":{"start":{"line":154,"column":11},"end":{"line":157,"column":18}},"type":"binary-expr","locations":[{"start":{"line":154,"column":11},"end":{"line":154,"column":21}},{"start":{"line":155,"column":12},"end":{"line":157,"column":18}}],"line":154},"8":{"loc":{"start":{"line":174,"column":2},"end":{"line":176,"column":3}},"type":"if","locations":[{"start":{"line":174,"column":2},"end":{"line":176,"column":3}},{"start":{},"end":{}}],"line":174},"9":{"loc":{"start":{"line":178,"column":23},"end":{"line":180,"column":35}},"type":"cond-expr","locations":[{"start":{"line":179,"column":8},"end":{"line":179,"column":52}},{"start":{"line":180,"column":8},"end":{"line":180,"column":35}}],"line":178}},"s":{"0":5,"1":26,"2":26,"3":26,"4":26,"5":26,"6":15,"7":0,"8":26,"9":24,"10":19,"11":26,"12":22,"13":26,"14":2,"15":2,"16":2,"17":2,"18":2,"19":2,"20":26,"21":15,"22":26,"23":2,"24":26,"25":24,"26":18,"27":30,"28":12,"29":22,"30":36,"31":26,"32":26,"33":26,"34":14,"35":12,"36":22,"37":22,"38":12,"39":12},"f":{"0":26,"1":26,"2":15,"3":0,"4":24,"5":19,"6":22,"7":2,"8":15,"9":2,"10":24,"11":18,"12":30,"13":12,"14":22,"15":36,"16":26,"17":22},"b":{"0":[26],"1":[26],"2":[15,0],"3":[24,13],"4":[2,0],"5":[2,2],"6":[22,20],"7":[26,12],"8":[14,12],"9":[20,2]},"_coverageSchema":"1a1c01bbd47fc00a2c39e90264f33305004495a9","hash":"3e0c8c1fbc638b85626c88a048dcfa78f149611f"}
,"/Users/oshi/answers-react-components/src/components/HierarchicalFacets.tsx": {"path":"/Users/oshi/answers-react-components/src/components/HierarchicalFacets.tsx","statementMap":{"0":{"start":{"line":56,"column":2},"end":{"line":85,"column":4}},"1":{"start":{"line":58,"column":17},"end":{"line":82,"column":10}},"2":{"start":{"line":59,"column":21},"end":{"line":59,"column":81}},"3":{"start":{"line":61,"column":10},"end":{"line":81,"column":12}},"4":{"start":{"line":89,"column":2},"end":{"line":89,"column":39}}},"fnMap":{"0":{"name":"HierarchicalFacets","decl":{"start":{"line":47,"column":16},"end":{"line":47,"column":34}},"loc":{"start":{"line":55,"column":28},"end":{"line":86,"column":1}},"line":55},"1":{"name":"(anonymous_1)","decl":{"start":{"line":58,"column":7},"end":{"line":58,"column":8}},"loc":{"start":{"line":58,"column":17},"end":{"line":82,"column":10}},"line":58},"2":{"name":"(anonymous_2)","decl":{"start":{"line":59,"column":16},"end":{"line":59,"column":17}},"loc":{"start":{"line":59,"column":21},"end":{"line":59,"column":81}},"line":59},"3":{"name":"(anonymous_3)","decl":{"start":{"line":60,"column":13},"end":{"line":60,"column":14}},"loc":{"start":{"line":60,"column":23},"end":{"line":82,"column":9}},"line":60},"4":{"name":"Divider","decl":{"start":{"line":88,"column":9},"end":{"line":88,"column":16}},"loc":{"start":{"line":88,"column":89},"end":{"line":90,"column":1}},"line":88}},"branchMap":{"0":{"loc":{"start":{"line":52,"column":2},"end":{"line":52,"column":23}},"type":"default-arg","locations":[{"start":{"line":52,"column":21},"end":{"line":52,"column":23}}],"line":52},"1":{"loc":{"start":{"line":59,"column":21},"end":{"line":59,"column":81}},"type":"binary-expr","locations":[{"start":{"line":59,"column":21},"end":{"line":59,"column":41}},{"start":{"line":59,"column":45},"end":{"line":59,"column":81}}],"line":59},"2":{"loc":{"start":{"line":65,"column":33},"end":{"line":65,"column":64}},"type":"binary-expr","locations":[{"start":{"line":65,"column":33},"end":{"line":65,"column":45}},{"start":{"line":65,"column":49},"end":{"line":65,"column":64}}],"line":65},"3":{"loc":{"start":{"line":67,"column":17},"end":{"line":69,"column":130}},"type":"cond-expr","locations":[{"start":{"line":68,"column":20},"end":{"line":68,"column":62}},{"start":{"line":69,"column":21},"end":{"line":69,"column":129}}],"line":67},"4":{"loc":{"start":{"line":69,"column":21},"end":{"line":69,"column":129}},"type":"binary-expr","locations":[{"start":{"line":69,"column":21},"end":{"line":69,"column":34}},{"start":{"line":69,"column":38},"end":{"line":69,"column":129}}],"line":69},"5":{"loc":{"start":{"line":79,"column":15},"end":{"line":79,"column":89}},"type":"binary-expr","locations":[{"start":{"line":79,"column":16},"end":{"line":79,"column":37}},{"start":{"line":79,"column":42},"end":{"line":79,"column":89}}],"line":79},"6":{"loc":{"start":{"line":88,"column":19},"end":{"line":88,"column":61}},"type":"default-arg","locations":[{"start":{"line":88,"column":31},"end":{"line":88,"column":61}}],"line":88}},"s":{"0":6,"1":6,"2":6,"3":6,"4":0},"f":{"0":6,"1":6,"2":6,"3":6,"4":0},"b":{"0":[6],"1":[6,6],"2":[6,0],"3":[0,6],"4":[6,6],"5":[6,0],"6":[0]},"_coverageSchema":"1a1c01bbd47fc00a2c39e90264f33305004495a9","hash":"6721ab4226e9fe6ea2c7ab3a1cd3d89bc169aace"}
,"/Users/oshi/answers-react-components/src/components/LocationBias.tsx": {"path":"/Users/oshi/answers-react-components/src/components/LocationBias.tsx","statementMap":{"0":{"start":{"line":21,"column":50},"end":{"line":26,"column":1}},"1":{"start":{"line":54,"column":25},"end":{"line":54,"column":44}},"2":{"start":{"line":55,"column":23},"end":{"line":55,"column":68}},"3":{"start":{"line":55,"column":44},"end":{"line":55,"column":67}},"4":{"start":{"line":56,"column":54},"end":{"line":56,"column":78}},"5":{"start":{"line":57,"column":21},"end":{"line":57,"column":79}},"6":{"start":{"line":59,"column":2},"end":{"line":59,"column":46}},"7":{"start":{"line":59,"column":34},"end":{"line":59,"column":46}},"8":{"start":{"line":62,"column":6},"end":{"line":64,"column":17}},"9":{"start":{"line":67,"column":4},"end":{"line":67,"column":32}},"10":{"start":{"line":68,"column":4},"end":{"line":78,"column":5}},"11":{"start":{"line":69,"column":23},"end":{"line":69,"column":64}},"12":{"start":{"line":70,"column":6},"end":{"line":73,"column":9}},"13":{"start":{"line":75,"column":6},"end":{"line":75,"column":23}},"14":{"start":{"line":77,"column":6},"end":{"line":77,"column":35}},"15":{"start":{"line":79,"column":4},"end":{"line":79,"column":34}},"16":{"start":{"line":82,"column":2},"end":{"line":103,"column":4}}},"fnMap":{"0":{"name":"LocationBias","decl":{"start":{"line":50,"column":16},"end":{"line":50,"column":28}},"loc":{"start":{"line":53,"column":42},"end":{"line":104,"column":1}},"line":53},"1":{"name":"(anonymous_1)","decl":{"start":{"line":55,"column":39},"end":{"line":55,"column":40}},"loc":{"start":{"line":55,"column":44},"end":{"line":55,"column":67}},"line":55},"2":{"name":"handleGeolocationClick","decl":{"start":{"line":66,"column":17},"end":{"line":66,"column":39}},"loc":{"start":{"line":66,"column":42},"end":{"line":80,"column":3}},"line":66}},"branchMap":{"0":{"loc":{"start":{"line":59,"column":2},"end":{"line":59,"column":46}},"type":"if","locations":[{"start":{"line":59,"column":2},"end":{"line":59,"column":46}},{"start":{},"end":{}}],"line":59},"1":{"loc":{"start":{"line":62,"column":6},"end":{"line":64,"column":17}},"type":"cond-expr","locations":[{"start":{"line":62,"column":55},"end":{"line":62,"column":93}},{"start":{"line":63,"column":10},"end":{"line":64,"column":17}}],"line":62},"2":{"loc":{"start":{"line":63,"column":10},"end":{"line":64,"column":17}},"type":"cond-expr","locations":[{"start":{"line":63,"column":63},"end":{"line":63,"column":91}},{"start":{"line":64,"column":12},"end":{"line":64,"column":17}}],"line":63},"3":{"loc":{"start":{"line":84,"column":7},"end":{"line":84,"column":84}},"type":"binary-expr","locations":[{"start":{"line":84,"column":7},"end":{"line":84,"column":25}},{"start":{"line":84,"column":29},"end":{"line":84,"column":84}}],"line":84},"4":{"loc":{"start":{"line":97,"column":7},"end":{"line":100,"column":14}},"type":"binary-expr","locations":[{"start":{"line":97,"column":7},"end":{"line":97,"column":25}},{"start":{"line":98,"column":8},"end":{"line":100,"column":14}}],"line":97}},"s":{"0":5,"1":10,"2":10,"3":10,"4":10,"5":10,"6":10,"7":1,"8":9,"9":2,"10":2,"11":2,"12":2,"13":0,"14":2,"15":2,"16":9},"f":{"0":10,"1":10,"2":2},"b":{"0":[1,9],"1":[3,6],"2":[6,0],"3":[9,2],"4":[9,2]},"_coverageSchema":"1a1c01bbd47fc00a2c39e90264f33305004495a9","hash":"29fd8c3215b9b980618fd4adb72ac615fd73bcf0"}
,"/Users/oshi/answers-react-components/src/components/NumericalFacets.tsx": {"path":"/Users/oshi/answers-react-components/src/components/NumericalFacets.tsx","statementMap":{"0":{"start":{"line":45,"column":35},"end":{"line":45,"column":41}},"1":{"start":{"line":63,"column":31},"end":{"line":70,"column":24}},"2":{"start":{"line":64,"column":85},"end":{"line":64,"column":101}},"3":{"start":{"line":65,"column":4},"end":{"line":69,"column":6}},"4":{"start":{"line":72,"column":2},"end":{"line":99,"column":4}},"5":{"start":{"line":74,"column":17},"end":{"line":96,"column":10}},"6":{"start":{"line":75,"column":21},"end":{"line":76,"column":84}},"7":{"start":{"line":78,"column":10},"end":{"line":95,"column":12}},"8":{"start":{"line":103,"column":2},"end":{"line":103,"column":75}},"9":{"start":{"line":107,"column":2},"end":{"line":107,"column":39}}},"fnMap":{"0":{"name":"NumericalFacets","decl":{"start":{"line":55,"column":16},"end":{"line":55,"column":31}},"loc":{"start":{"line":62,"column":25},"end":{"line":100,"column":1}},"line":62},"1":{"name":"(anonymous_1)","decl":{"start":{"line":63,"column":39},"end":{"line":63,"column":40}},"loc":{"start":{"line":63,"column":45},"end":{"line":70,"column":3}},"line":63},"2":{"name":"(anonymous_2)","decl":{"start":{"line":74,"column":7},"end":{"line":74,"column":8}},"loc":{"start":{"line":74,"column":17},"end":{"line":96,"column":10}},"line":74},"3":{"name":"(anonymous_3)","decl":{"start":{"line":75,"column":16},"end":{"line":75,"column":17}},"loc":{"start":{"line":75,"column":21},"end":{"line":76,"column":84}},"line":75},"4":{"name":"(anonymous_4)","decl":{"start":{"line":77,"column":13},"end":{"line":77,"column":14}},"loc":{"start":{"line":77,"column":23},"end":{"line":96,"column":9}},"line":77},"5":{"name":"isNumericalFacet","decl":{"start":{"line":102,"column":9},"end":{"line":102,"column":25}},"loc":{"start":{"line":102,"column":60},"end":{"line":104,"column":1}},"line":102},"6":{"name":"Divider","decl":{"start":{"line":106,"column":9},"end":{"line":106,"column":16}},"loc":{"start":{"line":106,"column":88},"end":{"line":108,"column":1}},"line":106}},"branchMap":{"0":{"loc":{"start":{"line":57,"column":2},"end":{"line":57,"column":23}},"type":"default-arg","locations":[{"start":{"line":57,"column":21},"end":{"line":57,"column":23}}],"line":57},"1":{"loc":{"start":{"line":59,"column":2},"end":{"line":59,"column":42}},"type":"default-arg","locations":[{"start":{"line":59,"column":16},"end":{"line":59,"column":42}}],"line":59},"2":{"loc":{"start":{"line":60,"column":2},"end":{"line":60,"column":23}},"type":"default-arg","locations":[{"start":{"line":60,"column":21},"end":{"line":60,"column":23}}],"line":60},"3":{"loc":{"start":{"line":75,"column":21},"end":{"line":76,"column":84}},"type":"binary-expr","locations":[{"start":{"line":75,"column":21},"end":{"line":75,"column":40}},{"start":{"line":76,"column":14},"end":{"line":76,"column":43}},{"start":{"line":76,"column":47},"end":{"line":76,"column":83}}],"line":75},"4":{"loc":{"start":{"line":93,"column":15},"end":{"line":93,"column":89}},"type":"binary-expr","locations":[{"start":{"line":93,"column":16},"end":{"line":93,"column":37}},{"start":{"line":93,"column":42},"end":{"line":93,"column":89}}],"line":93},"5":{"loc":{"start":{"line":103,"column":9},"end":{"line":103,"column":74}},"type":"binary-expr","locations":[{"start":{"line":103,"column":9},"end":{"line":103,"column":33}},{"start":{"line":103,"column":37},"end":{"line":103,"column":74}}],"line":103},"6":{"loc":{"start":{"line":106,"column":19},"end":{"line":106,"column":60}},"type":"default-arg","locations":[{"start":{"line":106,"column":30},"end":{"line":106,"column":60}}],"line":106}},"s":{"0":4,"1":6,"2":6,"3":6,"4":6,"5":6,"6":11,"7":6,"8":11,"9":5},"f":{"0":6,"1":6,"2":6,"3":11,"4":6,"5":11,"6":5},"b":{"0":[5],"1":[5],"2":[6],"3":[11,6,1],"4":[6,5],"5":[11,11],"6":[5]},"_coverageSchema":"1a1c01bbd47fc00a2c39e90264f33305004495a9","hash":"7e0fd97e1758208f0e6e1df7300521f1d8ae7db9"}
,"/Users/oshi/answers-react-components/src/components/Pagination.tsx": {"path":"/Users/oshi/answers-react-components/src/components/Pagination.tsx","statementMap":{"0":{"start":{"line":41,"column":58},"end":{"line":50,"column":1}},"1":{"start":{"line":60,"column":68},"end":{"line":60,"column":73}},"2":{"start":{"line":61,"column":21},"end":{"line":61,"column":89}},"3":{"start":{"line":62,"column":25},"end":{"line":62,"column":44}},"4":{"start":{"line":63,"column":31},"end":{"line":63,"column":89}},"5":{"start":{"line":63,"column":56},"end":{"line":63,"column":83}},"6":{"start":{"line":65,"column":4},"end":{"line":65,"column":96}},"7":{"start":{"line":65,"column":29},"end":{"line":65,"column":90}},"8":{"start":{"line":66,"column":20},"end":{"line":66,"column":74}},"9":{"start":{"line":66,"column":45},"end":{"line":66,"column":73}},"10":{"start":{"line":68,"column":21},"end":{"line":68,"column":41}},"11":{"start":{"line":69,"column":2},"end":{"line":71,"column":3}},"12":{"start":{"line":70,"column":4},"end":{"line":70,"column":46}},"13":{"start":{"line":73,"column":17},"end":{"line":73,"column":69}},"14":{"start":{"line":73,"column":42},"end":{"line":73,"column":63}},"15":{"start":{"line":74,"column":16},"end":{"line":74,"column":68}},"16":{"start":{"line":74,"column":41},"end":{"line":74,"column":61}},"17":{"start":{"line":75,"column":28},"end":{"line":75,"column":48}},"18":{"start":{"line":76,"column":23},"end":{"line":76,"column":54}},"19":{"start":{"line":78,"column":31},"end":{"line":78,"column":55}},"20":{"start":{"line":79,"column":25},"end":{"line":84,"column":84}},"21":{"start":{"line":80,"column":22},"end":{"line":80,"column":49}},"22":{"start":{"line":81,"column":4},"end":{"line":81,"column":40}},"23":{"start":{"line":82,"column":4},"end":{"line":82,"column":34}},"24":{"start":{"line":83,"column":4},"end":{"line":83,"column":73}},"25":{"start":{"line":86,"column":2},"end":{"line":88,"column":3}},"26":{"start":{"line":87,"column":4},"end":{"line":87,"column":16}},"27":{"start":{"line":90,"column":37},"end":{"line":90,"column":94}},"28":{"start":{"line":91,"column":40},"end":{"line":93,"column":4}},"29":{"start":{"line":95,"column":2},"end":{"line":153,"column":4}},"30":{"start":{"line":108,"column":10},"end":{"line":140,"column":11}},"31":{"start":{"line":110,"column":14},"end":{"line":117,"column":16}},"32":{"start":{"line":119,"column":14},"end":{"line":128,"column":16}},"33":{"start":{"line":130,"column":14},"end":{"line":139,"column":16}},"34":{"start":{"line":165,"column":44},"end":{"line":165,"column":49}},"35":{"start":{"line":166,"column":22},"end":{"line":168,"column":37}},"36":{"start":{"line":167,"column":4},"end":{"line":167,"column":34}},"37":{"start":{"line":170,"column":2},"end":{"line":179,"column":4}},"38":{"start":{"line":183,"column":37},"end":{"line":183,"column":39}},"39":{"start":{"line":184,"column":29},"end":{"line":184,"column":50}},"40":{"start":{"line":185,"column":25},"end":{"line":185,"column":46}},"41":{"start":{"line":187,"column":2},"end":{"line":191,"column":3}},"42":{"start":{"line":188,"column":4},"end":{"line":188,"column":63}},"43":{"start":{"line":189,"column":9},"end":{"line":191,"column":3}},"44":{"start":{"line":190,"column":4},"end":{"line":190,"column":96}},"45":{"start":{"line":190,"column":57},"end":{"line":190,"column":94}},"46":{"start":{"line":192,"column":2},"end":{"line":192,"column":48}},"47":{"start":{"line":193,"column":2},"end":{"line":198,"column":3}},"48":{"start":{"line":194,"column":4},"end":{"line":194,"column":73}},"49":{"start":{"line":195,"column":9},"end":{"line":198,"column":3}},"50":{"start":{"line":196,"column":4},"end":{"line":197,"column":81}},"51":{"start":{"line":197,"column":29},"end":{"line":197,"column":79}},"52":{"start":{"line":199,"column":2},"end":{"line":199,"column":26}}},"fnMap":{"0":{"name":"Pagination","decl":{"start":{"line":59,"column":16},"end":{"line":59,"column":26}},"loc":{"start":{"line":59,"column":71},"end":{"line":154,"column":1}},"line":59},"1":{"name":"(anonymous_1)","decl":{"start":{"line":63,"column":47},"end":{"line":63,"column":48}},"loc":{"start":{"line":63,"column":56},"end":{"line":63,"column":83}},"line":63},"2":{"name":"(anonymous_2)","decl":{"start":{"line":65,"column":20},"end":{"line":65,"column":21}},"loc":{"start":{"line":65,"column":29},"end":{"line":65,"column":90}},"line":65},"3":{"name":"(anonymous_3)","decl":{"start":{"line":66,"column":36},"end":{"line":66,"column":37}},"loc":{"start":{"line":66,"column":45},"end":{"line":66,"column":73}},"line":66},"4":{"name":"(anonymous_4)","decl":{"start":{"line":73,"column":33},"end":{"line":73,"column":34}},"loc":{"start":{"line":73,"column":42},"end":{"line":73,"column":63}},"line":73},"5":{"name":"(anonymous_5)","decl":{"start":{"line":74,"column":32},"end":{"line":74,"column":33}},"loc":{"start":{"line":74,"column":41},"end":{"line":74,"column":61}},"line":74},"6":{"name":"(anonymous_6)","decl":{"start":{"line":79,"column":37},"end":{"line":79,"column":38}},"loc":{"start":{"line":79,"column":64},"end":{"line":84,"column":3}},"line":79},"7":{"name":"(anonymous_7)","decl":{"start":{"line":107,"column":30},"end":{"line":107,"column":31}},"loc":{"start":{"line":107,"column":48},"end":{"line":141,"column":9}},"line":107},"8":{"name":"PaginationButton","decl":{"start":{"line":164,"column":9},"end":{"line":164,"column":25}},"loc":{"start":{"line":164,"column":95},"end":{"line":180,"column":1}},"line":164},"9":{"name":"(anonymous_9)","decl":{"start":{"line":166,"column":34},"end":{"line":166,"column":35}},"loc":{"start":{"line":166,"column":40},"end":{"line":168,"column":3}},"line":166},"10":{"name":"generatePaginationLabels","decl":{"start":{"line":182,"column":9},"end":{"line":182,"column":33}},"loc":{"start":{"line":182,"column":93},"end":{"line":200,"column":1}},"line":182},"11":{"name":"(anonymous_11)","decl":{"start":{"line":190,"column":43},"end":{"line":190,"column":44}},"loc":{"start":{"line":190,"column":57},"end":{"line":190,"column":94}},"line":190},"12":{"name":"(anonymous_12)","decl":{"start":{"line":197,"column":15},"end":{"line":197,"column":16}},"loc":{"start":{"line":197,"column":29},"end":{"line":197,"column":79}},"line":197}},"branchMap":{"0":{"loc":{"start":{"line":60,"column":10},"end":{"line":60,"column":31}},"type":"default-arg","locations":[{"start":{"line":60,"column":29},"end":{"line":60,"column":31}}],"line":60},"1":{"loc":{"start":{"line":60,"column":33},"end":{"line":60,"column":63}},"type":"default-arg","locations":[{"start":{"line":60,"column":58},"end":{"line":60,"column":63}}],"line":60},"2":{"loc":{"start":{"line":63,"column":31},"end":{"line":63,"column":89}},"type":"binary-expr","locations":[{"start":{"line":63,"column":31},"end":{"line":63,"column":84}},{"start":{"line":63,"column":88},"end":{"line":63,"column":89}}],"line":63},"3":{"loc":{"start":{"line":65,"column":4},"end":{"line":65,"column":96}},"type":"binary-expr","locations":[{"start":{"line":65,"column":4},"end":{"line":65,"column":91}},{"start":{"line":65,"column":95},"end":{"line":65,"column":96}}],"line":65},"4":{"loc":{"start":{"line":69,"column":2},"end":{"line":71,"column":3}},"type":"if","locations":[{"start":{"line":69,"column":2},"end":{"line":71,"column":3}},{"start":{},"end":{}}],"line":69},"5":{"loc":{"start":{"line":69,"column":6},"end":{"line":69,"column":58}},"type":"binary-expr","locations":[{"start":{"line":69,"column":6},"end":{"line":69,"column":32}},{"start":{"line":69,"column":36},"end":{"line":69,"column":58}}],"line":69},"6":{"loc":{"start":{"line":73,"column":17},"end":{"line":73,"column":69}},"type":"binary-expr","locations":[{"start":{"line":73,"column":17},"end":{"line":73,"column":64}},{"start":{"line":73,"column":68},"end":{"line":73,"column":69}}],"line":73},"7":{"loc":{"start":{"line":74,"column":16},"end":{"line":74,"column":68}},"type":"binary-expr","locations":[{"start":{"line":74,"column":16},"end":{"line":74,"column":62}},{"start":{"line":74,"column":66},"end":{"line":74,"column":68}}],"line":74},"8":{"loc":{"start":{"line":86,"column":2},"end":{"line":88,"column":3}},"type":"if","locations":[{"start":{"line":86,"column":2},"end":{"line":88,"column":3}},{"start":{},"end":{}}],"line":86},"9":{"loc":{"start":{"line":92,"column":5},"end":{"line":92,"column":51}},"type":"binary-expr","locations":[{"start":{"line":92,"column":5},"end":{"line":92,"column":45}},{"start":{"line":92,"column":49},"end":{"line":92,"column":51}}],"line":92},"10":{"loc":{"start":{"line":108,"column":10},"end":{"line":140,"column":11}},"type":"switch","locations":[{"start":{"line":109,"column":12},"end":{"line":117,"column":16}},{"start":{"line":118,"column":12},"end":{"line":128,"column":16}},{"start":{"line":129,"column":12},"end":{"line":139,"column":16}}],"line":108},"11":{"loc":{"start":{"line":187,"column":2},"end":{"line":191,"column":3}},"type":"if","locations":[{"start":{"line":187,"column":2},"end":{"line":191,"column":3}},{"start":{"line":189,"column":9},"end":{"line":191,"column":3}}],"line":187},"12":{"loc":{"start":{"line":189,"column":9},"end":{"line":191,"column":3}},"type":"if","locations":[{"start":{"line":189,"column":9},"end":{"line":191,"column":3}},{"start":{},"end":{}}],"line":189},"13":{"loc":{"start":{"line":193,"column":2},"end":{"line":198,"column":3}},"type":"if","locations":[{"start":{"line":193,"column":2},"end":{"line":198,"column":3}},{"start":{"line":195,"column":9},"end":{"line":198,"column":3}}],"line":193},"14":{"loc":{"start":{"line":195,"column":9},"end":{"line":198,"column":3}},"type":"if","locations":[{"start":{"line":195,"column":9},"end":{"line":198,"column":3}},{"start":{},"end":{}}],"line":195}},"s":{"0":5,"1":6,"2":6,"3":6,"4":6,"5":6,"6":6,"7":6,"8":6,"9":6,"10":6,"11":6,"12":2,"13":6,"14":6,"15":6,"16":6,"17":6,"18":6,"19":6,"20":6,"21":1,"22":1,"23":1,"24":1,"25":6,"26":3,"27":3,"28":3,"29":3,"30":11,"31":2,"32":3,"33":6,"34":15,"35":15,"36":1,"37":15,"38":3,"39":3,"40":3,"41":3,"42":0,"43":3,"44":0,"45":0,"46":3,"47":3,"48":2,"49":1,"50":1,"51":2,"52":3},"f":{"0":6,"1":6,"2":6,"3":6,"4":6,"5":6,"6":1,"7":11,"8":15,"9":1,"10":3,"11":0,"12":2},"b":{"0":[5],"1":[0],"2":[6,2],"3":[6,5],"4":[2,4],"5":[6,2],"6":[6,6],"7":[6,3],"8":[3,3],"9":[3,0],"10":[2,3,6],"11":[0,3],"12":[0,3],"13":[2,1],"14":[1,0]},"_coverageSchema":"1a1c01bbd47fc00a2c39e90264f33305004495a9","hash":"744ec3f4ada4e179efc35c79a6390f931a428a02"}
,"/Users/oshi/answers-react-components/src/components/ResultsCount.tsx": {"path":"/Users/oshi/answers-react-components/src/components/ResultsCount.tsx","statementMap":{"0":{"start":{"line":31,"column":50},"end":{"line":34,"column":1}},"1":{"start":{"line":44,"column":21},"end":{"line":44,"column":79}},"2":{"start":{"line":45,"column":20},"end":{"line":45,"column":74}},"3":{"start":{"line":45,"column":45},"end":{"line":45,"column":73}},"4":{"start":{"line":46,"column":27},"end":{"line":46,"column":44}},"5":{"start":{"line":48,"column":33},"end":{"line":50,"column":4}},"6":{"start":{"line":51,"column":2},"end":{"line":51,"column":74}},"7":{"start":{"line":58,"column":21},"end":{"line":58,"column":96}},"8":{"start":{"line":58,"column":46},"end":{"line":58,"column":67}},"9":{"start":{"line":59,"column":18},"end":{"line":59,"column":99}},"10":{"start":{"line":59,"column":43},"end":{"line":59,"column":98}},"11":{"start":{"line":60,"column":21},"end":{"line":60,"column":22}},"12":{"start":{"line":61,"column":2},"end":{"line":67,"column":3}},"13":{"start":{"line":62,"column":4},"end":{"line":66,"column":5}},"14":{"start":{"line":63,"column":6},"end":{"line":63,"column":93}},"15":{"start":{"line":63,"column":44},"end":{"line":63,"column":91}},"16":{"start":{"line":65,"column":6},"end":{"line":65,"column":47}},"17":{"start":{"line":68,"column":2},"end":{"line":70,"column":3}},"18":{"start":{"line":69,"column":4},"end":{"line":69,"column":16}},"19":{"start":{"line":71,"column":27},"end":{"line":75,"column":4}},"20":{"start":{"line":76,"column":2},"end":{"line":76,"column":26}},"21":{"start":{"line":80,"column":2},"end":{"line":80,"column":29}}},"fnMap":{"0":{"name":"ResultsCount","decl":{"start":{"line":43,"column":16},"end":{"line":43,"column":28}},"loc":{"start":{"line":43,"column":90},"end":{"line":52,"column":1}},"line":43},"1":{"name":"(anonymous_1)","decl":{"start":{"line":45,"column":36},"end":{"line":45,"column":37}},"loc":{"start":{"line":45,"column":45},"end":{"line":45,"column":73}},"line":45},"2":{"name":"useResultsCount","decl":{"start":{"line":57,"column":9},"end":{"line":57,"column":24}},"loc":{"start":{"line":57,"column":27},"end":{"line":77,"column":1}},"line":57},"3":{"name":"(anonymous_3)","decl":{"start":{"line":58,"column":37},"end":{"line":58,"column":38}},"loc":{"start":{"line":58,"column":46},"end":{"line":58,"column":67}},"line":58},"4":{"name":"(anonymous_4)","decl":{"start":{"line":59,"column":34},"end":{"line":59,"column":35}},"loc":{"start":{"line":59,"column":43},"end":{"line":59,"column":98}},"line":59},"5":{"name":"(anonymous_5)","decl":{"start":{"line":63,"column":22},"end":{"line":63,"column":23}},"loc":{"start":{"line":63,"column":44},"end":{"line":63,"column":91}},"line":63},"6":{"name":"isUniversalSearchResults","decl":{"start":{"line":79,"column":9},"end":{"line":79,"column":33}},"loc":{"start":{"line":79,"column":108},"end":{"line":81,"column":1}},"line":79}},"branchMap":{"0":{"loc":{"start":{"line":49,"column":5},"end":{"line":49,"column":47}},"type":"binary-expr","locations":[{"start":{"line":49,"column":5},"end":{"line":49,"column":41}},{"start":{"line":49,"column":45},"end":{"line":49,"column":47}}],"line":49},"1":{"loc":{"start":{"line":59,"column":43},"end":{"line":59,"column":98}},"type":"cond-expr","locations":[{"start":{"line":59,"column":56},"end":{"line":59,"column":70}},{"start":{"line":59,"column":73},"end":{"line":59,"column":98}}],"line":59},"2":{"loc":{"start":{"line":61,"column":2},"end":{"line":67,"column":3}},"type":"if","locations":[{"start":{"line":61,"column":2},"end":{"line":67,"column":3}},{"start":{},"end":{}}],"line":61},"3":{"loc":{"start":{"line":62,"column":4},"end":{"line":66,"column":5}},"type":"if","locations":[{"start":{"line":62,"column":4},"end":{"line":66,"column":5}},{"start":{"line":64,"column":11},"end":{"line":66,"column":5}}],"line":62},"4":{"loc":{"start":{"line":65,"column":21},"end":{"line":65,"column":46}},"type":"binary-expr","locations":[{"start":{"line":65,"column":21},"end":{"line":65,"column":41}},{"start":{"line":65,"column":45},"end":{"line":65,"column":46}}],"line":65},"5":{"loc":{"start":{"line":68,"column":2},"end":{"line":70,"column":3}},"type":"if","locations":[{"start":{"line":68,"column":2},"end":{"line":70,"column":3}},{"start":{},"end":{}}],"line":68}},"s":{"0":4,"1":0,"2":0,"3":0,"4":0,"5":0,"6":0,"7":0,"8":0,"9":0,"10":0,"11":0,"12":0,"13":0,"14":0,"15":0,"16":0,"17":0,"18":0,"19":0,"20":0,"21":0},"f":{"0":0,"1":0,"2":0,"3":0,"4":0,"5":0,"6":0},"b":{"0":[0,0],"1":[0,0],"2":[0,0],"3":[0,0],"4":[0,0],"5":[0,0]},"_coverageSchema":"1a1c01bbd47fc00a2c39e90264f33305004495a9","hash":"dfe72a3d83e6a83ca70c5d5f21612d84dfdff425"}
,"/Users/oshi/answers-react-components/src/components/ScreenReader.tsx": {"path":"/Users/oshi/answers-react-components/src/components/ScreenReader.tsx","statementMap":{"0":{"start":{"line":15,"column":2},"end":{"line":31,"column":4}}},"fnMap":{"0":{"name":"ScreenReader","decl":{"start":{"line":8,"column":16},"end":{"line":8,"column":28}},"loc":{"start":{"line":13,"column":30},"end":{"line":32,"column":1}},"line":13}},"branchMap":{},"s":{"0":236},"f":{"0":236},"b":{},"_coverageSchema":"1a1c01bbd47fc00a2c39e90264f33305004495a9","hash":"0c1bdf3f9fbdcc6b69132d565b3814bbb531a09b"}
,"/Users/oshi/answers-react-components/src/components/SearchBar.tsx": {"path":"/Users/oshi/answers-react-components/src/components/SearchBar.tsx","statementMap":{"0":{"start":{"line":43,"column":47},"end":{"line":65,"column":1}},"1":{"start":{"line":190,"column":6},"end":{"line":190,"column":36}},"2":{"start":{"line":191,"column":25},"end":{"line":191,"column":44}},"3":{"start":{"line":192,"column":27},"end":{"line":192,"column":48}},"4":{"start":{"line":193,"column":31},"end":{"line":193,"column":54}},"5":{"start":{"line":195,"column":16},"end":{"line":195,"column":65}},"6":{"start":{"line":195,"column":41},"end":{"line":195,"column":58}},"7":{"start":{"line":196,"column":21},"end":{"line":196,"column":79}},"8":{"start":{"line":197,"column":21},"end":{"line":197,"column":96}},"9":{"start":{"line":197,"column":46},"end":{"line":197,"column":67}},"10":{"start":{"line":198,"column":77},"end":{"line":200,"column":3}},"11":{"start":{"line":199,"column":10},"end":{"line":199,"column":51}},"12":{"start":{"line":204,"column":6},"end":{"line":204,"column":63}},"13":{"start":{"line":205,"column":65},"end":{"line":205,"column":103}},"14":{"start":{"line":206,"column":33},"end":{"line":208,"column":3}},"15":{"start":{"line":207,"column":4},"end":{"line":207,"column":54}},"16":{"start":{"line":210,"column":2},"end":{"line":214,"column":48}},"17":{"start":{"line":211,"column":4},"end":{"line":213,"column":5}},"18":{"start":{"line":212,"column":6},"end":{"line":212,"column":28}},"19":{"start":{"line":216,"column":28},"end":{"line":219,"column":53}},"20":{"start":{"line":217,"column":4},"end":{"line":217,"column":28}},"21":{"start":{"line":218,"column":4},"end":{"line":218,"column":47}},"22":{"start":{"line":221,"column":23},"end":{"line":227,"column":109}},"23":{"start":{"line":222,"column":4},"end":{"line":225,"column":5}},"24":{"start":{"line":223,"column":20},"end":{"line":223,"column":52}},"25":{"start":{"line":224,"column":6},"end":{"line":224,"column":38}},"26":{"start":{"line":226,"column":4},"end":{"line":226,"column":37}},"27":{"start":{"line":229,"column":23},"end":{"line":242,"column":80}},"28":{"start":{"line":230,"column":4},"end":{"line":230,"column":58}},"29":{"start":{"line":231,"column":4},"end":{"line":231,"column":32}},"30":{"start":{"line":232,"column":4},"end":{"line":232,"column":33}},"31":{"start":{"line":233,"column":4},"end":{"line":233,"column":44}},"32":{"start":{"line":234,"column":4},"end":{"line":238,"column":5}},"33":{"start":{"line":235,"column":6},"end":{"line":235,"column":107}},"34":{"start":{"line":237,"column":6},"end":{"line":237,"column":21}},"35":{"start":{"line":239,"column":4},"end":{"line":241,"column":5}},"36":{"start":{"line":240,"column":6},"end":{"line":240,"column":61}},"37":{"start":{"line":247,"column":6},"end":{"line":247,"column":76}},"38":{"start":{"line":248,"column":69},"end":{"line":248,"column":88}},"39":{"start":{"line":249,"column":25},"end":{"line":250,"column":86}},"40":{"start":{"line":251,"column":31},"end":{"line":256,"column":91}},"41":{"start":{"line":252,"column":4},"end":{"line":254,"column":5}},"42":{"start":{"line":253,"column":6},"end":{"line":253,"column":13}},"43":{"start":{"line":255,"column":4},"end":{"line":255,"column":79}},"44":{"start":{"line":258,"column":27},"end":{"line":262,"column":89}},"45":{"start":{"line":259,"column":4},"end":{"line":259,"column":35}},"46":{"start":{"line":260,"column":4},"end":{"line":260,"column":32}},"47":{"start":{"line":261,"column":4},"end":{"line":261,"column":59}},"48":{"start":{"line":264,"column":28},"end":{"line":268,"column":89}},"49":{"start":{"line":265,"column":4},"end":{"line":265,"column":35}},"50":{"start":{"line":266,"column":4},"end":{"line":266,"column":32}},"51":{"start":{"line":267,"column":4},"end":{"line":267,"column":59}},"52":{"start":{"line":270,"column":33},"end":{"line":274,"column":64}},"53":{"start":{"line":271,"column":4},"end":{"line":271,"column":29}},"54":{"start":{"line":272,"column":4},"end":{"line":272,"column":21}},"55":{"start":{"line":273,"column":4},"end":{"line":273,"column":48}},"56":{"start":{"line":277,"column":4},"end":{"line":286,"column":6}},"57":{"start":{"line":290,"column":4},"end":{"line":292,"column":5}},"58":{"start":{"line":291,"column":6},"end":{"line":291,"column":18}},"59":{"start":{"line":294,"column":37},"end":{"line":298,"column":5}},"60":{"start":{"line":300,"column":4},"end":{"line":315,"column":7}},"61":{"start":{"line":301,"column":6},"end":{"line":314,"column":21}},"62":{"start":{"line":318,"column":25},"end":{"line":324,"column":37}},"63":{"start":{"line":319,"column":4},"end":{"line":323,"column":13}},"64":{"start":{"line":320,"column":6},"end":{"line":322,"column":16}},"65":{"start":{"line":320,"column":54},"end":{"line":322,"column":7}},"66":{"start":{"line":327,"column":4},"end":{"line":358,"column":7}},"67":{"start":{"line":328,"column":6},"end":{"line":357,"column":17}},"68":{"start":{"line":343,"column":10},"end":{"line":355,"column":25}},"69":{"start":{"line":362,"column":4},"end":{"line":373,"column":6}},"70":{"start":{"line":376,"column":30},"end":{"line":376,"column":74}},"71":{"start":{"line":377,"column":36},"end":{"line":378,"column":98}},"72":{"start":{"line":379,"column":19},"end":{"line":380,"column":73}},"73":{"start":{"line":381,"column":27},"end":{"line":385,"column":3}},"74":{"start":{"line":386,"column":26},"end":{"line":388,"column":4}},"75":{"start":{"line":390,"column":31},"end":{"line":394,"column":25}},"76":{"start":{"line":391,"column":4},"end":{"line":393,"column":5}},"77":{"start":{"line":392,"column":6},"end":{"line":392,"column":26}},"78":{"start":{"line":396,"column":2},"end":{"line":426,"column":4}},"79":{"start":{"line":435,"column":2},"end":{"line":442,"column":4}},"80":{"start":{"line":450,"column":29},"end":{"line":456,"column":8}},"81":{"start":{"line":457,"column":29},"end":{"line":463,"column":8}},"82":{"start":{"line":464,"column":27},"end":{"line":470,"column":8}},"83":{"start":{"line":472,"column":15},"end":{"line":472,"column":73}},"84":{"start":{"line":473,"column":2},"end":{"line":479,"column":3}},"85":{"start":{"line":474,"column":4},"end":{"line":478,"column":7}},"86":{"start":{"line":480,"column":2},"end":{"line":480,"column":21}},"87":{"start":{"line":490,"column":29},"end":{"line":490,"column":49}},"88":{"start":{"line":491,"column":22},"end":{"line":494,"column":36}},"89":{"start":{"line":492,"column":4},"end":{"line":492,"column":19}},"90":{"start":{"line":493,"column":4},"end":{"line":493,"column":26}},"91":{"start":{"line":495,"column":2},"end":{"line":502,"column":4}},"92":{"start":{"line":509,"column":14},"end":{"line":509,"column":15}},"93":{"start":{"line":510,"column":2},"end":{"line":515,"column":5}},"94":{"start":{"line":511,"column":4},"end":{"line":513,"column":5}},"95":{"start":{"line":512,"column":6},"end":{"line":512,"column":14}},"96":{"start":{"line":514,"column":4},"end":{"line":514,"column":13}},"97":{"start":{"line":516,"column":2},"end":{"line":516,"column":15}}},"fnMap":{"0":{"name":"SearchBar","decl":{"start":{"line":172,"column":16},"end":{"line":172,"column":25}},"loc":{"start":{"line":183,"column":32},"end":{"line":427,"column":1}},"line":183},"1":{"name":"(anonymous_1)","decl":{"start":{"line":195,"column":32},"end":{"line":195,"column":33}},"loc":{"start":{"line":195,"column":41},"end":{"line":195,"column":58}},"line":195},"2":{"name":"(anonymous_2)","decl":{"start":{"line":197,"column":37},"end":{"line":197,"column":38}},"loc":{"start":{"line":197,"column":46},"end":{"line":197,"column":67}},"line":197},"3":{"name":"(anonymous_3)","decl":{"start":{"line":199,"column":4},"end":{"line":199,"column":5}},"loc":{"start":{"line":199,"column":10},"end":{"line":199,"column":51}},"line":199},"4":{"name":"(anonymous_4)","decl":{"start":{"line":206,"column":56},"end":{"line":206,"column":57}},"loc":{"start":{"line":207,"column":4},"end":{"line":207,"column":54}},"line":207},"5":{"name":"(anonymous_5)","decl":{"start":{"line":210,"column":12},"end":{"line":210,"column":13}},"loc":{"start":{"line":210,"column":18},"end":{"line":214,"column":3}},"line":210},"6":{"name":"(anonymous_6)","decl":{"start":{"line":216,"column":40},"end":{"line":216,"column":41}},"loc":{"start":{"line":216,"column":46},"end":{"line":219,"column":3}},"line":216},"7":{"name":"(anonymous_7)","decl":{"start":{"line":221,"column":35},"end":{"line":221,"column":36}},"loc":{"start":{"line":221,"column":41},"end":{"line":227,"column":3}},"line":221},"8":{"name":"(anonymous_8)","decl":{"start":{"line":229,"column":35},"end":{"line":229,"column":36}},"loc":{"start":{"line":229,"column":99},"end":{"line":242,"column":3}},"line":229},"9":{"name":"(anonymous_9)","decl":{"start":{"line":251,"column":43},"end":{"line":251,"column":44}},"loc":{"start":{"line":251,"column":62},"end":{"line":256,"column":3}},"line":251},"10":{"name":"(anonymous_10)","decl":{"start":{"line":258,"column":39},"end":{"line":258,"column":40}},"loc":{"start":{"line":258,"column":55},"end":{"line":262,"column":3}},"line":258},"11":{"name":"(anonymous_11)","decl":{"start":{"line":264,"column":40},"end":{"line":264,"column":41}},"loc":{"start":{"line":264,"column":56},"end":{"line":268,"column":3}},"line":264},"12":{"name":"(anonymous_12)","decl":{"start":{"line":270,"column":45},"end":{"line":270,"column":46}},"loc":{"start":{"line":270,"column":51},"end":{"line":274,"column":3}},"line":270},"13":{"name":"renderInput","decl":{"start":{"line":276,"column":11},"end":{"line":276,"column":22}},"loc":{"start":{"line":276,"column":25},"end":{"line":287,"column":3}},"line":276},"14":{"name":"renderRecentSearches","decl":{"start"
[...]
,"/Users/oshi/answers-react-components/src/utils/arrayutils.tsx": {"path":"/Users/oshi/answers-react-components/src/utils/arrayutils.tsx","statementMap":{"0":{"start":{"line":17,"column":38},"end":{"line":17,"column":41}},"1":{"start":{"line":18,"column":42},"end":{"line":18,"column":47}},"2":{"start":{"line":21,"column":2},"end":{"line":30,"column":14}},"3":{"start":{"line":22,"column":16},"end":{"line":22,"column":36}},"4":{"start":{"line":23,"column":18},"end":{"line":23,"column":40}},"5":{"start":{"line":24,"column":4},"end":{"line":28,"column":5}},"6":{"start":{"line":25,"column":6},"end":{"line":25,"column":28}},"7":{"start":{"line":27,"column":6},"end":{"line":27,"column":30}},"8":{"start":{"line":29,"column":4},"end":{"line":29,"column":18}}},"fnMap":{"0":{"name":"mapArrayToObject","decl":{"start":{"line":15,"column":16},"end":{"line":15,"column":32}},"loc":{"start":{"line":20,"column":20},"end":{"line":31,"column":1}},"line":20},"1":{"name":"(anonymous_1)","decl":{"start":{"line":17,"column":24},"end":{"line":17,"column":25}},"loc":{"start":{"line":17,"column":38},"end":{"line":17,"column":41}},"line":17},"2":{"name":"(anonymous_2)","decl":{"start":{"line":18,"column":26},"end":{"line":18,"column":27}},"loc":{"start":{"line":18,"column":42},"end":{"line":18,"column":47}},"line":18},"3":{"name":"(anonymous_3)","decl":{"start":{"line":21,"column":20},"end":{"line":21,"column":21}},"loc":{"start":{"line":21,"column":46},"end":{"line":30,"column":3}},"line":21}},"branchMap":{"0":{"loc":{"start":{"line":17,"column":2},"end":{"line":17,"column":41}},"type":"default-arg","locations":[{"start":{"line":17,"column":24},"end":{"line":17,"column":41}}],"line":17},"1":{"loc":{"start":{"line":18,"column":2},"end":{"line":18,"column":47}},"type":"default-arg","locations":[{"start":{"line":18,"column":26},"end":{"line":18,"column":47}}],"line":18},"2":{"loc":{"start":{"line":19,"column":2},"end":{"line":19,"column":32}},"type":"default-arg","locations":[{"start":{"line":19,"column":30},"end":{"line":19,"column":32}}],"line":19},"3":{"loc":{"start":{"line":24,"column":4},"end":{"line":28,"column":5}},"type":"if","locations":[{"start":{"line":24,"column":4},"end":{"line":28,"column":5}},{"start":{"line":26,"column":11},"end":{"line":28,"column":5}}],"line":24}},"s":{"0":0,"1":0,"2":0,"3":0,"4":0,"5":0,"6":0,"7":0,"8":0},"f":{"0":0,"1":0,"2":0,"3":0},"b":{"0":[0],"1":[0],"2":[0],"3":[0,0]}}
,"/Users/oshi/answers-react-components/src/utils/displayablefilterutils.tsx": {"path":"/Users/oshi/answers-react-components/src/utils/displayablefilterutils.tsx","statementMap":{"0":{"start":{"line":16,"column":2},"end":{"line":20,"column":5}},"1":{"start":{"line":16,"column":32},"end":{"line":16,"column":82}},"2":{"start":{"line":17,"column":4},"end":{"line":19,"column":7}},"3":{"start":{"line":18,"column":6},"end":{"line":18,"column":55}},"4":{"start":{"line":28,"column":2},"end":{"line":49,"column":5}},"5":{"start":{"line":28,"column":28},"end":{"line":28,"column":68}},"6":{"start":{"line":29,"column":26},"end":{"line":31,"column":6}},"7":{"start":{"line":30,"column":6},"end":{"line":30,"column":57}},"8":{"start":{"line":33,"column":68},"end":{"line":46,"column":6}},"9":{"start":{"line":34,"column":6},"end":{"line":37,"column":7}},"10":{"start":{"line":35,"column":8},"end":{"line":35,"column":94}},"11":{"start":{"line":36,"column":8},"end":{"line":36,"column":21}},"12":{"start":{"line":38,"column":6},"end":{"line":38,"column":18}},"13":{"start":{"line":40,"column":32},"end":{"line":40,"column":86}},"14":{"start":{"line":40,"column":77},"end":{"line":40,"column":85}},"15":{"start":{"line":41,"column":6},"end":{"line":45,"column":8}},"16":{"start":{"line":48,"column":4},"end":{"line":48,"column":35}},"17":{"start":{"line":53,"column":2},"end":{"line":59,"column":9}},"18":{"start":{"line":66,"column":2},"end":{"line":72,"column":5}},"19":{"start":{"line":67,"column":4},"end":{"line":71,"column":6}}},"fnMap":{"0":{"name":"getDisplayableFacets","decl":{"start":{"line":12,"column":16},"end":{"line":12,"column":36}},"loc":{"start":{"line":15,"column":23},"end":{"line":21,"column":1}},"line":15},"1":{"name":"(anonymous_1)","decl":{"start":{"line":16,"column":23},"end":{"line":16,"column":24}},"loc":{"start":{"line":16,"column":32},"end":{"line":16,"column":82}},"line":16},"2":{"name":"(anonymous_2)","decl":{"start":{"line":16,"column":92},"end":{"line":16,"column":93}},"loc":{"start":{"line":16,"column":101},"end":{"line":20,"column":3}},"line":16},"3":{"name":"(anonymous_3)","decl":{"start":{"line":17,"column":29},"end":{"line":17,"column":30}},"loc":{"start":{"line":17,"column":39},"end":{"line":19,"column":5}},"line":17},"4":{"name":"getDisplayableHierarchicalFacets","decl":{"start":{"line":23,"column":16},"end":{"line":23,"column":48}},"loc":{"start":{"line":27,"column":34},"end":{"line":50,"column":1}},"line":27},"5":{"name":"(anonymous_5)","decl":{"start":{"line":28,"column":23},"end":{"line":28,"column":24}},"loc":{"start":{"line":28,"column":28},"end":{"line":28,"column":68}},"line":28},"6":{"name":"(anonymous_6)","decl":{"start":{"line":28,"column":78},"end":{"line":28,"column":79}},"loc":{"start":{"line":28,"column":87},"end":{"line":49,"column":3}},"line":28},"7":{"name":"(anonymous_7)","decl":{"start":{"line":29,"column":50},"end":{"line":29,"column":51}},"loc":{"start":{"line":29,"column":60},"end":{"line":31,"column":5}},"line":29},"8":{"name":"(anonymous_8)","decl":{"start":{"line":33,"column":89},"end":{"line":33,"column":90}},"loc":{"start":{"line":33,"column":94},"end":{"line":39,"column":5}},"line":33},"9":{"name":"(anonymous_9)","decl":{"start":{"line":39,"column":11},"end":{"line":39,"column":12}},"loc":{"start":{"line":39,"column":21},"end":{"line":46,"column":5}},"line":39},"10":{"name":"(anonymous_10)","decl":{"start":{"line":40,"column":72},"end":{"line":40,"column":73}},"loc":{"start":{"line":40,"column":77},"end":{"line":40,"column":85}},"line":40},"11":{"name":"convertFacetOption","decl":{"start":{"line":52,"column":9},"end":{"line":52,"column":27}},"loc":{"start":{"line":52,"column":106},"end":{"line":60,"column":1}},"line":52},"12":{"name":"getDisplayableNlpFilters","decl":{"start":{"line":65,"column":16},"end":{"line":65,"column":40}},"loc":{"start":{"line":65,"column":93},"end":{"line":73,"column":1}},"line":65},"13":{"name":"(anonymous_13)","decl":{"start":{"line":66,"column":21},"end":{"line":66,"column":22}},"loc":{"start":{"line":66,"column":31},"end":{"line":72,"column":3}},"line":66}},"branchMap":{"0":{"loc":{"start":{"line":34,"column":6},"end":{"line":37,"column":7}},"type":"if","locations":[{"start":{"line":34,"column":6},"end":{"line":37,"column":7}},{"start":{},"end":{}}],"line":34}},"s":{"0":13,"1":15,"2":8,"3":8,"4":13,"5":15,"6":7,"7":43,"8":7,"9":29,"10":0,"11":0,"12":29,"13":29,"14":57,"15":29,"16":7,"17":37,"18":13,"19":13},"f":{"0":13,"1":15,"2":8,"3":8,"4":13,"5":15,"6":7,"7":43,"8":29,"9":29,"10":57,"11":37,"12":13,"13":13},"b":{"0":[0,29]},"_coverageSchema":"1a1c01bbd47fc00a2c39e90264f33305004495a9","hash":"20479514a552a6c1a78830f24ae77dd7bf52baef"}
,"/Users/oshi/answers-react-components/src/utils/filterutils.tsx": {"path":"/Users/oshi/answers-react-components/src/utils/filterutils.tsx","statementMap":{"0":{"start":{"line":10,"column":2},"end":{"line":10,"column":94}},"1":{"start":{"line":17,"column":2},"end":{"line":17,"column":78}},"2":{"start":{"line":24,"column":2},"end":{"line":26,"column":3}},"3":{"start":{"line":25,"column":4},"end":{"line":25,"column":17}},"4":{"start":{"line":27,"column":2},"end":{"line":29,"column":3}},"5":{"start":{"line":28,"column":4},"end":{"line":28,"column":17}},"6":{"start":{"line":30,"column":2},"end":{"line":32,"column":3}},"7":{"start":{"line":31,"column":4},"end":{"line":31,"column":17}},"8":{"start":{"line":33,"column":2},"end":{"line":33,"column":14}},"9":{"start":{"line":47,"column":2},"end":{"line":50,"column":5}},"10":{"start":{"line":48,"column":47},"end":{"line":48,"column":63}},"11":{"start":{"line":49,"column":4},"end":{"line":49,"column":51}},"12":{"start":{"line":57,"column":19},"end":{"line":57,"column":45}},"13":{"start":{"line":58,"column":19},"end":{"line":58,"column":45}},"14":{"start":{"line":60,"column":2},"end":{"line":73,"column":4}},"15":{"start":{"line":80,"column":20},"end":{"line":80,"column":35}},"16":{"start":{"line":81,"column":2},"end":{"line":83,"column":3}},"17":{"start":{"line":82,"column":4},"end":{"line":82,"column":21}},"18":{"start":{"line":84,"column":2},"end":{"line":84,"column":19}},"19":{"start":{"line":91,"column":37},"end":{"line":93,"column":3}},"20":{"start":{"line":92,"column":4},"end":{"line":92,"column":59}},"21":{"start":{"line":94,"column":2},"end":{"line":99,"column":5}},"22":{"start":{"line":95,"column":4},"end":{"line":98,"column":7}}},"fnMap":{"0":{"name":"isNearFilterValue","decl":{"start":{"line":9,"column":16},"end":{"line":9,"column":33}},"loc":{"start":{"line":9,"column":72},"end":{"line":11,"column":1}},"line":9},"1":{"name":"isNumberRangeValue","decl":{"start":{"line":16,"column":16},"end":{"line":16,"column":34}},"loc":{"start":{"line":16,"column":74},"end":{"line":18,"column":1}},"line":16},"2":{"name":"isDuplicateFilter","decl":{"start":{"line":23,"column":16},"end":{"line":23,"column":33}},"loc":{"start":{"line":23,"column":84},"end":{"line":34,"column":1}},"line":23},"3":{"name":"findSelectableFilter","decl":{"start":{"line":43,"column":16},"end":{"line":43,"column":36}},"loc":{"start":{"line":46,"column":32},"end":{"line":51,"column":1}},"line":46},"4":{"name":"(anonymous_4)","decl":{"start":{"line":47,"column":32},"end":{"line":47,"column":33}},"loc":{"start":{"line":47,"column":52},"end":{"line":50,"column":3}},"line":47},"5":{"name":"parseNumberRangeInput","decl":{"start":{"line":56,"column":16},"end":{"line":56,"column":37}},"loc":{"start":{"line":56,"column":102},"end":{"line":74,"column":1}},"line":56},"6":{"name":"parseNumber","decl":{"start":{"line":79,"column":9},"end":{"line":79,"column":20}},"loc":{"start":{"line":79,"column":34},"end":{"line":85,"column":1}},"line":79},"7":{"name":"clearStaticRangeFilters","decl":{"start":{"line":90,"column":16},"end":{"line":90,"column":39}},"loc":{"start":{"line":90,"column":72},"end":{"line":100,"column":1}},"line":90},"8":{"name":"(anonymous_8)","decl":{"start":{"line":91,"column":83},"end":{"line":91,"column":84}},"loc":{"start":{"line":92,"column":4},"end":{"line":92,"column":59}},"line":92},"9":{"name":"(anonymous_9)","decl":{"start":{"line":94,"column":38},"end":{"line":94,"column":39}},"loc":{"start":{"line":94,"column":48},"end":{"line":99,"column":3}},"line":94}},"branchMap":{"0":{"loc":{"start":{"line":10,"column":9},"end":{"line":10,"column":93}},"type":"binary-expr","locations":[{"start":{"line":10,"column":9},"end":{"line":10,"column":32}},{"start":{"line":10,"column":36},"end":{"line":10,"column":41}},{"start":{"line":10,"column":45},"end":{"line":10,"column":60}},{"start":{"line":10,"column":64},"end":{"line":10,"column":76}},{"start":{"line":10,"column":80},"end":{"line":10,"column":93}}],"line":10},"1":{"loc":{"start":{"line":17,"column":9},"end":{"line":17,"column":77}},"type":"binary-expr","locations":[{"start":{"line":17,"column":9},"end":{"line":17,"column":32}},{"start":{"line":17,"column":36},"end":{"line":17,"column":41}},{"start":{"line":17,"column":46},"end":{"line":17,"column":60}},{"start":{"line":17,"column":64},"end":{"line":17,"column":76}}],"line":17},"2":{"loc":{"start":{"line":24,"column":2},"end":{"line":26,"column":3}},"type":"if","locations":[{"start":{"line":24,"column":2},"end":{"line":26,"column":3}},{"start":{},"end":{}}],"line":24},"3":{"loc":{"start":{"line":27,"column":2},"end":{"line":29,"column":3}},"type":"if","locations":[{"start":{"line":27,"column":2},"end":{"line":29,"column":3}},{"start":{},"end":{}}],"line":27},"4":{"loc":{"start":{"line":30,"column":2},"end":{"line":32,"column":3}},"type":"if","locations":[{"start":{"line":30,"column":2},"end":{"line":32,"column":3}},{"start":{},"end":{}}],"line":30},"5":{"loc":{"start":{"line":61,"column":8},"end":{"line":66,"column":5}},"type":"binary-expr","locations":[{"start":{"line":61,"column":8},"end":{"line":61,"column":30}},{"start":{"line":61,"column":34},"end":{"line":66,"column":5}}],"line":61},"6":{"loc":{"start":{"line":67,"column":8},"end":{"line":72,"column":5}},"type":"binary-expr","locations":[{"start":{"line":67,"column":8},"end":{"line":67,"column":30}},{"start":{"line":67,"column":34},"end":{"line":72,"column":5}}],"line":67},"7":{"loc":{"start":{"line":81,"column":2},"end":{"line":83,"column":3}},"type":"if","locations":[{"start":{"line":81,"column":2},"end":{"line":83,"column":3}},{"start":{},"end":{}}],"line":81},"8":{"loc":{"start":{"line":92,"column":4},"end":{"line":92,"column":59}},"type":"binary-expr","locations":[{"start":{"line":92,"column":4},"end":{"line":92,"column":31}},{"start":{"line":92,"column":35},"end":{"line":92,"column":59}}],"line":92}},"s":{"0":1,"1":8,"2":197,"3":47,"4":150,"5":0,"6":150,"7":90,"8":60,"9":100,"10":174,"11":174,"12":8,"13":8,"14":8,"15":16,"16":16,"17":13,"18":3,"19":26,"20":0,"21":26,"22":0},"f":{"0":1,"1":8,"2":197,"3":100,"4":174,"5":8,"6":16,"7":26,"8":0,"9":0},"b":{"0":[1,0,0,0,0],"1":[8,8,8,0],"2":[47,150],"3":[0,150],"4":[90,60],"5":[8,2],"6":[8,1],"7":[13,3],"8":[0,0]},"_coverageSchema":"1a1c01bbd47fc00a2c39e90264f33305004495a9","hash":"67a30de68e6b0a63e07c0ca312aaffb1e7726e8e"}
,"/Users/oshi/answers-react-components/src/utils/index.ts": {"path":"/Users/oshi/answers-react-components/src/utils/index.ts","statementMap":{},"fnMap":{},"branchMap":{},"s":{},"f":{},"b":{},"_coverageSchema":"1a1c01bbd47fc00a2c39e90264f33305004495a9","hash":"21427cef82cd58de5a9d8790f440734d72c00f5b"}
,"/Users/oshi/answers-react-components/src/utils/location-operations.ts": {"path":"/Users/oshi/answers-react-components/src/utils/location-operations.ts","statementMap":{"0":{"start":{"line":6,"column":51},"end":{"line":10,"column":1}},"1":{"start":{"line":23,"column":2},"end":{"line":33,"column":3}},"2":{"start":{"line":24,"column":4},"end":{"line":32,"column":5}},"3":{"start":{"line":25,"column":23},"end":{"line":25,"column":64}},"4":{"start":{"line":26,"column":6},"end":{"line":29,"column":9}},"5":{"start":{"line":31,"column":6},"end":{"line":31,"column":23}},"6":{"start":{"line":42,"column":2},"end":{"line":55,"column":5}},"7":{"start":{"line":43,"column":4},"end":{"line":54,"column":5}},"8":{"start":{"line":44,"column":6},"end":{"line":51,"column":8}},"9":{"start":{"line":45,"column":20},"end":{"line":45,"column":37}},"10":{"start":{"line":47,"column":10},"end":{"line":47,"column":102}},"11":{"start":{"line":48,"column":10},"end":{"line":48,"column":22}},"12":{"start":{"line":53,"column":6},"end":{"line":53,"column":84}}},"fnMap":{"0":{"name":"updateLocationIfNeeded","decl":{"start":{"line":18,"column":22},"end":{"line":18,"column":44}},"loc":{"start":{"line":22,"column":17},"end":{"line":34,"column":1}},"line":22},"1":{"name":"getUserLocation","decl":{"start":{"line":41,"column":22},"end":{"line":41,"column":37}},"loc":{"start":{"line":41,"column":106},"end":{"line":56,"column":1}},"line":41},"2":{"name":"(anonymous_2)","decl":{"start":{"line":42,"column":21},"end":{"line":42,"column":22}},"loc":{"start":{"line":42,"column":42},"end":{"line":55,"column":3}},"line":42},"3":{"name":"(anonymous_3)","decl":{"start":{"line":45,"column":8},"end":{"line":45,"column":9}},"loc":{"start":{"line":45,"column":20},"end":{"line":45,"column":37}},"line":45},"4":{"name":"(anonymous_4)","decl":{"start":{"line":46,"column":8},"end":{"line":46,"column":9}},"loc":{"start":{"line":46,"column":15},"end":{"line":49,"column":9}},"line":46}},"branchMap":{"0":{"loc":{"start":{"line":23,"column":2},"end":{"line":33,"column":3}},"type":"if","locations":[{"start":{"line":23,"column":2},"end":{"line":33,"column":3}},{"start":{},"end":{}}],"line":23},"1":{"loc":{"start":{"line":23,"column":6},"end":{"line":23,"column":90}},"type":"binary-expr","locations":[{"start":{"line":23,"column":6},"end":{"line":23,"column":43}},{"start":{"line":23,"column":47},"end":{"line":23,"column":90}}],"line":23},"2":{"loc":{"start":{"line":43,"column":4},"end":{"line":54,"column":5}},"type":"if","locations":[{"start":{"line":43,"column":4},"end":{"line":54,"column":5}},{"start":{"line":52,"column":11},"end":{"line":54,"column":5}}],"line":43}},"s":{"0":8,"1":13,"2":1,"3":1,"4":1,"5":0,"6":1,"7":1,"8":1,"9":1,"10":0,"11":0,"12":0},"f":{"0":13,"1":1,"2":1,"3":1,"4":0},"b":{"0":[1,12],"1":[13,1],"2":[1,0]},"_coverageSchema":"1a1c01bbd47fc00a2c39e90264f33305004495a9","hash":"d7c750c4af6b46b414de2b84e09b1e112e7a3216"}
,"/Users/oshi/answers-react-components/src/utils/search-operations.ts": {"path":"/Users/oshi/answers-react-components/src/utils/search-operations.ts","statementMap":{"0":{"start":{"line":14,"column":21},"end":{"line":14,"column":85}},"1":{"start":{"line":15,"column":2},"end":{"line":21,"column":3}},"2":{"start":{"line":16,"column":4},"end":{"line":18,"column":47}},"3":{"start":{"line":20,"column":4},"end":{"line":20,"column":100}},"4":{"start":{"line":32,"column":21},"end":{"line":32,"column":85}},"5":{"start":{"line":33,"column":2},"end":{"line":39,"column":3}},"6":{"start":{"line":34,"column":4},"end":{"line":36,"column":54}},"7":{"start":{"line":38,"column":4},"end":{"line":38,"column":113}},"8":{"start":{"line":50,"column":18},"end":{"line":50,"column":59}},"9":{"start":{"line":51,"column":2},"end":{"line":51,"column":31}}},"fnMap":{"0":{"name":"executeSearch","decl":{"start":{"line":13,"column":22},"end":{"line":13,"column":35}},"loc":{"start":{"line":13,"column":83},"end":{"line":22,"column":1}},"line":13},"1":{"name":"executeAutocomplete","decl":{"start":{"line":29,"column":22},"end":{"line":29,"column":41}},"loc":{"start":{"line":31,"column":45},"end":{"line":40,"column":1}},"line":31},"2":{"name":"getSearchIntents","decl":{"start":{"line":47,"column":22},"end":{"line":47,"column":38}},"loc":{"start":{"line":49,"column":39},"end":{"line":52,"column":1}},"line":49}},"branchMap":{"0":{"loc":{"start":{"line":16,"column":4},"end":{"line":18,"column":46}},"type":"cond-expr","locations":[{"start":{"line":17,"column":8},"end":{"line":17,"column":45}},{"start":{"line":18,"column":8},"end":{"line":18,"column":46}}],"line":16},"1":{"loc":{"start":{"line":20,"column":47},"end":{"line":20,"column":83}},"type":"cond-expr","locations":[{"start":{"line":20,"column":60},"end":{"line":20,"column":70}},{"start":{"line":20,"column":72},"end":{"line":20,"column":83}}],"line":20},"2":{"loc":{"start":{"line":34,"column":11},"end":{"line":36,"column":53}},"type":"cond-expr","locations":[{"start":{"line":35,"column":8},"end":{"line":35,"column":52}},{"start":{"line":36,"column":8},"end":{"line":36,"column":53}}],"line":34},"3":{"loc":{"start":{"line":38,"column":47},"end":{"line":38,"column":83}},"type":"cond-expr","locations":[{"start":{"line":38,"column":60},"end":{"line":38,"column":70}},{"start":{"line":38,"column":72},"end":{"line":38,"column":83}}],"line":38}},"s":{"0":35,"1":35,"2":35,"3":0,"4":77,"5":77,"6":77,"7":0,"8":0,"9":0},"f":{"0":35,"1":77,"2":0},"b":{"0":[22,13],"1":[0,0],"2":[1,76],"3":[0,0]},"_coverageSchema":"1a1c01bbd47fc00a2c39e90264f33305004495a9","hash":"c6e833cf671d4310637e5fe4fbaa8ebb366fbbd9"}
}
