TN:
SF:src/index.ts
FNF:0
FNH:0
LF:0
LH:0
BRF:0
BRH:0
end_of_record
TN:
SF:src/components/AlternativeVerticals.tsx
FN:49,isVerticalSuggestion
FN:99,AlternativeVerticals
FN:108,(anonymous_2)
FN:110,(anonymous_3)
FN:111,(anonymous_4)
FN:116,(anonymous_5)
FN:123,(anonymous_6)
FN:129,buildVerticalSuggestions
FN:134,(anonymous_8)
FN:137,(anonymous_9)
FN:145,(anonymous_10)
FN:176,renderNoResultsInfo
FN:187,renderSuggestion
FN:199,renderUniversalDetails
FNF:14
FNH:0
FNDA:0,isVerticalSuggestion
FNDA:0,AlternativeVerticals
FNDA:0,(anonymous_2)
FNDA:0,(anonymous_3)
FNDA:0,(anonymous_4)
FNDA:0,(anonymous_5)
FNDA:0,(anonymous_6)
FNDA:0,buildVerticalSuggestions
FNDA:0,(anonymous_8)
FNDA:0,(anonymous_9)
FNDA:0,(anonymous_10)
FNDA:0,renderNoResultsInfo
FNDA:0,renderSuggestion
FNDA:0,renderUniversalDetails
DA:29,4
DA:50,0
DA:106,0
DA:108,0
DA:110,0
DA:111,0
DA:113,0
DA:114,0
DA:116,0
DA:117,0
DA:121,0
DA:124,0
DA:133,0
DA:135,0
DA:138,0
DA:145,0
DA:148,0
DA:149,0
DA:152,0
DA:177,0
DA:188,0
DA:189,0
DA:200,0
DA:201,0
LF:24
LH:1
BRDA:50,0,0,0
BRDA:50,0,1,0
BRDA:102,1,0,0
BRDA:108,2,0,0
BRDA:108,2,1,0
BRDA:110,3,0,0
BRDA:110,3,1,0
BRDA:114,4,0,0
BRDA:114,4,1,0
BRDA:118,5,0,0
BRDA:118,5,1,0
BRDA:121,6,0,0
BRDA:121,6,1,0
BRDA:124,7,0,0
BRDA:124,7,1,0
BRDA:148,8,0,0
BRDA:148,8,1,0
BRDA:155,9,0,0
BRDA:155,9,1,0
BRDA:180,10,0,0
BRDA:180,10,1,0
BRF:21
BRH:0
end_of_record
TN:
SF:src/components/AnalyticsProvider.tsx
FN:13,AnalyticsProvider
FNF:1
FNH:0
FNDA:0,AnalyticsProvider
DA:14,0
DA:15,0
DA:17,0
LF:3
LH:0
BRF:0
BRH:0
end_of_record
TN:
SF:src/components/AppliedFilters.tsx
FN:62,AppliedFilters
FN:63,(anonymous_1)
FN:64,(anonymous_2)
FN:65,(anonymous_3)
FN:66,(anonymous_4)
FN:75,(anonymous_5)
FNF:6
FNH:6
FNDA:13,AppliedFilters
FNDA:13,(anonymous_1)
FNDA:13,(anonymous_2)
FNDA:13,(anonymous_3)
FNDA:13,(anonymous_4)
FNDA:13,(anonymous_5)
DA:26,5
DA:63,13
DA:64,13
DA:65,13
DA:66,13
DA:73,13
DA:75,13
DA:76,13
DA:92,13
DA:93,13
DA:96,13
LF:11
LH:11
BRDA:70,0,0,13
BRDA:71,1,0,12
BRDA:77,2,0,13
BRDA:77,2,1,0
BRDA:77,3,0,13
BRDA:77,3,1,0
BRDA:78,4,0,13
BRDA:78,4,1,0
BRDA:79,5,0,13
BRDA:79,5,1,12
BRDA:80,6,0,13
BRDA:80,6,1,8
BRDA:94,7,0,13
BRDA:94,7,1,0
BRF:14
BRH:10
end_of_record
TN:
SF:src/components/AppliedFiltersDisplay.tsx
FN:40,AppliedFiltersDisplay
FN:50,(anonymous_1)
FN:52,(anonymous_2)
FN:55,(anonymous_3)
FN:70,(anonymous_4)
FN:81,(anonymous_5)
FN:86,(anonymous_6)
FN:87,(anonymous_7)
FN:98,(anonymous_8)
FN:110,(anonymous_9)
FN:117,(anonymous_10)
FN:118,(anonymous_11)
FN:130,(anonymous_12)
FN:133,(anonymous_13)
FN:153,RemovableFilter
FN:159,(anonymous_15)
FN:173,NlpFilter
FNF:17
FNH:17
FNDA:15,AppliedFiltersDisplay
FNDA:15,(anonymous_1)
FNDA:1,(anonymous_2)
FNDA:2,(anonymous_3)
FNDA:1,(anonymous_4)
FNDA:2,(anonymous_5)
FNDA:6,(anonymous_6)
FNDA:6,(anonymous_7)
FNDA:5,(anonymous_8)
FNDA:1,(anonymous_9)
FNDA:28,(anonymous_10)
FNDA:23,(anonymous_11)
FNDA:14,(anonymous_12)
FNDA:16,(anonymous_13)
FNDA:39,RemovableFilter
FNDA:4,(anonymous_15)
FNDA:14,NlpFilter
DA:48,15
DA:49,15
DA:50,15
DA:52,15
DA:53,1
DA:54,1
DA:55,1
DA:56,2
DA:61,1
DA:64,15
DA:66,15
DA:67,1
DA:70,14
DA:71,1
DA:72,1
DA:73,0
DA:74,0
DA:76,1
DA:77,1
DA:78,1
DA:81,14
DA:82,2
DA:85,2
DA:86,6
DA:88,6
DA:89,2
DA:96,2
DA:97,2
DA:98,5
DA:100,2
DA:105,2
DA:106,2
DA:107,2
DA:110,14
DA:111,1
DA:112,1
DA:113,1
DA:117,14
DA:118,28
DA:119,23
DA:127,14
DA:128,14
DA:131,14
DA:134,16
DA:159,39
DA:160,39
DA:177,14
LF:47
LH:45
BRDA:42,0,0,0
BRDA:43,1,0,2
BRDA:44,2,0,2
BRDA:45,3,0,2
BRDA:46,4,0,2
BRDA:47,5,0,0
BRDA:66,6,0,1
BRDA:66,6,1,14
BRDA:72,7,0,0
BRDA:72,7,1,1
BRDA:88,8,0,2
BRDA:88,8,1,4
BRDA:100,9,0,2
BRDA:100,9,1,1
BRDA:120,10,0,23
BRDA:120,10,1,0
BRDA:144,11,0,14
BRDA:144,11,1,13
BRDA:144,11,2,13
BRF:19
BRH:15
end_of_record
TN:
SF:src/components/ApplyFiltersButton.tsx
FN:41,ApplyFiltersButton
FN:47,(anonymous_1)
FNF:2
FNH:0
FNDA:0,ApplyFiltersButton
FNDA:0,(anonymous_1)
DA:27,4
DA:45,0
DA:46,0
DA:47,0
DA:48,0
DA:51,0
LF:6
LH:1
BRDA:43,0,0,0
BRF:1
BRH:0
end_of_record
TN:
SF:src/components/DirectAnswer.tsx
FN:69,DirectAnswer
FN:70,(anonymous_1)
FN:71,(anonymous_2)
FN:90,getLinkText
FN:139,getCssClassesForAnswerType
FNF:5
FNH:5
FNDA:13,DirectAnswer
FNDA:13,(anonymous_1)
FNDA:13,(anonymous_2)
FNDA:12,getLinkText
FNDA:12,getCssClassesForAnswerType
DA:44,5
DA:70,13
DA:71,13
DA:72,13
DA:74,13
DA:75,13
DA:77,13
DA:78,1
DA:81,12
DA:82,12
DA:85,12
DA:88,12
DA:91,12
DA:92,12
DA:94,12
DA:117,12
DA:121,12
DA:140,12
DA:141,12
LF:19
LH:19
BRDA:71,0,0,13
BRDA:71,0,1,13
BRDA:77,1,0,1
BRDA:77,1,1,12
BRDA:82,2,0,6
BRDA:82,2,1,6
BRDA:85,3,0,6
BRDA:85,3,1,6
BRDA:95,4,0,12
BRDA:95,4,1,6
BRDA:95,4,2,6
BRDA:105,5,0,12
BRDA:105,5,1,6
BRDA:105,5,2,6
BRDA:118,6,0,12
BRDA:118,6,1,0
BRDA:124,7,0,12
BRDA:124,7,1,12
BRDA:128,8,0,12
BRDA:128,8,1,12
BRDA:143,9,0,6
BRDA:143,9,1,6
BRDA:144,10,0,6
BRDA:144,10,1,6
BRF:24
BRH:23
end_of_record
TN:
SF:src/components/FilterGroup.tsx
FN:52,FilterGroup
FN:62,(anonymous_1)
FN:72,renderTitle
FN:88,(anonymous_3)
FNF:4
FNH:4
FNDA:23,FilterGroup
FNDA:23,(anonymous_1)
FNDA:23,renderTitle
FNDA:68,(anonymous_3)
DA:62,23
DA:63,23
DA:64,23
DA:73,23
DA:80,23
DA:89,68
LF:6
LH:6
BRDA:56,0,0,21
BRDA:57,1,0,21
BRDA:59,2,0,0
BRDA:66,3,0,23
BRDA:66,3,1,0
BRDA:67,4,0,23
BRDA:67,4,1,0
BRDA:68,5,0,23
BRDA:68,5,1,0
BRDA:73,6,0,21
BRDA:73,6,1,2
BRDA:75,7,0,2
BRDA:75,7,1,2
BRDA:83,8,0,23
BRDA:83,8,1,21
BRDA:87,9,0,23
BRDA:87,9,1,1
BRDA:92,10,0,68
BRDA:92,10,1,33
BRF:19
BRH:15
end_of_record
TN:
SF:src/components/FilterSearch.tsx
FN:65,FilterSearch
FN:72,(anonymous_1)
FN:81,(anonymous_2)
FN:82,(anonymous_3)
FN:84,(anonymous_4)
FN:85,(anonymous_5)
FN:88,(anonymous_6)
FN:90,(anonymous_7)
FN:100,(anonymous_8)
FN:101,(anonymous_9)
FN:103,(anonymous_10)
FN:104,(anonymous_11)
FN:105,(anonymous_12)
FN:112,renderDropdownItems
FN:113,(anonymous_14)
FN:122,(anonymous_15)
FN:165,getScreenReaderText
FN:177,(anonymous_17)
FNF:18
FNH:17
FNDA:26,FilterSearch
FNDA:26,(anonymous_1)
FNDA:15,(anonymous_2)
FNDA:0,(anonymous_3)
FNDA:24,(anonymous_4)
FNDA:19,(anonymous_5)
FNDA:22,(anonymous_6)
FNDA:2,(anonymous_7)
FNDA:15,(anonymous_8)
FNDA:2,(anonymous_9)
FNDA:24,(anonymous_10)
FNDA:18,(anonymous_11)
FNDA:30,(anonymous_12)
FNDA:12,renderDropdownItems
FNDA:22,(anonymous_14)
FNDA:36,(anonymous_15)
FNDA:26,getScreenReaderText
FNDA:22,(anonymous_17)
DA:30,5
DA:71,26
DA:72,26
DA:73,26
DA:75,26
DA:80,26
DA:81,15
DA:82,0
DA:84,26
DA:85,24
DA:88,26
DA:90,26
DA:91,2
DA:92,2
DA:93,2
DA:94,2
DA:95,2
DA:96,2
DA:100,26
DA:101,26
DA:103,26
DA:104,24
DA:105,30
DA:113,12
DA:114,22
DA:123,36
DA:138,26
DA:169,26
DA:174,26
DA:175,14
DA:177,12
DA:178,22
DA:181,22
DA:187,12
DA:188,12
LF:35
LH:34
BRDA:66,0,0,26
BRDA:67,1,0,26
BRDA:81,2,0,15
BRDA:81,2,1,0
BRDA:85,3,0,24
BRDA:85,3,1,13
BRDA:93,4,0,2
BRDA:93,4,1,0
BRDA:93,5,0,2
BRDA:93,5,1,2
BRDA:116,6,0,22
BRDA:116,6,1,20
BRDA:154,7,0,26
BRDA:154,7,1,12
BRDA:174,8,0,14
BRDA:174,8,1,12
BRDA:178,9,0,20
BRDA:178,9,1,2
BRF:18
BRH:16
end_of_record
TN:
SF:src/components/HierarchicalFacets.tsx
FN:47,HierarchicalFacets
FN:58,(anonymous_1)
FN:59,(anonymous_2)
FN:60,(anonymous_3)
FN:88,Divider
FNF:5
FNH:4
FNDA:6,HierarchicalFacets
FNDA:6,(anonymous_1)
FNDA:6,(anonymous_2)
FNDA:6,(anonymous_3)
FNDA:0,Divider
DA:56,6
DA:58,6
DA:59,6
DA:61,6
DA:89,0
LF:5
LH:4
BRDA:52,0,0,6
BRDA:59,1,0,6
BRDA:59,1,1,6
BRDA:65,2,0,6
BRDA:65,2,1,0
BRDA:67,3,0,0
BRDA:67,3,1,6
BRDA:69,4,0,6
BRDA:69,4,1,6
BRDA:79,5,0,6
BRDA:79,5,1,0
BRDA:88,6,0,0
BRF:12
BRH:8
end_of_record
TN:
SF:src/components/LocationBias.tsx
FN:50,LocationBias
FN:55,(anonymous_1)
FN:66,handleGeolocationClick
FNF:3
FNH:3
FNDA:10,LocationBias
FNDA:10,(anonymous_1)
FNDA:2,handleGeolocationClick
DA:21,5
DA:54,10
DA:55,10
DA:56,10
DA:57,10
DA:59,10
DA:62,9
DA:67,2
DA:68,2
DA:69,2
DA:70,2
DA:75,0
DA:77,2
DA:79,2
DA:82,9
LF:15
LH:14
BRDA:59,0,0,1
BRDA:59,0,1,9
BRDA:62,1,0,3
BRDA:62,1,1,6
BRDA:63,2,0,6
BRDA:63,2,1,0
BRDA:84,3,0,9
BRDA:84,3,1,2
BRDA:97,4,0,9
BRDA:97,4,1,2
BRF:10
BRH:9
end_of_record
TN:
SF:src/components/NumericalFacets.tsx
FN:55,NumericalFacets
FN:63,(anonymous_1)
FN:74,(anonymous_2)
FN:75,(anonymous_3)
FN:77,(anonymous_4)
FN:102,isNumericalFacet
FN:106,Divider
FNF:7
FNH:7
FNDA:6,NumericalFacets
FNDA:6,(anonymous_1)
FNDA:6,(anonymous_2)
FNDA:11,(anonymous_3)
FNDA:6,(anonymous_4)
FNDA:11,isNumericalFacet
FNDA:5,Divider
DA:45,4
DA:63,6
DA:64,6
DA:65,6
DA:72,6
DA:74,6
DA:75,11
DA:78,6
DA:103,11
DA:107,5
LF:10
LH:10
BRDA:57,0,0,5
BRDA:59,1,0,5
BRDA:60,2,0,6
BRDA:75,3,0,11
BRDA:75,3,1,6
BRDA:75,3,2,1
BRDA:93,4,0,6
BRDA:93,4,1,5
BRDA:103,5,0,11
BRDA:103,5,1,11
BRDA:106,6,0,5
BRF:11
BRH:11
end_of_record
TN:
SF:src/components/Pagination.tsx
FN:59,Pagination
FN:63,(anonymous_1)
FN:65,(anonymous_2)
FN:66,(anonymous_3)
FN:73,(anonymous_4)
FN:74,(anonymous_5)
FN:79,(anonymous_6)
FN:107,(anonymous_7)
FN:164,PaginationButton
FN:166,(anonymous_9)
FN:182,generatePaginationLabels
FN:190,(anonymous_11)
FN:197,(anonymous_12)
FNF:13
FNH:12
FNDA:6,Pagination
FNDA:6,(anonymous_1)
FNDA:6,(anonymous_2)
FNDA:6,(anonymous_3)
FNDA:6,(anonymous_4)
FNDA:6,(anonymous_5)
FNDA:1,(anonymous_6)
FNDA:11,(anonymous_7)
FNDA:15,PaginationButton
FNDA:1,(anonymous_9)
FNDA:3,generatePaginationLabels
FNDA:0,(anonymous_11)
FNDA:2,(anonymous_12)
DA:41,5
DA:60,6
DA:61,6
DA:62,6
DA:63,6
DA:65,6
DA:66,6
DA:68,6
DA:69,6
DA:70,2
DA:73,6
DA:74,6
DA:75,6
DA:76,6
DA:78,6
DA:79,6
DA:80,1
DA:81,1
DA:82,1
DA:83,1
DA:86,6
DA:87,3
DA:90,3
DA:91,3
DA:95,3
DA:108,11
DA:110,2
DA:119,3
DA:130,6
DA:165,15
DA:166,15
DA:167,1
DA:170,15
DA:183,3
DA:184,3
DA:185,3
DA:187,3
DA:188,0
DA:189,3
DA:190,0
DA:192,3
DA:193,3
DA:194,2
DA:195,1
DA:196,1
DA:197,2
DA:199,3
LF:47
LH:45
BRDA:60,0,0,5
BRDA:60,1,0,0
BRDA:63,2,0,6
BRDA:63,2,1,2
BRDA:65,3,0,6
BRDA:65,3,1,5
BRDA:69,4,0,2
BRDA:69,4,1,4
BRDA:69,5,0,6
BRDA:69,5,1,2
BRDA:73,6,0,6
BRDA:73,6,1,6
BRDA:74,7,0,6
BRDA:74,7,1,3
BRDA:86,8,0,3
BRDA:86,8,1,3
BRDA:92,9,0,3
BRDA:92,9,1,0
BRDA:108,10,0,2
BRDA:108,10,1,3
BRDA:108,10,2,6
BRDA:187,11,0,0
BRDA:187,11,1,3
BRDA:189,12,0,0
BRDA:189,12,1,3
BRDA:193,13,0,2
BRDA:193,13,1,1
BRDA:195,14,0,1
BRDA:195,14,1,0
BRF:29
BRH:24
end_of_record
TN:
SF:src/components/ResultsCount.tsx
FN:43,ResultsCount
FN:45,(anonymous_1)
FN:57,useResultsCount
FN:58,(anonymous_3)
FN:59,(anonymous_4)
FN:63,(anonymous_5)
FN:79,isUniversalSearchResults
FNF:7
FNH:0
FNDA:0,ResultsCount
FNDA:0,(anonymous_1)
FNDA:0,useResultsCount
FNDA:0,(anonymous_3)
FNDA:0,(anonymous_4)
FNDA:0,(anonymous_5)
FNDA:0,isUniversalSearchResults
DA:31,4
DA:44,0
DA:45,0
DA:46,0
DA:48,0
DA:51,0
DA:58,0
DA:59,0
DA:60,0
DA:61,0
DA:62,0
DA:63,0
DA:65,0
DA:68,0
DA:69,0
DA:71,0
DA:76,0
DA:80,0
LF:18
LH:1
BRDA:49,0,0,0
BRDA:49,0,1,0
BRDA:59,1,0,0
BRDA:59,1,1,0
BRDA:61,2,0,0
BRDA:61,2,1,0
BRDA:62,3,0,0
BRDA:62,3,1,0
BRDA:65,4,0,0
BRDA:65,4,1,0
BRDA:68,5,0,0
BRDA:68,5,1,0
BRF:12
BRH:0
end_of_record
TN:
SF:src/components/ScreenReader.tsx
FN:8,ScreenReader
FNF:1
FNH:1
FNDA:236,ScreenReader
DA:15,236
LF:1
LH:1
BRF:0
BRH:0
end_of_record
TN:
SF:src/components/SearchBar.tsx
FN:172,SearchBar
FN:195,(anonymous_1)
FN:197,(anonymous_2)
FN:199,(anonymous_3)
FN:206,(anonymous_4)
FN:210,(anonymous_5)
FN:216,(anonymous_6)
FN:221,(anonymous_7)
FN:229,(anonymous_8)
FN:251,(anonymous_9)
FN:258,(anonymous_10)
FN:264,(anonymous_11)
FN:270,(anonymous_12)
FN:276,renderInput
FN:289,renderRecentSearches
FN:300,(anonymous_15)
FN:318,(anonymous_16)
FN:319,(anonymous_17)
FN:320,(anonymous_18)
FN:326,renderQuerySuggestions
FN:327,(anonymous_20)
FN:342,(anonymous_21)
FN:361,renderClearButton
FN:390,(anonymous_23)
FN:429,StyledDropdownMenu
FN:445,getScreenReaderText
FN:483,DropdownSearchButton
FN:491,(anonymous_27)
FN:508,calculateEntityPreviewsCount
FN:510,(anonymous_29)
FNF:30
FNH:29
FNDA:126,SearchBar
FNDA:333,(anonymous_1)
FNDA:333,(anonymous_2)
FNDA:66,(anonymous_3)
FNDA:48,(anonymous_4)
FNDA:21,(anonymous_5)
FNDA:13,(anonymous_6)
FNDA:14,(anonymous_7)
FNDA:15,(anonymous_8)
FNDA:68,(anonymous_9)
FNDA:22,(anonymous_10)
FNDA:44,(anonymous_11)
FNDA:2,(anonymous_12)
FNDA:126,renderInput
FNDA:38,renderRecentSearches
FNDA:29,(anonymous_15)
FNDA:43,(anonymous_16)
FNDA:15,(anonymous_17)
FNDA:8,(anonymous_18)
FNDA:38,renderQuerySuggestions
FNDA:16,(anonymous_20)
FNDA:6,(anonymous_21)
FNDA:59,renderClearButton
FNDA:79,(anonymous_23)
FNDA:31,StyledDropdownMenu
FNDA:126,getScreenReaderText
FNDA:131,DropdownSearchButton
FNDA:4,(anonymous_27)
FNDA:126,calculateEntityPreviewsCount
FNDA:0,(anonymous_29)
DA:43,5
DA:190,126
DA:191,126
DA:192,126
DA:193,126
DA:195,333
DA:196,126
DA:197,333
DA:198,126
DA:199,66
DA:204,126
DA:205,126
DA:206,126
DA:207,48
DA:210,126
DA:211,21
DA:212,6
DA:216,126
DA:217,13
DA:218,13
DA:221,126
DA:222,14
DA:223,11
DA:224,11
DA:226,14
DA:229,126
DA:230,15
DA:231,15
DA:232,15
DA:233,15
DA:234,15
DA:235,1
DA:237,14
DA:239,15
DA:240,3
DA:247,126
DA:248,126
DA:249,126
DA:251,126
DA:252,68
DA:253,68
DA:255,0
DA:258,126
DA:259,22
DA:260,22
DA:261,22
DA:264,126
DA:265,44
DA:266,44
DA:267,44
DA:270,126
DA:271,2
DA:272,2
DA:273,2
DA:277,126
DA:290,38
DA:291,1
DA:294,37
DA:300,37
DA:301,29
DA:318,126
DA:319,43
DA:320,15
DA:327,38
DA:328,16
DA:343,6
DA:362,59
DA:376,126
DA:377,126
DA:379,126
DA:381,126
DA:386,126
DA:390,126
DA:391,79
DA:392,13
DA:396,126
DA:435,31
DA:450,126
DA:457,126
DA:464,126
DA:472,126
DA:473,126
DA:474,88
DA:480,38
DA:490,131
DA:491,131
DA:492,4
DA:493,4
DA:495,131
DA:509,126
DA:510,126
DA:511,0
DA:512,0
DA:514,0
DA:516,126
LF:95
LH:91
BRDA:180,0,0,105
BRDA:189,1,0,126
BRDA:190,2,0,126
BRDA:190,2,1,126
BRDA:195,3,0,126
BRDA:195,3,1,26
BRDA:211,4,0,6
BRDA:211,4,1,15
BRDA:222,5,0,11
BRDA:222,5,1,3
BRDA:224,6,0,11
BRDA:224,6,1,6
BRDA:230,7,0,15
BRDA:230,7,1,11
BRDA:234,8,0,1
BRDA:234,8,1,14
BRDA:234,9,0,15
BRDA:234,9,1,1
BRDA:234,9,2,1
BRDA:239,10,0,3
BRDA:239,10,1,12
BRDA:239,11,0,15
BRDA:239,11,1,9
BRDA:239,11,2,3
BRDA:249,12,0,126
BRDA:249,12,1,0
BRDA:252,13,0,68
BRDA:252,13,1,0
BRDA:252,14,0,68
BRDA:252,14,1,0
BRDA:255,15,0,0
BRDA:255,15,1,0
BRDA:258,16,0,0
BRDA:264,17,0,0
BRDA:290,18,0,1
BRDA:290,18,1,37
BRDA:319,19,0,43
BRDA:319,19,1,25
BRDA:320,20,0,15
BRDA:320,20,1,11
BRDA:342,21,0,16
BRDA:342,21,1,15
BRDA:342,21,2,13
BRDA:352,22,0,2
BRDA:352,22,1,4
BRDA:377,23,0,126
BRDA:377,23,1,0
BRDA:378,24,0,0
BRDA:378,24,1,0
BRDA:378,24,2,0
BRDA:379,25,0,126
BRDA:379,25,1,114
BRDA:379,25,2,111
BRDA:379,25,3,88
BRDA:387,26,0,126
BRDA:387,26,1,0
BRDA:391,27,0,13
BRDA:391,27,1,66
BRDA:410,28,0,126
BRDA:410,28,1,59
BRDA:416,29,0,126
BRDA:416,29,1,38
BRDA:420,30,0,38
BRDA:420,30,1,0
BRDA:446,31,0,90
BRDA:447,32,0,0
BRDA:448,33,0,0
BRDA:450,34,0,26
BRDA:450,34,1,100
BRDA:457,35,0,0
BRDA:457,35,1,126
BRDA:464,36,0,12
BRDA:464,36,1,114
BRDA:473,37,0,88
BRDA:473,37,1,38
BRDA:511,38,0,0
BRDA:511,38,1,0
BRDA:511,39,0,0
BRDA:511,39,1,0
BRF:79
BRH:59
end_of_record
TN:
SF:src/components/SearchButton.tsx
FN:8,SearchButton
FNF:1
FNH:1
FNDA:131,SearchButton
DA:9,131
LF:1
LH:1
BRF:0
BRH:0
end_of_record
TN:
SF:src/components/SpellCheck.tsx
FN:46,SpellCheck
FN:50,(anonymous_1)
FN:52,(anonymous_2)
FN:53,(anonymous_3)
FN:58,(anonymous_4)
FNF:5
FNH:5
FNDA:4,SpellCheck
FNDA:4,(anonymous_1)
FNDA:4,(anonymous_2)
FNDA:4,(anonymous_3)
FNDA:2,(anonymous_4)
DA:19,5
DA:50,4
DA:51,4
DA:52,4
DA:53,4
DA:54,4
DA:57,4
DA:58,4
DA:59,2
DA:60,2
DA:65,4
DA:66,0
DA:68,4
LF:13
LH:12
BRDA:50,0,0,4
BRDA:50,0,1,0
BRDA:52,1,0,4
BRDA:52,1,1,0
BRDA:55,2,0,4
BRDA:55,2,1,0
BRDA:60,3,0,1
BRDA:60,3,1,1
BRDA:65,4,0,0
BRDA:65,4,1,4
BRF:10
BRH:6
end_of_record
TN:
SF:src/components/StandardFacets.tsx
FN:52,StandardFacets
FN:56,(anonymous_1)
FN:57,(anonymous_2)
FN:58,(anonymous_3)
FN:77,isStringFacet
FN:81,Divider
FNF:6
FNH:6
FNDA:6,StandardFacets
FNDA:6,(anonymous_1)
FNDA:12,(anonymous_2)
FNDA:6,(anonymous_3)
FNDA:12,isStringFacet
FNDA:6,Divider
DA:53,6
DA:54,6
DA:56,6
DA:57,12
DA:59,6
DA:78,12
DA:82,6
LF:7
LH:7
BRDA:53,0,0,6
BRDA:53,1,0,6
BRDA:57,2,0,12
BRDA:57,2,1,12
BRDA:68,3,0,6
BRDA:68,3,1,6
BRDA:78,4,0,12
BRDA:78,4,1,12
BRDA:81,5,0,6
BRF:9
BRH:9
end_of_record
TN:
SF:src/components/StaticFilters.tsx
FN:60,StaticFilters
FNF:1
FNH:1
FNDA:11,StaticFilters
DA:61,11
DA:62,11
DA:63,11
LF:3
LH:3
BRDA:61,0,0,11
BRF:1
BRH:1
end_of_record
TN:
SF:src/components/ThumbsFeedback.tsx
FN:54,ThumbsFeedback
FN:61,(anonymous_1)
FN:64,(anonymous_2)
FN:69,(anonymous_3)
FN:75,(anonymous_4)
FNF:5
FNH:5
FNDA:16,ThumbsFeedback
FNDA:16,(anonymous_1)
FNDA:2,(anonymous_2)
FNDA:2,(anonymous_3)
FNDA:12,(anonymous_4)
DA:40,7
DA:60,16
DA:61,16
DA:62,16
DA:64,16
DA:65,2
DA:66,2
DA:69,16
DA:70,2
DA:71,2
DA:75,16
DA:76,12
DA:79,16
LF:13
LH:13
BRDA:57,0,0,16
BRDA:58,1,0,16
BRDA:81,2,0,4
BRDA:81,2,1,12
BRF:4
BRH:4
end_of_record
TN:
SF:src/components/UniversalResults.tsx
FN:51,UniversalResults
FN:57,(anonymous_1)
FN:58,(anonymous_2)
FN:84,renderVerticalSections
FN:88,(anonymous_4)
FN:89,(anonymous_5)
FNF:6
FNH:6
FNDA:5,UniversalResults
FNDA:5,(anonymous_1)
FNDA:5,(anonymous_2)
FNDA:5,renderVerticalSections
FNDA:15,(anonymous_4)
FNDA:15,(anonymous_5)
DA:22,5
DA:56,5
DA:57,5
DA:58,5
DA:60,5
DA:61,0
DA:64,5
DA:68,5
DA:85,5
DA:86,5
DA:88,15
DA:90,15
DA:91,15
DA:93,15
DA:94,15
DA:96,15
DA:98,15
DA:102,15
LF:18
LH:17
BRDA:57,0,0,5
BRDA:57,0,1,0
BRDA:60,1,0,0
BRDA:60,1,1,5
BRDA:65,2,0,5
BRDA:65,2,1,0
BRDA:91,3,0,15
BRDA:91,3,1,11
BRDA:93,4,0,15
BRDA:93,4,1,14
BRDA:96,5,0,15
BRDA:96,5,1,15
BRDA:98,6,0,3
BRDA:98,6,1,12
BRF:14
BRH:11
end_of_record
TN:
SF:src/components/VerticalResults.tsx
FN:43,VerticalResults
FN:45,(anonymous_1)
FN:47,(anonymous_2)
FN:48,(anonymous_3)
FNF:4
FNH:4
FNDA:7,VerticalResults
FNDA:7,(anonymous_1)
FNDA:7,(anonymous_2)
FNDA:7,(anonymous_3)
DA:44,7
DA:45,7
DA:47,7
DA:48,7
DA:50,7
DA:51,7
DA:52,2
DA:55,7
LF:8
LH:8
BRDA:44,0,0,6
BRDA:44,1,0,2
BRDA:45,2,0,7
BRDA:45,2,1,1
BRDA:47,3,0,7
BRDA:47,3,1,6
BRDA:51,4,0,2
BRDA:51,4,1,5
BRDA:51,5,0,7
BRDA:51,5,1,2
BRDA:58,6,0,7
BRDA:58,6,1,6
BRF:12
BRH:12
end_of_record
TN:
SF:src/components/VerticalResultsDisplay.tsx
FN:24,VerticalResultsDisplay
FN:43,(anonymous_1)
FN:54,renderResult
FNF:3
FNH:3
FNDA:17,VerticalResultsDisplay
FNDA:27,(anonymous_1)
FNDA:27,renderResult
DA:7,6
DA:30,17
DA:31,17
DA:33,17
DA:34,1
DA:37,16
DA:41,16
DA:43,27
DA:58,27
LF:9
LH:9
BRDA:28,0,0,10
BRDA:33,1,0,1
BRDA:33,1,1,16
BRDA:38,2,0,16
BRDA:38,2,1,0
BRDA:43,3,0,16
BRDA:43,3,1,16
BRDA:58,4,0,27
BRDA:58,4,1,0
BRF:9
BRH:7
end_of_record
TN:
SF:src/components/index.ts
FNF:0
FNH:0
LF:0
LH:0
BRF:0
BRH:0
end_of_record
TN:
SF:src/components/Dropdown/Dropdown.tsx
FN:36,Dropdown
FN:50,(anonymous_1)
FN:69,(anonymous_2)
FN:76,(anonymous_3)
FN:80,(anonymous_4)
FN:114,useInputContextInstance
FN:125,useFocusContextInstance
FN:136,updateFocusedItem
FN:166,useDropdownContextInstance
FN:173,(anonymous_9)
FN:185,getTransformedChildrenAndItemData
FN:187,(anonymous_11)
FNF:12
FNH:12
FNDA:236,Dropdown
FNDA:41,(anonymous_1)
FNDA:236,(anonymous_2)
FNDA:1,(anonymous_3)
FNDA:109,(anonymous_4)
FNDA:236,useInputContextInstance
FNDA:236,useFocusContextInstance
FNDA:113,updateFocusedItem
FNDA:236,useDropdownContextInstance
FNDA:145,(anonymous_9)
FNDA:236,getTransformedChildrenAndItemData
FNDA:1851,(anonymous_11)
DA:47,236
DA:49,236
DA:50,236
DA:51,236
DA:52,236
DA:54,236
DA:55,236
DA:57,236
DA:64,236
DA:66,236
DA:67,236
DA:69,236
DA:70,236
DA:71,5
DA:72,5
DA:76,236
DA:77,1
DA:80,236
DA:81,109
DA:82,10
DA:84,109
DA:85,1
DA:87,108
DA:88,9
DA:89,99
DA:90,1
DA:94,236
DA:115,236
DA:116,236
DA:117,236
DA:132,236
DA:133,236
DA:134,236
DA:137,113
DA:139,113
DA:140,104
DA:141,104
DA:142,104
DA:143,104
DA:144,9
DA:145,0
DA:146,0
DA:147,0
DA:148,0
DA:150,9
DA:151,9
DA:152,9
DA:154,113
DA:155,113
DA:158,236
DA:172,236
DA:173,236
DA:174,145
DA:175,145
DA:177,236
DA:186,236
DA:187,236
DA:188,1851
DA:189,1707
DA:191,144
DA:192,144
DA:196,144
DA:197,144
DA:200,236
LF:64
LH:60
BRDA:40,0,0,236
BRDA:70,1,0,5
BRDA:70,1,1,231
BRDA:70,2,0,236
BRDA:70,2,1,131
BRDA:81,3,0,10
BRDA:81,3,1,99
BRDA:81,4,0,109
BRDA:81,4,1,100
BRDA:84,5,0,1
BRDA:84,5,1,108
BRDA:87,6,0,9
BRDA:87,6,1,99
BRDA:89,7,0,1
BRDA:89,7,1,98
BRDA:95,8,0,165
BRDA:95,8,1,71
BRDA:106,9,0,165
BRDA:106,9,1,71
BRDA:114,10,0,236
BRDA:139,11,0,104
BRDA:139,11,1,9
BRDA:139,12,0,113
BRDA:139,12,1,9
BRDA:139,12,2,9
BRDA:140,13,0,104
BRDA:140,13,1,4
BRDA:144,14,0,0
BRDA:144,14,1,9
BRDA:146,15,0,0
BRDA:146,15,1,0
BRDA:150,16,0,9
BRDA:150,16,1,9
BRDA:188,17,0,1707
BRDA:188,17,1,144
BRDA:188,18,0,1851
BRDA:188,18,1,1851
BRF:37
BRH:34
end_of_record
TN:
SF:src/components/Dropdown/DropdownContext.ts
FN:15,useDropdownContext
FNF:1
FNH:1
FNDA:623,useDropdownContext
DA:13,7
DA:16,623
DA:17,623
DA:18,0
DA:20,623
LF:5
LH:4
BRDA:17,0,0,0
BRDA:17,0,1,623
BRF:2
BRH:1
end_of_record
TN:
SF:src/components/Dropdown/DropdownInput.tsx
FN:10,DropdownInput
FN:39,(anonymous_1)
FN:46,(anonymous_2)
FN:67,(anonymous_3)
FNF:4
FNH:4
FNDA:236,DropdownInput
FNDA:84,(anonymous_1)
FNDA:108,(anonymous_2)
FNDA:42,(anonymous_3)
DA:27,236
DA:29,236
DA:31,236
DA:32,236
DA:37,236
DA:39,236
DA:40,84
DA:41,84
DA:42,84
DA:43,84
DA:46,236
DA:47,108
DA:48,11
DA:49,11
DA:50,11
DA:51,11
DA:52,11
DA:53,4
DA:67,236
DA:68,42
DA:69,42
DA:72,236
LF:22
LH:22
BRDA:32,0,0,0
BRDA:34,1,0,0
BRDA:47,2,0,11
BRDA:47,2,1,97
BRDA:47,3,0,108
BRDA:47,3,1,13
BRDA:47,3,2,3
BRDA:52,4,0,4
BRDA:52,4,1,7
BRDA:81,5,0,236
BRDA:81,5,1,236
BRDA:84,6,0,236
BRDA:84,6,1,236
BRF:13
BRH:11
end_of_record
TN:
SF:src/components/Dropdown/DropdownItem.tsx
FN:31,DropdownItem
FN:33,DropdownItemWithIndex
FN:50,(anonymous_2)
FNF:3
FNH:2
FNDA:0,DropdownItem
FNDA:120,DropdownItemWithIndex
FNDA:3,(anonymous_2)
DA:31,0
DA:42,120
DA:44,120
DA:45,120
DA:46,120
DA:48,120
DA:50,120
DA:51,3
DA:52,3
DA:53,3
DA:54,3
DA:55,3
DA:56,3
DA:69,120
LF:14
LH:13
BRDA:71,0,0,120
BRDA:71,0,1,120
BRDA:73,1,0,9
BRDA:73,1,1,111
BRF:4
BRH:4
end_of_record
TN:
SF:src/components/Dropdown/DropdownMenu.tsx
FN:7,DropdownMenu
FNF:1
FNH:1
FNDA:136,DropdownMenu
DA:10,136
DA:11,136
DA:12,33
DA:15,103
LF:4
LH:4
BRDA:11,0,0,33
BRDA:11,0,1,103
BRF:2
BRH:2
end_of_record
TN:
SF:src/components/Dropdown/FocusContext.ts
FN:22,useFocusContext
FNF:1
FNH:1
FNDA:356,useFocusContext
DA:20,7
DA:23,356
DA:24,356
DA:25,0
DA:27,356
LF:5
LH:4
BRDA:24,0,0,0
BRDA:24,0,1,356
BRF:2
BRH:1
end_of_record
TN:
SF:src/components/Dropdown/InputContext.tsx
FN:15,useInputContext
FNF:1
FNH:1
FNDA:356,useInputContext
DA:13,7
DA:16,356
DA:17,356
DA:18,0
DA:20,356
LF:5
LH:4
BRDA:17,0,0,0
BRDA:17,0,1,356
BRF:2
BRH:1
end_of_record
TN:
SF:src/components/Dropdown/generateDropdownId.ts
FN:8,generateDropdownId
FNF:1
FNH:1
FNDA:592,generateDropdownId
DA:9,592
LF:1
LH:1
BRF:0
BRH:0
end_of_record
TN:
SF:src/components/Filters/CheckboxOption.tsx
FN:70,CheckboxOption
FN:79,(anonymous_1)
FN:83,(anonymous_2)
FN:94,(anonymous_3)
FN:98,(anonymous_4)
FN:107,(anonymous_5)
FN:120,(anonymous_6)
FNF:7
FNH:7
FNDA:90,CheckboxOption
FNDA:68,(anonymous_1)
FNDA:11,(anonymous_2)
FNDA:11,(anonymous_3)
FNDA:68,(anonymous_4)
FNDA:80,(anonymous_5)
FNDA:72,(anonymous_6)
DA:52,4
DA:71,90
DA:77,90
DA:78,90
DA:79,90
DA:80,90
DA:81,90
DA:83,90
DA:84,11
DA:91,11
DA:94,90
DA:95,11
DA:98,90
DA:99,68
DA:105,90
DA:107,90
DA:108,80
DA:109,0
DA:110,0
DA:113,80
DA:114,12
DA:117,68
DA:120,90
DA:121,72
DA:122,68
DA:123,11
DA:132,90
DA:133,12
DA:136,78
DA:138,78
DA:141,78
DA:145,78
LF:32
LH:30
BRDA:74,0,0,60
BRDA:75,1,0,60
BRDA:76,2,0,45
BRDA:88,3,0,11
BRDA:88,3,1,0
BRDA:108,4,0,0
BRDA:108,4,1,80
BRDA:113,5,0,12
BRDA:113,5,1,68
BRDA:121,6,0,68
BRDA:121,6,1,4
BRDA:122,7,0,11
BRDA:122,7,1,57
BRDA:122,8,0,68
BRDA:122,8,1,22
BRDA:125,9,0,11
BRDA:125,9,1,0
BRDA:132,10,0,12
BRDA:132,10,1,78
BRDA:136,11,0,54
BRDA:136,11,1,24
BRDA:139,12,0,78
BRDA:139,12,1,0
BRDA:142,13,0,78
BRDA:142,13,1,0
BRDA:158,14,0,78
BRDA:158,14,1,2
BRF:27
BRH:22
end_of_record
TN:
SF:src/components/Filters/CollapsibleLabel.tsx
FN:25,CollapsibleLabel
FNF:1
FNH:1
FNDA:28,CollapsibleLabel
DA:26,28
DA:27,28
DA:31,28
LF:3
LH:3
BRF:0
BRH:0
end_of_record
TN:
SF:src/components/Filters/CollapsibleSection.tsx
FN:23,CollapsibleSection
FNF:1
FNH:1
FNDA:37,CollapsibleSection
DA:27,37
DA:29,37
DA:31,37
LF:3
LH:3
BRDA:25,0,0,37
BRF:1
BRH:1
end_of_record
TN:
SF:src/components/Filters/FacetsProvider.tsx
FN:45,FacetsProvider
FN:51,(anonymous_1)
FN:52,(anonymous_2)
FN:53,(anonymous_3)
FN:54,(anonymous_4)
FN:54,(anonymous_5)
FN:65,(anonymous_6)
FN:67,(anonymous_7)
FN:78,(anonymous_8)
FNF:9
FNH:9
FNDA:18,FacetsProvider
FNDA:18,(anonymous_1)
FNDA:18,(anonymous_2)
FNDA:18,(anonymous_3)
FNDA:29,(anonymous_4)
FNDA:70,(anonymous_5)
FNDA:18,(anonymous_6)
FNDA:21,(anonymous_7)
FNDA:12,(anonymous_8)
DA:50,18
DA:51,18
DA:52,18
DA:53,18
DA:54,29
DA:55,70
DA:65,18
DA:66,18
DA:68,21
DA:69,0
DA:70,0
DA:72,21
DA:76,21
DA:79,12
DA:80,11
DA:81,11
DA:82,11
DA:89,18
LF:18
LH:16
BRDA:47,0,0,18
BRDA:48,1,0,17
BRDA:52,2,0,18
BRDA:52,2,1,0
BRDA:68,3,0,0
BRDA:68,3,1,21
BRDA:68,4,0,21
BRDA:68,4,1,2
BRDA:79,5,0,11
BRDA:79,5,1,1
BRF:10
BRH:8
end_of_record
TN:
SF:src/components/Filters/FilterGroupContext.ts
FN:40,useFilterGroupContext
FNF:1
FNH:1
FNDA:169,useFilterGroupContext
DA:33,4
DA:41,169
DA:42,169
DA:43,0
DA:45,169
LF:5
LH:4
BRDA:42,0,0,0
BRDA:42,0,1,169
BRF:2
BRH:1
end_of_record
TN:
SF:src/components/Filters/FilterGroupProvider.tsx
FN:31,FilterGroupProvider
FN:41,(anonymous_1)
FNF:2
FNH:2
FNDA:37,FilterGroupProvider
FNDA:37,(anonymous_1)
DA:36,37
DA:38,37
DA:39,37
DA:40,37
DA:41,37
DA:42,37
DA:61,37
LF:7
LH:7
BRDA:34,0,0,0
BRF:1
BRH:0
end_of_record
TN:
SF:src/components/Filters/FiltersContext.ts
FN:30,useFiltersContext
FNF:1
FNH:1
FNDA:130,useFiltersContext
DA:23,6
DA:31,130
DA:32,130
DA:33,0
DA:35,130
LF:5
LH:4
BRDA:32,0,0,0
BRDA:32,0,1,130
BRF:2
BRH:1
end_of_record
TN:
SF:src/components/Filters/HierarchicalFacetDisplay.tsx
FN:63,HierarchicalFacetDisplay
FN:72,(anonymous_1)
FN:73,(anonymous_2)
FN:78,renderTree
FN:84,(anonymous_4)
FN:87,(anonymous_5)
FN:109,renderAllCategoriesButton
FN:121,renderAvailableOptions
FN:123,(anonymous_8)
FN:131,(anonymous_9)
FN:136,renderShowMoreButton
FN:145,renderCategory
FN:171,AllCategories
FN:178,(anonymous_13)
FN:180,(anonymous_14)
FN:181,(anonymous_15)
FN:186,(anonymous_16)
FN:203,AvailableOption
FN:214,(anonymous_18)
FN:215,(anonymous_19)
FN:215,(anonymous_20)
FN:255,ParentCategory
FN:263,(anonymous_22)
FN:265,(anonymous_23)
FN:275,(anonymous_24)
FN:294,CurrentCategory
FN:301,(anonymous_26)
FN:335,ShowMoreButton
FNF:28
FNH:22
FNDA:6,HierarchicalFacetDisplay
FNDA:5,(anonymous_1)
FNDA:0,(anonymous_2)
FNDA:6,renderTree
FNDA:19,(anonymous_4)
FNDA:24,(anonymous_5)
FNDA:6,renderAllCategoriesButton
FNDA:6,renderAvailableOptions
FNDA:12,(anonymous_8)
FNDA:24,(anonymous_9)
FNDA:0,renderShowMoreButton
FNDA:12,renderCategory
FNDA:6,AllCategories
FNDA:0,(anonymous_13)
FNDA:0,(anonymous_14)
FNDA:0,(anonymous_15)
FNDA:17,(anonymous_16)
FNDA:12,AvailableOption
FNDA:2,(anonymous_18)
FNDA:2,(anonymous_19)
FNDA:1,(anonymous_20)
FNDA:11,ParentCategory
FNDA:7,(anonymous_22)
FNDA:5,(anonymous_23)
FNDA:2,(anonymous_24)
FNDA:1,CurrentCategory
FNDA:1,(anonymous_26)
FNDA:0,ShowMoreButton
DA:42,6
DA:53,6
DA:69,6
DA:70,6
DA:71,6
DA:72,6
DA:73,6
DA:74,0
DA:79,6
DA:80,6
DA:82,6
DA:83,18
DA:84,19
DA:86,18
DA:87,24
DA:89,18
DA:90,6
DA:91,6
DA:92,0
DA:94,6
DA:97,12
DA:98,12
DA:99,0
DA:101,12
DA:103,12
DA:106,6
DA:110,6
DA:122,6
DA:123,6
DA:124,12
DA:131,24
DA:137,0
DA:146,12
DA:153,12
DA:154,11
DA:156,1
DA:160,6
DA:177,6
DA:178,6
DA:179,0
DA:180,0
DA:181,0
DA:182,0
DA:183,0
DA:186,17
DA:187,6
DA:197,0
DA:211,12
DA:212,12
DA:213,12
DA:214,12
DA:215,2
DA:220,2
DA:225,2
DA:226,2
DA:231,2
DA:232,2
DA:244,12
DA:261,11
DA:263,11
DA:264,7
DA:265,7
DA:266,5
DA:271,5
DA:275,11
DA:276,2
DA:281,2
DA:282,2
DA:283,2
DA:286,11
DA:300,1
DA:301,1
DA:302,1
DA:307,1
DA:308,1
DA:313,1
DA:314,1
DA:324,1
DA:340,0
LF:79
LH:68
BRDA:65,0,0,6
BRDA:66,1,0,6
BRDA:86,2,0,18
BRDA:86,2,1,6
BRDA:89,3,0,6
BRDA:89,3,1,12
BRDA:89,4,0,18
BRDA:89,4,1,12
BRDA:89,4,2,17
BRDA:91,5,0,0
BRDA:91,5,1,6
BRDA:97,6,0,12
BRDA:97,6,1,11
BRDA:98,7,0,0
BRDA:98,7,1,12
BRDA:122,8,0,0
BRDA:122,8,1,6
BRDA:153,9,0,11
BRDA:153,9,1,1
BRDA:186,10,0,6
BRDA:186,10,1,0
BRDA:226,11,0,2
BRDA:226,11,1,2
BRDA:246,12,0,5
BRDA:246,12,1,7
BRDA:308,13,0,1
BRDA:308,13,1,1
BRDA:342,14,0,0
BRDA:342,14,1,0
BRF:29
BRH:23
end_of_record
TN:
SF:src/components/Filters/RangeInput.tsx
FN:95,RangeInput
FN:106,(anonymous_1)
FN:107,(anonymous_2)
FN:109,(anonymous_3)
FN:125,(anonymous_4)
FN:127,(anonymous_5)
FN:132,(anonymous_6)
FN:137,(anonymous_7)
FN:146,(anonymous_8)
FN:149,(anonymous_9)
FN:164,(anonymous_10)
FN:183,renderInput
FN:245,getDefaultFilterDisplayName
FN:265,validateNumericInput
FN:273,isValidRange
FNF:15
FNH:11
FNDA:10,RangeInput
FNDA:10,(anonymous_1)
FNDA:26,(anonymous_2)
FNDA:8,(anonymous_3)
FNDA:7,(anonymous_4)
FNDA:1,(anonymous_5)
FNDA:1,(anonymous_6)
FNDA:1,(anonymous_7)
FNDA:0,(anonymous_8)
FNDA:0,(anonymous_9)
FNDA:0,(anonymous_10)
FNDA:20,renderInput
FNDA:0,getDefaultFilterDisplayName
FNDA:2,validateNumericInput
FNDA:10,isValidRange
DA:64,4
DA:96,10
DA:97,10
DA:101,10
DA:102,10
DA:103,10
DA:104,10
DA:105,10
DA:106,10
DA:107,26
DA:109,10
DA:110,8
DA:117,10
DA:120,10
DA:121,10
DA:122,10
DA:123,10
DA:125,10
DA:127,10
DA:128,1
DA:129,1
DA:132,10
DA:133,1
DA:134,1
DA:137,10
DA:138,1
DA:139,0
DA:141,1
DA:142,0
DA:144,1
DA:146,1
DA:147,0
DA:149,1
DA:150,0
DA:155,1
DA:160,1
DA:161,1
DA:164,10
DA:165,0
DA:166,0
DA:169,10
DA:178,10
DA:184,20
DA:200,10
DA:246,0
DA:247,0
DA:249,0
DA:250,0
DA:251,0
DA:252,0
DA:253,0
DA:254,0
DA:256,0
DA:266,2
DA:267,2
DA:274,10
DA:275,1
DA:277,9
LF:58
LH:43
BRDA:99,0,0,6
BRDA:107,1,0,26
BRDA:107,1,1,12
BRDA:120,2,0,10
BRDA:120,2,1,4
BRDA:122,3,0,10
BRDA:122,3,1,7
BRDA:123,4,0,10
BRDA:123,4,1,3
BRDA:129,5,0,1
BRDA:129,5,1,1
BRDA:134,6,0,1
BRDA:134,6,1,1
BRDA:138,7,0,0
BRDA:138,7,1,1
BRDA:138,8,0,1
BRDA:138,8,1,0
BRDA:141,9,0,0
BRDA:141,9,1,1
BRDA:147,10,0,0
BRDA:147,10,1,0
BRDA:147,10,2,0
BRDA:170,11,0,10
BRDA:170,11,1,0
BRDA:171,12,0,10
BRDA:171,12,1,0
BRDA:172,13,0,10
BRDA:172,13,1,0
BRDA:173,14,0,10
BRDA:173,14,1,0
BRDA:174,15,0,10
BRDA:174,15,1,0
BRDA:175,16,0,10
BRDA:175,16,1,0
BRDA:179,17,0,10
BRDA:179,17,1,0
BRDA:180,18,0,10
BRDA:180,18,1,0
BRDA:186,19,0,20
BRDA:186,19,1,20
BRDA:207,20,0,10
BRDA:207,20,1,6
BRDA:214,21,0,10
BRDA:214,21,1,0
BRDA:220,22,0,10
BRDA:220,22,1,3
BRDA:228,23,0,3
BRDA:228,23,1,3
BRDA:249,24,0,0
BRDA:249,24,1,0
BRDA:249,25,0,0
BRDA:249,25,1,0
BRDA:251,26,0,0
BRDA:251,26,1,0
BRDA:251,27,0,0
BRDA:251,27,1,0
BRDA:253,28,0,0
BRDA:253,28,1,0
BRDA:253,29,0,0
BRDA:253,29,1,0
BRDA:274,30,0,1
BRDA:274,30,1,9
BRDA:274,31,0,10
BRDA:274,31,1,3
BRF:64
BRH:37
end_of_record
TN:
SF:src/components/Filters/SearchInput.tsx
FN:24,SearchInput
FN:30,(anonymous_1)
FNF:2
FNH:2
FNDA:4,SearchInput
FNDA:3,(anonymous_1)
DA:28,4
DA:29,4
DA:30,4
DA:31,3
DA:34,4
LF:5
LH:5
BRDA:26,0,0,4
BRDA:27,1,0,4
BRF:2
BRH:2
end_of_record
TN:
SF:src/components/Filters/StaticFiltersProvider.tsx
FN:29,StaticFiltersProvider
FN:35,(anonymous_1)
FN:37,(anonymous_2)
FN:39,(anonymous_3)
FN:42,(anonymous_4)
FNF:5
FNH:5
FNDA:11,StaticFiltersProvider
FNDA:11,(anonymous_1)
FNDA:11,(anonymous_2)
FNDA:15,(anonymous_3)
FNDA:4,(anonymous_4)
DA:34,11
DA:35,11
DA:37,11
DA:38,11
DA:40,15
DA:43,4
DA:44,3
DA:45,3
DA:46,3
DA:53,11
LF:10
LH:10
BRDA:31,0,0,11
BRDA:32,1,0,10
BRDA:43,2,0,3
BRDA:43,2,1,1
BRDA:49,3,0,11
BRDA:49,3,1,0
BRF:6
BRH:5
end_of_record
TN:
SF:src/components/Filters/index.ts
FNF:0
FNH:0
LF:0
LH:0
BRF:0
BRH:0
end_of_record
TN:
SF:src/components/cards/standard/StandardCard.tsx
FN:27,StandardCard
FNF:1
FNH:1
FNDA:27,StandardCard
DA:32,27
DA:34,27
DA:41,27
DA:51,27
LF:4
LH:4
BRDA:35,0,0,27
BRDA:35,0,1,27
BRDA:35,0,2,27
BRDA:36,1,0,27
BRDA:36,1,1,27
BRF:5
BRH:5
end_of_record
TN:
SF:src/components/cards/standard/StandardCardDisplay.tsx
FN:75,StandardCardDisplay
FN:88,renderTitle
FN:100,renderCTAs
FN:115,renderDescription
FN:127,renderFeedbackIcons
FNF:5
FNH:5
FNDA:27,StandardCardDisplay
FNDA:27,renderTitle
FNDA:27,renderCTAs
FNDA:27,renderDescription
FNDA:27,renderFeedbackIcons
DA:32,6
DA:85,27
DA:86,27
DA:89,27
DA:91,27
DA:101,27
DA:102,17
DA:112,10
DA:116,27
DA:117,27
DA:124,0
DA:128,27
DA:129,0
DA:138,27
DA:141,27
DA:161,6
LF:16
LH:14
BRDA:92,0,0,0
BRDA:92,0,1,27
BRDA:101,1,0,17
BRDA:101,1,1,10
BRDA:101,2,0,27
BRDA:101,2,1,10
BRDA:104,3,0,17
BRDA:104,3,1,17
BRDA:106,4,0,17
BRDA:106,4,1,17
BRDA:116,5,0,27
BRDA:116,5,1,0
BRDA:128,6,0,0
BRDA:128,6,1,27
BRDA:146,7,0,27
BRDA:146,7,1,0
BRDA:146,7,2,0
BRDA:146,7,3,27
BRF:18
BRH:13
end_of_record
TN:
SF:src/components/sections/SectionHeader.tsx
FN:62,SectionHeader
FN:71,(anonymous_1)
FN:73,(anonymous_2)
FN:81,(anonymous_3)
FN:83,(anonymous_4)
FN:92,(anonymous_5)
FNF:6
FNH:5
FNDA:10,SectionHeader
FNDA:10,(anonymous_1)
FNDA:1,(anonymous_2)
FNDA:10,(anonymous_3)
FNDA:10,(anonymous_4)
FNDA:0,(anonymous_5)
DA:10,5
DA:25,5
DA:70,10
DA:71,10
DA:72,10
DA:73,1
DA:80,10
DA:81,10
DA:83,10
DA:84,10
DA:88,10
DA:92,10
DA:93,0
DA:94,0
DA:96,0
DA:97,0
DA:98,0
DA:100,0
DA:107,10
LF:19
LH:13
BRDA:66,0,0,7
BRDA:68,1,0,0
BRDA:72,2,0,10
BRDA:72,2,1,8
BRDA:85,3,0,10
BRDA:85,3,1,10
BRDA:88,4,0,1
BRDA:88,4,1,9
BRDA:93,5,0,0
BRDA:93,5,1,0
BRDA:96,6,0,0
BRDA:96,6,1,0
BRDA:113,7,0,10
BRDA:113,7,1,2
BRDA:116,8,0,10
BRDA:116,8,1,3
BRF:16
BRH:11
end_of_record
TN:
SF:src/components/sections/StandardSection.tsx
FN:38,StandardSection
FNF:1
FNH:1
FNDA:15,StandardSection
DA:16,5
DA:39,15
DA:40,15
DA:42,15
DA:43,5
DA:46,10
LF:6
LH:6
BRDA:40,0,0,15
BRDA:42,1,0,5
BRDA:42,1,1,10
BRF:3
BRH:3
end_of_record
TN:
SF:src/components/sections/index.ts
FNF:0
FNH:0
LF:0
LH:0
BRF:0
BRH:0
end_of_record
TN:
SF:src/components/utils/processTranslation.ts
FN:1,processTranslation
FNF:1
FNH:1
FNDA:174,processTranslation
DA:6,174
DA:7,133
DA:9,41
LF:3
LH:3
BRDA:6,0,0,133
BRDA:6,0,1,41
BRDA:6,1,0,174
BRDA:6,1,1,174
BRDA:6,1,2,174
BRF:5
BRH:5
end_of_record
TN:
SF:src/components/utils/recursivelyMapChildren.ts
FN:6,recursivelyMapChildren
FN:10,(anonymous_1)
FNF:2
FNH:2
FNDA:1510,recursivelyMapChildren
FNDA:2342,(anonymous_1)
DA:10,1510
DA:11,2342
DA:12,491
DA:14,1851
DA:15,1851
DA:16,0
DA:18,1851
DA:19,1851
DA:20,703
DA:22,1148
DA:23,1148
LF:11
LH:10
BRDA:11,0,0,491
BRDA:11,0,1,1851
BRDA:15,1,0,0
BRDA:15,1,1,1851
BRDA:15,2,0,1851
BRDA:15,2,1,1851
BRDA:19,3,0,703
BRDA:19,3,1,1148
BRF:8
BRH:7
end_of_record
TN:
SF:src/components/utils/renderAutocompleteResult.tsx
FN:26,renderAutocompleteResult
FNF:1
FNH:1
FNDA:87,renderAutocompleteResult
DA:16,6
DA:32,87
LF:2
LH:2
BRDA:28,0,0,0
BRDA:33,1,0,87
BRDA:33,1,1,45
BRDA:36,2,0,87
BRDA:36,2,1,42
BRF:5
BRH:4
end_of_record
TN:
SF:src/components/utils/renderHighlightedValue.tsx
FN:27,renderHighlightedValue
FN:41,(anonymous_1)
FNF:2
FNH:1
FNDA:147,renderHighlightedValue
FNDA:0,(anonymous_1)
DA:3,9
DA:32,147
DA:36,147
DA:37,147
DA:38,141
DA:40,6
DA:41,6
DA:42,6
DA:43,6
DA:44,6
DA:45,6
DA:46,6
DA:50,6
DA:53,6
DA:55,6
DA:56,6
DA:60,6
LF:17
LH:17
BRDA:31,0,0,0
BRDA:32,1,0,54
BRDA:32,1,1,93
BRDA:37,2,0,141
BRDA:37,2,1,6
BRDA:37,3,0,147
BRDA:37,3,1,60
BRDA:45,4,0,6
BRDA:45,4,1,0
BRDA:55,5,0,6
BRDA:55,5,1,0
BRF:11
BRH:8
end_of_record
TN:
SF:src/hooks/index.ts
FNF:0
FNH:0
LF:0
LH:0
BRF:0
BRH:0
end_of_record
TN:
SF:src/hooks/useAnalytics.ts
FN:11,useAnalytics
FNF:1
FNH:1
FNDA:215,useAnalytics
DA:4,7
DA:12,215
LF:2
LH:2
BRF:0
BRH:0
end_of_record
TN:
SF:src/hooks/useCardAnalytics.ts
FN:26,isDirectAnswer
FN:31,useCardAnalytics
FN:35,(anonymous_2)
FN:36,(anonymous_3)
FN:38,(anonymous_4)
FN:73,(anonymous_5)
FN:96,(anonymous_6)
FNF:7
FNH:7
FNDA:6,isDirectAnswer
FNDA:107,useCardAnalytics
FNDA:107,(anonymous_2)
FNDA:107,(anonymous_3)
FNDA:2,(anonymous_4)
FNDA:4,(anonymous_5)
FNDA:6,(anonymous_6)
DA:27,6
DA:34,107
DA:35,107
DA:36,107
DA:38,107
DA:40,2
DA:41,2
DA:42,2
DA:43,2
DA:44,2
DA:47,2
DA:49,0
DA:50,0
DA:53,2
DA:54,0
DA:55,0
DA:57,2
DA:58,0
DA:59,0
DA:61,2
DA:73,107
DA:74,4
DA:75,0
DA:76,0
DA:78,4
DA:80,4
DA:81,4
DA:82,4
DA:84,0
DA:86,4
DA:96,107
DA:100,6
DA:101,0
DA:103,6
DA:104,2
DA:106,6
DA:107,4
DA:110,107
LF:38
LH:28
BRDA:27,0,0,6
BRDA:27,0,1,3
BRDA:41,1,0,2
BRDA:41,1,1,0
BRDA:44,2,0,1
BRDA:44,2,1,1
BRDA:53,3,0,0
BRDA:53,3,1,2
BRDA:57,4,0,0
BRDA:57,4,1,2
BRDA:64,5,0,0
BRDA:64,5,1,2
BRDA:66,6,0,2
BRDA:66,6,1,2
BRDA:74,7,0,0
BRDA:74,7,1,4
BRDA:80,8,0,4
BRDA:80,8,1,0
BRDA:89,9,0,0
BRDA:89,9,1,4
BRDA:91,10,0,4
BRDA:91,10,1,4
BRDA:100,11,0,0
BRDA:100,11,1,6
BRDA:103,12,0,2
BRDA:103,12,1,4
BRDA:103,13,0,6
BRDA:103,13,1,6
BRDA:106,14,0,4
BRDA:106,14,1,2
BRDA:106,15,0,6
BRDA:106,15,1,4
BRF:32
BRH:24
end_of_record
TN:
SF:src/hooks/useCardAnalyticsCallback.tsx
FN:13,useCardAnalyticsCallback
FN:18,(anonymous_1)
FNF:2
FNH:2
FNDA:67,useCardAnalyticsCallback
FNDA:2,(anonymous_1)
DA:17,67
DA:18,67
DA:19,2
LF:3
LH:3
BRF:0
BRH:0
end_of_record
TN:
SF:src/hooks/useCardFeedbackCallback.tsx
FN:13,useCardFeedbackCallback
FN:17,(anonymous_1)
FNF:2
FNH:2
FNDA:40,useCardFeedbackCallback
FNDA:4,(anonymous_1)
DA:16,40
DA:17,40
DA:18,4
LF:3
LH:3
BRF:0
BRH:0
end_of_record
TN:
SF:src/hooks/useComponentMountStatus.tsx
FN:9,useComponentMountStatus
FN:11,(anonymous_1)
FN:13,(anonymous_2)
FNF:3
FNH:3
FNDA:278,useComponentMountStatus
FNDA:55,(anonymous_1)
FNDA:55,(anonymous_2)
DA:10,278
DA:11,278
DA:12,55
DA:13,55
DA:16,278
LF:5
LH:5
BRF:0
BRH:0
end_of_record
TN:
SF:src/hooks/useComposedCssClasses.tsx
FN:17,(anonymous_0)
FN:49,useComposedCssClasses
FN:55,(anonymous_2)
FN:60,(anonymous_3)
FNF:4
FNH:4
FNDA:78,(anonymous_0)
FNDA:374,useComposedCssClasses
FNDA:226,(anonymous_2)
FNDA:30,(anonymous_3)
DA:15,13
DA:17,78
DA:55,374
DA:56,226
DA:57,226
DA:58,111
DA:60,115
DA:61,30
DA:62,30
DA:63,30
DA:64,25
DA:66,5
DA:69,115
LF:13
LH:13
BRDA:57,0,0,111
BRDA:57,0,1,115
BRDA:63,1,0,25
BRDA:63,1,1,5
BRDA:63,2,0,30
BRDA:63,2,1,17
BRDA:64,3,0,25
BRDA:64,3,1,22
BRF:8
BRH:8
end_of_record
TN:
SF:src/hooks/useDebouncedFunction.ts
FN:7,useDebouncedFunction
FN:12,(anonymous_1)
FN:13,(anonymous_2)
FN:17,(anonymous_3)
FNF:4
FNH:1
FNDA:126,useDebouncedFunction
FNDA:0,(anonymous_1)
FNDA:0,(anonymous_2)
FNDA:0,(anonymous_3)
DA:11,126
DA:12,126
DA:13,0
DA:14,0
DA:15,0
DA:17,0
DA:18,0
DA:19,0
DA:23,126
LF:9
LH:3
BRDA:14,0,0,0
BRDA:14,0,1,0
BRF:2
BRH:0
end_of_record
TN:
SF:src/hooks/useEntityPreviews.tsx
FN:24,useEntityPreviews
FN:33,(anonymous_1)
FN:51,executeEntityPreviewsQuery
FN:74,getVerticalKeyToResults
FN:77,(anonymous_4)
FNF:5
FNH:1
FNDA:126,useEntityPreviews
FNDA:0,(anonymous_1)
FNDA:0,executeEntityPreviewsQuery
FNDA:0,getVerticalKeyToResults
FNDA:0,(anonymous_4)
DA:28,126
DA:32,126
DA:33,126
DA:34,0
DA:35,0
DA:37,0
DA:42,0
DA:43,0
DA:45,0
DA:46,0
DA:47,0
DA:49,126
DA:56,0
DA:57,0
DA:59,0
DA:60,0
DA:62,0
DA:63,0
DA:64,0
DA:65,0
DA:66,0
DA:68,126
DA:77,0
DA:78,0
DA:79,0
LF:25
LH:5
BRDA:34,0,0,0
BRDA:34,0,1,0
BRDA:42,1,0,0
BRDA:42,1,1,0
BRDA:45,2,0,0
BRDA:45,2,1,0
BRDA:56,3,0,0
BRDA:56,3,1,0
BRDA:59,4,0,0
BRDA:59,4,1,0
BRF:10
BRH:0
end_of_record
TN:
SF:src/hooks/useHierarchicalFacetTree.ts
FN:27,useHierarchicalFacetTree
FN:31,(anonymous_1)
FN:39,parseHierarchicalFacetTree
FN:43,(anonymous_3)
FN:44,(anonymous_4)
FN:49,(anonymous_5)
FN:53,(anonymous_6)
FNF:7
FNH:7
FNDA:6,useHierarchicalFacetTree
FNDA:6,(anonymous_1)
FNDA:6,parseHierarchicalFacetTree
FNDA:24,(anonymous_3)
FNDA:54,(anonymous_4)
FNDA:18,(anonymous_5)
FNDA:24,(anonymous_6)
DA:31,6
DA:32,6
DA:43,6
DA:44,54
DA:45,24
DA:49,18
DA:51,6
DA:53,6
DA:57,24
DA:59,24
DA:60,24
DA:62,24
DA:63,30
DA:64,0
DA:67,0
DA:69,30
DA:70,11
DA:72,30
DA:73,30
DA:76,24
DA:77,24
DA:91,6
LF:22
LH:20
BRDA:43,0,0,6
BRDA:43,0,1,0
BRDA:63,1,0,0
BRDA:63,1,1,30
BRDA:69,2,0,11
BRDA:69,2,1,19
BRF:6
BRH:4
end_of_record
TN:
SF:src/hooks/usePaginationAnalytics.ts
FN:4,usePaginationAnalytics
FN:10,(anonymous_1)
FN:11,(anonymous_2)
FN:13,(anonymous_3)
FNF:4
FNH:4
FNDA:6,usePaginationAnalytics
FNDA:6,(anonymous_1)
FNDA:6,(anonymous_2)
FNDA:1,(anonymous_3)
DA:9,6
DA:10,6
DA:11,6
DA:13,6
DA:14,1
DA:15,1
DA:17,0
DA:18,0
DA:19,0
DA:21,0
DA:22,0
DA:23,0
DA:25,0
DA:34,6
LF:14
LH:7
BRDA:14,0,0,1
BRDA:14,0,1,0
BRDA:17,1,0,0
BRDA:17,1,1,0
BRDA:21,2,0,0
BRDA:21,2,1,0
BRF:6
BRH:1
end_of_record
TN:
SF:src/hooks/useRecentSearches.ts
FN:6,useRecentSearches
FN:17,(anonymous_1)
FN:26,(anonymous_2)
FN:30,(anonymous_3)
FNF:4
FNH:4
FNDA:126,useRecentSearches
FNDA:6,(anonymous_1)
FNDA:6,(anonymous_2)
FNDA:21,(anonymous_3)
DA:4,5
DA:9,126
DA:10,126
DA:17,126
DA:18,6
DA:19,6
DA:23,6
DA:26,126
DA:27,6
DA:30,126
DA:31,21
DA:32,0
DA:36,0
DA:40,126
LF:14
LH:12
BRDA:31,0,0,0
BRDA:31,0,1,21
BRF:2
BRH:1
end_of_record
TN:
SF:src/hooks/useSearchBarAnalytics.ts
FN:6,useSearchBarAnalytics
FN:11,(anonymous_1)
FN:12,(anonymous_2)
FN:14,(anonymous_3)
FN:21,(anonymous_4)
FN:32,(anonymous_5)
FNF:6
FNH:6
FNDA:126,useSearchBarAnalytics
FNDA:334,(anonymous_1)
FNDA:334,(anonymous_2)
FNDA:1,(anonymous_3)
FNDA:1,(anonymous_4)
FNDA:5,(anonymous_5)
DA:10,126
DA:11,334
DA:12,334
DA:14,126
DA:15,1
DA:21,126
DA:22,1
DA:23,0
DA:24,0
DA:26,1
DA:32,126
DA:36,5
DA:37,3
DA:39,2
DA:43,126
LF:15
LH:13
BRDA:17,0,0,1
BRDA:17,0,1,0
BRDA:22,1,0,0
BRDA:22,1,1,1
BRDA:36,2,0,3
BRDA:36,2,1,2
BRDA:39,3,0,1
BRDA:39,3,1,1
BRDA:40,4,0,1
BRDA:40,4,1,0
BRF:10
BRH:7
end_of_record
TN:
SF:src/hooks/useSearchWithNearMeHandling.ts
FN:24,useSearchWithNearMeHandling
FN:35,executeQuery
FNF:2
FNH:2
FNDA:126,useSearchWithNearMeHandling
FNDA:14,executeQuery
DA:32,126
DA:33,126
DA:36,14
DA:37,14
DA:38,13
DA:39,11
DA:41,13
DA:42,13
DA:43,13
DA:45,14
DA:46,14
DA:47,14
DA:51,126
LF:13
LH:13
BRDA:37,0,0,13
BRDA:37,0,1,1
BRDA:38,1,0,11
BRDA:38,1,1,2
BRDA:42,2,0,13
BRDA:42,2,1,0
BRDA:45,3,0,14
BRDA:45,3,1,14
BRDA:46,4,0,14
BRDA:46,4,1,3
BRDA:47,5,0,1
BRDA:47,5,1,13
BRF:12
BRH:11
end_of_record
TN:
SF:src/hooks/useStateUpdatedOnSearch.ts
FN:7,useStateUpdatedOnSearch
FN:10,(anonymous_1)
FNF:2
FNH:2
FNDA:19,useStateUpdatedOnSearch
FNDA:23,(anonymous_1)
DA:10,23
DA:11,19
DA:12,19
DA:13,19
DA:14,19
DA:15,1
DA:17,19
DA:19,19
LF:8
LH:8
BRDA:14,0,0,1
BRDA:14,0,1,18
BRDA:14,1,0,19
BRDA:14,1,1,18
BRF:4
BRH:4
end_of_record
TN:
SF:src/hooks/useSynchronizedRequest.tsx
FN:14,useSynchronizedRequest
FN:27,executeSynchronizedRequest
FN:29,(anonymous_2)
FN:51,clearResponseData
FNF:4
FNH:4
FNDA:152,useSynchronizedRequest
FNDA:81,executeSynchronizedRequest
FNDA:81,(anonymous_2)
FNDA:13,clearResponseData
DA:23,152
DA:24,152
DA:25,152
DA:28,81
DA:29,81
DA:30,81
DA:31,81
DA:32,81
DA:34,0
DA:36,81
DA:41,81
DA:42,0
DA:44,81
DA:45,81
DA:47,81
DA:52,13
DA:55,152
LF:17
LH:15
BRDA:34,0,0,0
BRDA:34,0,1,0
BRDA:36,1,0,81
BRDA:36,1,1,0
BRDA:41,2,0,0
BRDA:41,2,1,81
BRF:6
BRH:2
end_of_record
TN:
SF:src/icons/ChevronIcon.tsx
FN:1,ChevronIcon
FNF:1
FNH:1
FNDA:34,ChevronIcon
DA:2,34
LF:1
LH:1
BRF:0
BRH:0
end_of_record
TN:
SF:src/icons/CloseIcon.tsx
FN:1,CloseIcon
FNF:1
FNH:1
FNDA:88,CloseIcon
DA:2,88
LF:1
LH:1
BRF:0
BRH:0
end_of_record
TN:
SF:src/icons/CollectionIcon.tsx
FN:1,CollectionIcon
FNF:1
FNH:1
FNDA:10,CollectionIcon
DA:2,10
LF:1
LH:1
BRF:0
BRH:0
end_of_record
TN:
SF:src/icons/HistoryIcon.tsx
FN:1,HistoryIcon
FNF:1
FNH:1
FNDA:12,HistoryIcon
DA:2,12
LF:1
LH:1
BRF:0
BRH:0
end_of_record
TN:
SF:src/icons/InvalidIcon.tsx
FN:1,InvalidIcon
FNF:1
FNH:0
FNDA:0,InvalidIcon
DA:2,0
LF:1
LH:0
BRF:0
BRH:0
end_of_record
TN:
SF:src/icons/LoadingIndicator.tsx
FN:1,LoadingIndicator
FNF:1
FNH:1
FNDA:2,LoadingIndicator
DA:2,2
LF:1
LH:1
BRF:0
BRH:0
end_of_record
TN:
SF:src/icons/MagnifyingGlassIcon.tsx
FN:1,MagnifyingGlassIcon
FNF:1
FNH:1
FNDA:147,MagnifyingGlassIcon
DA:2,147
LF:1
LH:1
BRF:0
BRH:0
end_of_record
TN:
SF:src/icons/StarIcon.tsx
FN:1,StarIcon
FNF:1
FNH:0
FNDA:0,StarIcon
DA:2,0
LF:1
LH:0
BRF:0
BRH:0
end_of_record
TN:
SF:src/icons/ThumbIcon.tsx
FN:1,ThumbIcon
FNF:1
FNH:1
FNDA:24,ThumbIcon
DA:2,24
LF:1
LH:1
BRF:0
BRH:0
end_of_record
TN:
SF:src/icons/VerticalDividerIcon.tsx
FN:1,VerticalDividerIcon
FNF:1
FNH:1
FNDA:49,VerticalDividerIcon
DA:2,49
LF:1
LH:1
BRF:0
BRH:0
end_of_record
TN:
SF:src/icons/YextIcon.tsx
FN:1,YextIcon
FNF:1
FNH:1
FNDA:112,YextIcon
DA:2,112
LF:1
LH:1
BRF:0
BRH:0
end_of_record
TN:
SF:src/models/NumberRangeFilter.ts
FN:9,isNumberRangeFilter
FNF:1
FNH:1
FNDA:11,isNumberRangeFilter
DA:10,11
DA:11,11
LF:2
LH:2
BRDA:9,0,0,0
BRDA:11,1,0,11
BRDA:11,1,1,6
BRF:3
BRH:2
end_of_record
TN:
SF:src/models/StandardCardData.ts
FN:41,isCtaData
FN:46,(anonymous_1)
FNF:2
FNH:0
FNDA:0,isCtaData
FNDA:0,(anonymous_1)
DA:42,0
DA:43,0
DA:45,0
DA:46,0
DA:47,0
LF:5
LH:0
BRDA:42,0,0,0
BRDA:42,0,1,0
BRDA:42,1,0,0
BRDA:42,1,1,0
BRF:4
BRH:0
end_of_record
TN:
SF:src/models/cardComponent.ts
FNF:0
FNH:0
LF:0
LH:0
BRF:0
BRH:0
end_of_record
TN:
SF:src/models/groupedFilters.ts
FNF:0
FNH:0
LF:0
LH:0
BRF:0
BRH:0
end_of_record
TN:
SF:src/models/index.ts
FNF:0
FNH:0
LF:0
LH:0
BRF:0
BRH:0
end_of_record
TN:
SF:src/models/sectionComponent.ts
FNF:0
FNH:0
LF:0
LH:0
BRF:0
BRH:0
end_of_record
TN:
SF:src/models/universalLink.ts
FNF:0
FNH:0
LF:0
LH:0
BRF:0
BRH:0
end_of_record
TN:
SF:src/models/verticalConfig.ts
FNF:0
FNH:0
LF:0
LH:0
BRF:0
BRH:0
end_of_record
TN:
SF:src/models/verticalLink.ts
FN:13,(anonymous_0)
FNF:1
FNH:1
FNDA:1,(anonymous_0)
DA:13,5
DA:14,1
LF:2
LH:2
BRDA:14,0,0,1
BRDA:14,0,1,1
BRDA:14,0,2,1
BRF:3
BRH:3
end_of_record
TN:
SF:src/utils/appliedfilterutils.tsx
FN:14,pruneNlpFilters
FN:19,(anonymous_1)
FN:20,(anonymous_2)
FN:32,filterHiddenFields
FN:34,(anonymous_4)
FN:43,pruneAppliedFilters
FN:50,(anonymous_6)
FN:53,(anonymous_7)
FN:57,(anonymous_8)
FN:58,(anonymous_9)
FN:59,(anonymous_10)
FN:82,isDescendantHierarchicalFacet
FN:99,(anonymous_12)
FNF:13
FNH:13
FNDA:13,pruneNlpFilters
FNDA:13,(anonymous_1)
FNDA:23,(anonymous_2)
FNDA:52,filterHiddenFields
FNDA:61,(anonymous_4)
FNDA:13,pruneAppliedFilters
FNDA:24,(anonymous_6)
FNDA:8,(anonymous_7)
FNDA:29,(anonymous_8)
FNDA:29,(anonymous_9)
FNDA:41,(anonymous_10)
FNDA:47,isDescendantHierarchicalFacet
FNDA:47,(anonymous_12)
DA:19,13
DA:20,13
DA:21,23
DA:23,13
DA:25,13
DA:34,52
DA:35,61
DA:50,24
DA:52,13
DA:53,8
DA:55,13
DA:57,29
DA:58,13
DA:59,29
DA:60,41
DA:61,29
DA:63,13
DA:65,13
DA:66,13
DA:67,13
DA:68,13
DA:74,13
DA:90,47
DA:91,47
DA:93,47
DA:95,47
DA:96,27
DA:99,47
DA:100,20
DA:101,9
DA:106,11
DA:107,11
DA:108,0
DA:111,11
LF:34
LH:33
BRDA:50,0,0,13
BRDA:50,0,1,5
BRDA:52,1,0,13
BRDA:52,1,1,0
BRDA:56,2,0,13
BRDA:56,2,1,0
BRDA:57,3,0,13
BRDA:57,3,1,0
BRDA:61,4,0,29
BRDA:61,4,1,20
BRDA:95,5,0,27
BRDA:95,5,1,20
BRDA:100,6,0,9
BRDA:100,6,1,11
BRDA:107,7,0,0
BRDA:107,7,1,11
BRF:16
BRH:12
end_of_record
TN:
SF:src/utils/arrayutils.tsx
FN:15,mapArrayToObject
FN:17,(anonymous_1)
FN:18,(anonymous_2)
FN:21,(anonymous_3)
FNF:4
FNH:0
FNDA:0,mapArrayToObject
FNDA:0,(anonymous_1)
FNDA:0,(anonymous_2)
FNDA:0,(anonymous_3)
DA:17,0
DA:18,0
DA:21,0
DA:22,0
DA:23,0
DA:24,0
DA:25,0
DA:27,0
DA:29,0
LF:9
LH:0
BRDA:17,0,0,0
BRDA:18,1,0,0
BRDA:19,2,0,0
BRDA:24,3,0,0
BRDA:24,3,1,0
BRF:5
BRH:0
end_of_record
TN:
SF:src/utils/displayablefilterutils.tsx
FN:12,getDisplayableFacets
FN:16,(anonymous_1)
FN:16,(anonymous_2)
FN:17,(anonymous_3)
FN:23,getDisplayableHierarchicalFacets
FN:28,(anonymous_5)
FN:28,(anonymous_6)
FN:29,(anonymous_7)
FN:33,(anonymous_8)
FN:39,(anonymous_9)
FN:40,(anonymous_10)
FN:52,convertFacetOption
FN:65,getDisplayableNlpFilters
FN:66,(anonymous_13)
FNF:14
FNH:14
FNDA:13,getDisplayableFacets
FNDA:15,(anonymous_1)
FNDA:8,(anonymous_2)
FNDA:8,(anonymous_3)
FNDA:13,getDisplayableHierarchicalFacets
FNDA:15,(anonymous_5)
FNDA:7,(anonymous_6)
FNDA:43,(anonymous_7)
FNDA:29,(anonymous_8)
FNDA:29,(anonymous_9)
FNDA:57,(anonymous_10)
FNDA:37,convertFacetOption
FNDA:13,getDisplayableNlpFilters
FNDA:13,(anonymous_13)
DA:16,15
DA:17,8
DA:18,8
DA:28,15
DA:29,7
DA:30,43
DA:33,7
DA:34,29
DA:35,0
DA:36,0
DA:38,29
DA:40,57
DA:41,29
DA:48,7
DA:53,37
DA:66,13
DA:67,13
LF:17
LH:15
BRDA:34,0,0,0
BRDA:34,0,1,29
BRF:2
BRH:1
end_of_record
TN:
SF:src/utils/filterutils.tsx
FN:9,isNearFilterValue
FN:16,isNumberRangeValue
FN:23,isDuplicateFilter
FN:43,findSelectableFilter
FN:47,(anonymous_4)
FN:56,parseNumberRangeInput
FN:79,parseNumber
FN:90,clearStaticRangeFilters
FN:91,(anonymous_8)
FN:94,(anonymous_9)
FNF:10
FNH:8
FNDA:1,isNearFilterValue
FNDA:8,isNumberRangeValue
FNDA:197,isDuplicateFilter
FNDA:100,findSelectableFilter
FNDA:174,(anonymous_4)
FNDA:8,parseNumberRangeInput
FNDA:16,parseNumber
FNDA:26,clearStaticRangeFilters
FNDA:0,(anonymous_8)
FNDA:0,(anonymous_9)
DA:10,1
DA:17,8
DA:24,197
DA:25,47
DA:27,150
DA:28,0
DA:30,150
DA:31,90
DA:33,60
DA:47,100
DA:48,174
DA:49,174
DA:57,8
DA:58,8
DA:60,8
DA:80,16
DA:81,16
DA:82,13
DA:84,3
DA:91,26
DA:92,0
DA:94,26
DA:95,0
LF:23
LH:20
BRDA:10,0,0,1
BRDA:10,0,1,0
BRDA:10,0,2,0
BRDA:10,0,3,0
BRDA:10,0,4,0
BRDA:17,1,0,8
BRDA:17,1,1,8
BRDA:17,1,2,8
BRDA:17,1,3,0
BRDA:24,2,0,47
BRDA:24,2,1,150
BRDA:27,3,0,0
BRDA:27,3,1,150
BRDA:30,4,0,90
BRDA:30,4,1,60
BRDA:61,5,0,8
BRDA:61,5,1,2
BRDA:67,6,0,8
BRDA:67,6,1,1
BRDA:81,7,0,13
BRDA:81,7,1,3
BRDA:92,8,0,0
BRDA:92,8,1,0
BRF:23
BRH:15
end_of_record
TN:
SF:src/utils/index.ts
FNF:0
FNH:0
LF:0
LH:0
BRF:0
BRH:0
end_of_record
TN:
SF:src/utils/location-operations.ts
FN:18,updateLocationIfNeeded
FN:41,getUserLocation
FN:42,(anonymous_2)
FN:45,(anonymous_3)
FN:46,(anonymous_4)
FNF:5
FNH:4
FNDA:13,updateLocationIfNeeded
FNDA:1,getUserLocation
FNDA:1,(anonymous_2)
FNDA:1,(anonymous_3)
FNDA:0,(anonymous_4)
DA:6,8
DA:23,13
DA:24,1
DA:25,1
DA:26,1
DA:31,0
DA:42,1
DA:43,1
DA:44,1
DA:45,1
DA:47,0
DA:48,0
DA:53,0
LF:13
LH:9
BRDA:23,0,0,1
BRDA:23,0,1,12
BRDA:23,1,0,13
BRDA:23,1,1,1
BRDA:43,2,0,1
BRDA:43,2,1,0
BRF:6
BRH:5
end_of_record
TN:
SF:src/utils/search-operations.ts
FN:13,executeSearch
FN:29,executeAutocomplete
FN:47,getSearchIntents
FNF:3
FNH:2
FNDA:35,executeSearch
FNDA:77,executeAutocomplete
FNDA:0,getSearchIntents
DA:14,35
DA:15,35
DA:16,35
DA:20,0
DA:32,77
DA:33,77
DA:34,77
DA:38,0
DA:50,0
DA:51,0
LF:10
LH:6
BRDA:16,0,0,22
BRDA:16,0,1,13
BRDA:20,1,0,0
BRDA:20,1,1,0
BRDA:34,2,0,1
BRDA:34,2,1,76
BRDA:38,3,0,0
BRDA:38,3,1,0
BRF:8
BRH:4
end_of_record
